<?xml version="1.0" encoding="utf-8"?>
<RelativeLayout xmlns:android="http://schemas.android.com/apk/res/android" android:layout_width="match_parent" android:layout_height="match_parent" android:keepScreenOn="true">
    <com.ssomai.android.scalablelayout.ScalableLayout android:id="@+id/test_pdf_adult_bls_layout" android:background="@drawable/bg_adult_bls" android:layout_width="match_parent" android:layout_height="match_parent" android:layout_centerInParent="true" xmlns:ns1="http://schemas.android.com/apk/res-auto" ns1:scale_base_height="2970" xmlns:ns2="http://schemas.android.com/apk/res-auto" ns2:scale_base_width="2100">
        <TextView android:textColor="@color/black" android:gravity="center" android:id="@+id/test_pdf_adult_bls_student_name_txt" android:layout_width="wrap_content" android:layout_height="wrap_content" android:text="강래성" xmlns:ns3="http://schemas.android.com/apk/res-auto" ns3:scale_height="60" xmlns:ns4="http://schemas.android.com/apk/res-auto" ns4:scale_left="360" xmlns:ns5="http://schemas.android.com/apk/res-auto" ns5:scale_textsize="40" xmlns:ns6="http://schemas.android.com/apk/res-auto" ns6:scale_top="285" xmlns:ns7="http://schemas.android.com/apk/res-auto" ns7:scale_width="610"/>
        <TextView android:textColor="@color/black" android:gravity="center" android:id="@+id/test_pdf_adult_bls_student_date_txt" android:layout_width="wrap_content" android:layout_height="wrap_content" android:text="2017/07/14" xmlns:ns8="http://schemas.android.com/apk/res-auto" ns8:scale_height="60" xmlns:ns9="http://schemas.android.com/apk/res-auto" ns9:scale_left="1265" xmlns:ns10="http://schemas.android.com/apk/res-auto" ns10:scale_textsize="40" xmlns:ns11="http://schemas.android.com/apk/res-auto" ns11:scale_top="285" xmlns:ns12="http://schemas.android.com/apk/res-auto" ns12:scale_width="550"/>
        <ImageView android:id="@+id/test_pdf_adult_bls_part1_item1" android:layout_width="wrap_content" android:layout_height="wrap_content" android:src="@drawable/img_test_pdf_check_small" xmlns:ns13="http://schemas.android.com/apk/res-auto" ns13:scale_height="34" xmlns:ns14="http://schemas.android.com/apk/res-auto" ns14:scale_left="173" xmlns:ns15="http://schemas.android.com/apk/res-auto" ns15:scale_top="756" xmlns:ns16="http://schemas.android.com/apk/res-auto" ns16:scale_width="39"/>
        <ImageView android:id="@+id/test_pdf_adult_bls_part1_item2" android:layout_width="wrap_content" android:layout_height="wrap_content" android:src="@drawable/img_test_pdf_check_small" xmlns:ns17="http://schemas.android.com/apk/res-auto" ns17:scale_height="34" xmlns:ns18="http://schemas.android.com/apk/res-auto" ns18:scale_left="517" xmlns:ns19="http://schemas.android.com/apk/res-auto" ns19:scale_top="756" xmlns:ns20="http://schemas.android.com/apk/res-auto" ns20:scale_width="39"/>
        <ImageView android:id="@+id/test_pdf_adult_bls_part1_item3" android:layout_width="wrap_content" android:layout_height="wrap_content" android:src="@drawable/img_test_pdf_check_small" xmlns:ns21="http://schemas.android.com/apk/res-auto" ns21:scale_height="34" xmlns:ns22="http://schemas.android.com/apk/res-auto" ns22:scale_left="173" xmlns:ns23="http://schemas.android.com/apk/res-auto" ns23:scale_top="814" xmlns:ns24="http://schemas.android.com/apk/res-auto" ns24:scale_width="39"/>
        <ImageView android:id="@+id/test_pdf_adult_bls_part1_item4" android:layout_width="wrap_content" android:layout_height="wrap_content" android:src="@drawable/img_test_pdf_check_small" xmlns:ns25="http://schemas.android.com/apk/res-auto" ns25:scale_height="34" xmlns:ns26="http://schemas.android.com/apk/res-auto" ns26:scale_left="517" xmlns:ns27="http://schemas.android.com/apk/res-auto" ns27:scale_top="814" xmlns:ns28="http://schemas.android.com/apk/res-auto" ns28:scale_width="39"/>
        <ImageView android:id="@+id/test_pdf_adult_bls_part2_item1" android:layout_width="wrap_content" android:layout_height="wrap_content" android:src="@drawable/img_test_pdf_check_small" xmlns:ns29="http://schemas.android.com/apk/res-auto" ns29:scale_height="34" xmlns:ns30="http://schemas.android.com/apk/res-auto" ns30:scale_left="185" xmlns:ns31="http://schemas.android.com/apk/res-auto" ns31:scale_top="1175" xmlns:ns32="http://schemas.android.com/apk/res-auto" ns32:scale_width="39"/>
        <ImageView android:id="@+id/test_pdf_adult_bls_part2_item2" android:layout_width="wrap_content" android:layout_height="wrap_content" android:src="@drawable/img_test_pdf_check_small" xmlns:ns33="http://schemas.android.com/apk/res-auto" ns33:scale_height="34" xmlns:ns34="http://schemas.android.com/apk/res-auto" ns34:scale_left="1134" xmlns:ns35="http://schemas.android.com/apk/res-auto" ns35:scale_top="1170" xmlns:ns36="http://schemas.android.com/apk/res-auto" ns36:scale_width="39"/>
        <ImageView android:id="@+id/test_pdf_adult_bls_part2_item3" android:layout_width="wrap_content" android:layout_height="wrap_content" android:src="@drawable/img_test_pdf_check_small" xmlns:ns37="http://schemas.android.com/apk/res-auto" ns37:scale_height="34" xmlns:ns38="http://schemas.android.com/apk/res-auto" ns38:scale_left="173" xmlns:ns39="http://schemas.android.com/apk/res-auto" ns39:scale_top="1632" xmlns:ns40="http://schemas.android.com/apk/res-auto" ns40:scale_width="39"/>
        <ImageView android:id="@+id/test_pdf_adult_bls_part2_item4" android:layout_width="wrap_content" android:layout_height="wrap_content" android:src="@drawable/img_test_pdf_check_small" xmlns:ns41="http://schemas.android.com/apk/res-auto" ns41:scale_height="34" xmlns:ns42="http://schemas.android.com/apk/res-auto" ns42:scale_left="422" xmlns:ns43="http://schemas.android.com/apk/res-auto" ns43:scale_top="1632" xmlns:ns44="http://schemas.android.com/apk/res-auto" ns44:scale_width="39"/>
        <ImageView android:id="@+id/test_pdf_adult_bls_part2_item5" android:layout_width="wrap_content" android:layout_height="wrap_content" android:src="@drawable/img_test_pdf_check_small" xmlns:ns45="http://schemas.android.com/apk/res-auto" ns45:scale_height="34" xmlns:ns46="http://schemas.android.com/apk/res-auto" ns46:scale_left="654" xmlns:ns47="http://schemas.android.com/apk/res-auto" ns47:scale_top="1632" xmlns:ns48="http://schemas.android.com/apk/res-auto" ns48:scale_width="39"/>
        <ImageView android:id="@+id/test_pdf_adult_bls_part3_item1" android:layout_width="wrap_content" android:layout_height="wrap_content" android:src="@drawable/img_test_pdf_check_small" xmlns:ns49="http://schemas.android.com/apk/res-auto" ns49:scale_height="34" xmlns:ns50="http://schemas.android.com/apk/res-auto" ns50:scale_left="175" xmlns:ns51="http://schemas.android.com/apk/res-auto" ns51:scale_top="1885" xmlns:ns52="http://schemas.android.com/apk/res-auto" ns52:scale_width="39"/>
        <ImageView android:id="@+id/test_pdf_adult_bls_part3_item2" android:layout_width="wrap_content" android:layout_height="wrap_content" android:src="@drawable/img_test_pdf_check_small" xmlns:ns53="http://schemas.android.com/apk/res-auto" ns53:scale_height="34" xmlns:ns54="http://schemas.android.com/apk/res-auto" ns54:scale_left="789" xmlns:ns55="http://schemas.android.com/apk/res-auto" ns55:scale_top="1885" xmlns:ns56="http://schemas.android.com/apk/res-auto" ns56:scale_width="39"/>
        <ImageView android:id="@+id/test_pdf_adult_bls_part3_item3" android:layout_width="wrap_content" android:layout_height="wrap_content" android:src="@drawable/img_test_pdf_check_small" xmlns:ns57="http://schemas.android.com/apk/res-auto" ns57:scale_height="34" xmlns:ns58="http://schemas.android.com/apk/res-auto" ns58:scale_left="1291" xmlns:ns59="http://schemas.android.com/apk/res-auto" ns59:scale_top="1885" xmlns:ns60="http://schemas.android.com/apk/res-auto" ns60:scale_width="39"/>
        <ImageView android:id="@+id/test_pdf_adult_bls_part3_item4" android:layout_width="wrap_content" android:layout_height="wrap_content" android:src="@drawable/img_test_pdf_check_small" xmlns:ns61="http://schemas.android.com/apk/res-auto" ns61:scale_height="34" xmlns:ns62="http://schemas.android.com/apk/res-auto" ns62:scale_left="175" xmlns:ns63="http://schemas.android.com/apk/res-auto" ns63:scale_top="1944" xmlns:ns64="http://schemas.android.com/apk/res-auto" ns64:scale_width="39"/>
        <ImageView android:id="@+id/test_pdf_adult_bls_part3_item5" android:layout_width="wrap_content" android:layout_height="wrap_content" android:src="@drawable/img_test_pdf_check_small" xmlns:ns65="http://schemas.android.com/apk/res-auto" ns65:scale_height="34" xmlns:ns66="http://schemas.android.com/apk/res-auto" ns66:scale_left="1059" xmlns:ns67="http://schemas.android.com/apk/res-auto" ns67:scale_top="1944" xmlns:ns68="http://schemas.android.com/apk/res-auto" ns68:scale_width="39"/>
        <ImageView android:id="@+id/test_pdf_adult_bls_part4_item1" android:layout_width="wrap_content" android:layout_height="wrap_content" android:src="@drawable/img_test_pdf_check_small" xmlns:ns69="http://schemas.android.com/apk/res-auto" ns69:scale_height="34" xmlns:ns70="http://schemas.android.com/apk/res-auto" ns70:scale_left="177" xmlns:ns71="http://schemas.android.com/apk/res-auto" ns71:scale_top="2123" xmlns:ns72="http://schemas.android.com/apk/res-auto" ns72:scale_width="39"/>
        <ImageView android:id="@+id/test_pdf_adult_bls_pass_check" android:layout_width="wrap_content" android:layout_height="wrap_content" android:src="@drawable/img_test_pdf_check_circle" xmlns:ns73="http://schemas.android.com/apk/res-auto" ns73:scale_height="125" xmlns:ns74="http://schemas.android.com/apk/res-auto" ns74:scale_left="1495" xmlns:ns75="http://schemas.android.com/apk/res-auto" ns75:scale_top="2617" xmlns:ns76="http://schemas.android.com/apk/res-auto" ns76:scale_width="154"/>
        <ImageView android:id="@+id/test_pdf_adult_bls_nr_check" android:layout_width="wrap_content" android:layout_height="wrap_content" android:src="@drawable/img_test_pdf_check_circle" xmlns:ns77="http://schemas.android.com/apk/res-auto" ns77:scale_height="125" xmlns:ns78="http://schemas.android.com/apk/res-auto" ns78:scale_left="1725" xmlns:ns79="http://schemas.android.com/apk/res-auto" ns79:scale_top="2617" xmlns:ns80="http://schemas.android.com/apk/res-auto" ns80:scale_width="154"/>
        <TextView android:textColor="@color/black" android:gravity="center" android:id="@+id/test_pdf_adult_bls_instructor_name_txt" android:layout_width="wrap_content" android:layout_height="wrap_content" android:text="박신후" xmlns:ns81="http://schemas.android.com/apk/res-auto" ns81:scale_height="60" xmlns:ns82="http://schemas.android.com/apk/res-auto" ns82:scale_left="535" xmlns:ns83="http://schemas.android.com/apk/res-auto" ns83:scale_textsize="40" xmlns:ns84="http://schemas.android.com/apk/res-auto" ns84:scale_top="2710" xmlns:ns85="http://schemas.android.com/apk/res-auto" ns85:scale_width="380"/>
        <TextView android:textColor="@color/black" android:gravity="center" android:id="@+id/test_pdf_adult_bls_instructor_date_txt" android:layout_width="wrap_content" android:layout_height="wrap_content" android:text="2017/07/14" xmlns:ns86="http://schemas.android.com/apk/res-auto" ns86:scale_height="60" xmlns:ns87="http://schemas.android.com/apk/res-auto" ns87:scale_left="1330" xmlns:ns88="http://schemas.android.com/apk/res-auto" ns88:scale_textsize="40" xmlns:ns89="http://schemas.android.com/apk/res-auto" ns89:scale_top="2710" xmlns:ns90="http://schemas.android.com/apk/res-auto" ns90:scale_width="380"/>
    </com.ssomai.android.scalablelayout.ScalableLayout>
    <com.ssomai.android.scalablelayout.ScalableLayout android:id="@+id/test_pdf_adult_lay_layout" android:background="@drawable/bg_adult_lay" android:layout_width="match_parent" android:layout_height="match_parent" android:layout_centerInParent="true" xmlns:ns91="http://schemas.android.com/apk/res-auto" ns91:scale_base_height="2970" xmlns:ns92="http://schemas.android.com/apk/res-auto" ns92:scale_base_width="2100">
        <TextView android:textColor="@color/black" android:gravity="bottom|right|center_vertical|center_horizontal|center" android:id="@+id/test_pdf_adult_lay_student_date_year_txt" android:layout_width="wrap_content" android:layout_height="wrap_content" android:text="2017" xmlns:ns93="http://schemas.android.com/apk/res-auto" ns93:scale_height="60" xmlns:ns94="http://schemas.android.com/apk/res-auto" ns94:scale_left="470" xmlns:ns95="http://schemas.android.com/apk/res-auto" ns95:scale_textsize="35" xmlns:ns96="http://schemas.android.com/apk/res-auto" ns96:scale_top="590" xmlns:ns97="http://schemas.android.com/apk/res-auto" ns97:scale_width="150"/>
        <TextView android:textColor="@color/black" android:gravity="bottom|right|center_vertical|center_horizontal|center" android:id="@+id/test_pdf_adult_lay_student_date_month_txt" android:layout_width="wrap_content" android:layout_height="wrap_content" android:text="7" xmlns:ns98="http://schemas.android.com/apk/res-auto" ns98:scale_height="60" xmlns:ns99="http://schemas.android.com/apk/res-auto" ns99:scale_left="700" xmlns:ns100="http://schemas.android.com/apk/res-auto" ns100:scale_textsize="35" xmlns:ns101="http://schemas.android.com/apk/res-auto" ns101:scale_top="590" xmlns:ns102="http://schemas.android.com/apk/res-auto" ns102:scale_width="110"/>
        <TextView android:textColor="@color/black" android:gravity="bottom|right|center_vertical|center_horizontal|center" android:id="@+id/test_pdf_adult_lay_student_date_day_txt" android:layout_width="wrap_content" android:layout_height="wrap_content" android:text="14" xmlns:ns103="http://schemas.android.com/apk/res-auto" ns103:scale_height="60" xmlns:ns104="http://schemas.android.com/apk/res-auto" ns104:scale_left="895" xmlns:ns105="http://schemas.android.com/apk/res-auto" ns105:scale_textsize="35" xmlns:ns106="http://schemas.android.com/apk/res-auto" ns106:scale_top="590" xmlns:ns107="http://schemas.android.com/apk/res-auto" ns107:scale_width="110"/>
        <TextView android:textColor="@color/black" android:gravity="center" android:id="@+id/test_pdf_adult_lay_student_name_txt" android:layout_width="wrap_content" android:layout_height="wrap_content" android:text="강래성" xmlns:ns108="http://schemas.android.com/apk/res-auto" ns108:scale_height="60" xmlns:ns109="http://schemas.android.com/apk/res-auto" ns109:scale_left="1430" xmlns:ns110="http://schemas.android.com/apk/res-auto" ns110:scale_textsize="40" xmlns:ns111="http://schemas.android.com/apk/res-auto" ns111:scale_top="590" xmlns:ns112="http://schemas.android.com/apk/res-auto" ns112:scale_width="400"/>
        <ImageView android:id="@+id/test_pdf_adult_lay_part1_item1" android:layout_width="wrap_content" android:layout_height="wrap_content" android:src="@drawable/img_test_pdf_check_big" xmlns:ns113="http://schemas.android.com/apk/res-auto" ns113:scale_height="68" xmlns:ns114="http://schemas.android.com/apk/res-auto" ns114:scale_left="1630" xmlns:ns115="http://schemas.android.com/apk/res-auto" ns115:scale_top="793" xmlns:ns116="http://schemas.android.com/apk/res-auto" ns116:scale_width="76"/>
        <ImageView android:id="@+id/test_pdf_adult_lay_part1_item2" android:layout_width="wrap_content" android:layout_height="wrap_content" android:src="@drawable/img_test_pdf_check_big" xmlns:ns117="http://schemas.android.com/apk/res-auto" ns117:scale_height="68" xmlns:ns118="http://schemas.android.com/apk/res-auto" ns118:scale_left="1630" xmlns:ns119="http://schemas.android.com/apk/res-auto" ns119:scale_top="888" xmlns:ns120="http://schemas.android.com/apk/res-auto" ns120:scale_width="76"/>
        <ImageView android:id="@+id/test_pdf_adult_lay_part1_item3" android:layout_width="wrap_content" android:layout_height="wrap_content" android:src="@drawable/img_test_pdf_check_big" xmlns:ns121="http://schemas.android.com/apk/res-auto" ns121:scale_height="68" xmlns:ns122="http://schemas.android.com/apk/res-auto" ns122:scale_left="1630" xmlns:ns123="http://schemas.android.com/apk/res-auto" ns123:scale_top="986" xmlns:ns124="http://schemas.android.com/apk/res-auto" ns124:scale_width="76"/>
        <ImageView android:id="@+id/test_pdf_adult_lay_part2_item1" android:layout_width="wrap_content" android:layout_height="wrap_content" android:src="@drawable/img_test_pdf_check_big" xmlns:ns125="http://schemas.android.com/apk/res-auto" ns125:scale_height="68" xmlns:ns126="http://schemas.android.com/apk/res-auto" ns126:scale_left="1630" xmlns:ns127="http://schemas.android.com/apk/res-auto" ns127:scale_top="1093" xmlns:ns128="http://schemas.android.com/apk/res-auto" ns128:scale_width="76"/>
        <ImageView android:id="@+id/test_pdf_adult_lay_part2_item2" android:layout_width="wrap_content" android:layout_height="wrap_content" android:src="@drawable/img_test_pdf_check_big" xmlns:ns129="http://schemas.android.com/apk/res-auto" ns129:scale_height="68" xmlns:ns130="http://schemas.android.com/apk/res-auto" ns130:scale_left="1630" xmlns:ns131="http://schemas.android.com/apk/res-auto" ns131:scale_top="1211" xmlns:ns132="http://schemas.android.com/apk/res-auto" ns132:scale_width="76"/>
        <ImageView android:id="@+id/test_pdf_adult_lay_part2_item3" android:layout_width="wrap_content" android:layout_height="wrap_content" android:src="@drawable/img_test_pdf_check_big" xmlns:ns133="http://schemas.android.com/apk/res-auto" ns133:scale_height="68" xmlns:ns134="http://schemas.android.com/apk/res-auto" ns134:scale_left="1630" xmlns:ns135="http://schemas.android.com/apk/res-auto" ns135:scale_top="1328" xmlns:ns136="http://schemas.android.com/apk/res-auto" ns136:scale_width="76"/>
        <ImageView android:id="@+id/test_pdf_adult_lay_part2_item4" android:layout_width="wrap_content" android:layout_height="wrap_content" android:src="@drawable/img_test_pdf_check_big" xmlns:ns137="http://schemas.android.com/apk/res-auto" ns137:scale_height="68" xmlns:ns138="http://schemas.android.com/apk/res-auto" ns138:scale_left="1630" xmlns:ns139="http://schemas.android.com/apk/res-auto" ns139:scale_top="1446" xmlns:ns140="http://schemas.android.com/apk/res-auto" ns140:scale_width="76"/>
        <ImageView android:id="@+id/test_pdf_adult_lay_part2_item5" android:layout_width="wrap_content" android:layout_height="wrap_content" android:src="@drawable/img_test_pdf_check_big" xmlns:ns141="http://schemas.android.com/apk/res-auto" ns141:scale_height="68" xmlns:ns142="http://schemas.android.com/apk/res-auto" ns142:scale_left="1630" xmlns:ns143="http://schemas.android.com/apk/res-auto" ns143:scale_top="1564" xmlns:ns144="http://schemas.android.com/apk/res-auto" ns144:scale_width="76"/>
        <ImageView android:id="@+id/test_pdf_adult_lay_part2_item6" android:layout_width="wrap_content" android:layout_height="wrap_content" android:src="@drawable/img_test_pdf_check_big" xmlns:ns145="http://schemas.android.com/apk/res-auto" ns145:scale_height="68" xmlns:ns146="http://schemas.android.com/apk/res-auto" ns146:scale_left="1630" xmlns:ns147="http://schemas.android.com/apk/res-auto" ns147:scale_top="1681" xmlns:ns148="http://schemas.android.com/apk/res-auto" ns148:scale_width="76"/>
        <ImageView android:id="@+id/test_pdf_adult_lay_part3_item1" android:layout_width="wrap_content" android:layout_height="wrap_content" android:src="@drawable/img_test_pdf_check_big" xmlns:ns149="http://schemas.android.com/apk/res-auto" ns149:scale_height="68" xmlns:ns150="http://schemas.android.com/apk/res-auto" ns150:scale_left="1630" xmlns:ns151="http://schemas.android.com/apk/res-auto" ns151:scale_top="1798" xmlns:ns152="http://schemas.android.com/apk/res-auto" ns152:scale_width="76"/>
        <ImageView android:id="@+id/test_pdf_adult_lay_part3_item2" android:layout_width="wrap_content" android:layout_height="wrap_content" android:src="@drawable/img_test_pdf_check_big" xmlns:ns153="http://schemas.android.com/apk/res-auto" ns153:scale_height="68" xmlns:ns154="http://schemas.android.com/apk/res-auto" ns154:scale_left="1630" xmlns:ns155="http://schemas.android.com/apk/res-auto" ns155:scale_top="1904" xmlns:ns156="http://schemas.android.com/apk/res-auto" ns156:scale_width="76"/>
        <ImageView android:id="@+id/test_pdf_adult_lay_part3_item3" android:layout_width="wrap_content" android:layout_height="wrap_content" android:src="@drawable/img_test_pdf_check_big" xmlns:ns157="http://schemas.android.com/apk/res-auto" ns157:scale_height="68" xmlns:ns158="http://schemas.android.com/apk/res-auto" ns158:scale_left="1630" xmlns:ns159="http://schemas.android.com/apk/res-auto" ns159:scale_top="2012" xmlns:ns160="http://schemas.android.com/apk/res-auto" ns160:scale_width="76"/>
        <ImageView android:id="@+id/test_pdf_adult_lay_part3_item4" android:layout_width="wrap_content" android:layout_height="wrap_content" android:src="@drawable/img_test_pdf_check_big" xmlns:ns161="http://schemas.android.com/apk/res-auto" ns161:scale_height="68" xmlns:ns162="http://schemas.android.com/apk/res-auto" ns162:scale_left="1630" xmlns:ns163="http://schemas.android.com/apk/res-auto" ns163:scale_top="2130" xmlns:ns164="http://schemas.android.com/apk/res-auto" ns164:scale_width="76"/>
        <ImageView android:id="@+id/test_pdf_adult_lay_part3_item5" android:layout_width="wrap_content" android:layout_height="wrap_content" android:src="@drawable/img_test_pdf_check_big" xmlns:ns165="http://schemas.android.com/apk/res-auto" ns165:scale_height="68" xmlns:ns166="http://schemas.android.com/apk/res-auto" ns166:scale_left="1630" xmlns:ns167="http://schemas.android.com/apk/res-auto" ns167:scale_top="2235" xmlns:ns168="http://schemas.android.com/apk/res-auto" ns168:scale_width="76"/>
        <ImageView android:id="@+id/test_pdf_adult_lay_part3_item6" android:layout_width="wrap_content" android:layout_height="wrap_content" android:src="@drawable/img_test_pdf_check_big" xmlns:ns169="http://schemas.android.com/apk/res-auto" ns169:scale_height="68" xmlns:ns170="http://schemas.android.com/apk/res-auto" ns170:scale_left="1630" xmlns:ns171="http://schemas.android.com/apk/res-auto" ns171:scale_top="2343" xmlns:ns172="http://schemas.android.com/apk/res-auto" ns172:scale_width="76"/>
        <ImageView android:id="@+id/test_pdf_adult_lay_part4_item1" android:layout_width="wrap_content" android:layout_height="wrap_content" android:src="@drawable/img_test_pdf_check_big" xmlns:ns173="http://schemas.android.com/apk/res-auto" ns173:scale_height="68" xmlns:ns174="http://schemas.android.com/apk/res-auto" ns174:scale_left="1630" xmlns:ns175="http://schemas.android.com/apk/res-auto" ns175:scale_top="2449" xmlns:ns176="http://schemas.android.com/apk/res-auto" ns176:scale_width="76"/>
        <ImageView android:id="@+id/test_pdf_adult_lay_pass_check" android:layout_width="wrap_content" android:layout_height="wrap_content" android:src="@drawable/img_test_pdf_check_circle" xmlns:ns177="http://schemas.android.com/apk/res-auto" ns177:scale_height="125" xmlns:ns178="http://schemas.android.com/apk/res-auto" ns178:scale_left="520" xmlns:ns179="http://schemas.android.com/apk/res-auto" ns179:scale_top="2523" xmlns:ns180="http://schemas.android.com/apk/res-auto" ns180:scale_width="154"/>
        <ImageView android:id="@+id/test_pdf_adult_lay_nr_check" android:layout_width="wrap_content" android:layout_height="wrap_content" android:src="@drawable/img_test_pdf_check_circle" xmlns:ns181="http://schemas.android.com/apk/res-auto" ns181:scale_height="125" xmlns:ns182="http://schemas.android.com/apk/res-auto" ns182:scale_left="778" xmlns:ns183="http://schemas.android.com/apk/res-auto" ns183:scale_top="2523" xmlns:ns184="http://schemas.android.com/apk/res-auto" ns184:scale_width="154"/>
        <TextView android:textColor="@color/black" android:gravity="center" android:id="@+id/test_pdf_adult_lay_instructor_name_txt" android:layout_width="wrap_content" android:layout_height="wrap_content" android:text="박신후" xmlns:ns185="http://schemas.android.com/apk/res-auto" ns185:scale_height="60" xmlns:ns186="http://schemas.android.com/apk/res-auto" ns186:scale_left="1370" xmlns:ns187="http://schemas.android.com/apk/res-auto" ns187:scale_textsize="40" xmlns:ns188="http://schemas.android.com/apk/res-auto" ns188:scale_top="2545" xmlns:ns189="http://schemas.android.com/apk/res-auto" ns189:scale_width="445"/>
    </com.ssomai.android.scalablelayout.ScalableLayout>
    <com.ssomai.android.scalablelayout.ScalableLayout android:id="@+id/test_pdf_infant_bls_layout" android:background="@drawable/bg_infant_bls" android:layout_width="match_parent" android:layout_height="match_parent" android:layout_centerInParent="true" xmlns:ns190="http://schemas.android.com/apk/res-auto" ns190:scale_base_height="2970" xmlns:ns191="http://schemas.android.com/apk/res-auto" ns191:scale_base_width="2100">
        <TextView android:textColor="@color/black" android:gravity="center" android:id="@+id/test_pdf_infant_bls_student_name_txt" android:layout_width="wrap_content" android:layout_height="wrap_content" android:text="강래성" xmlns:ns192="http://schemas.android.com/apk/res-auto" ns192:scale_height="60" xmlns:ns193="http://schemas.android.com/apk/res-auto" ns193:scale_left="360" xmlns:ns194="http://schemas.android.com/apk/res-auto" ns194:scale_textsize="40" xmlns:ns195="http://schemas.android.com/apk/res-auto" ns195:scale_top="265" xmlns:ns196="http://schemas.android.com/apk/res-auto" ns196:scale_width="610"/>
        <TextView android:textColor="@color/black" android:gravity="center" android:id="@+id/test_pdf_infant_bls_student_date_txt" android:layout_width="wrap_content" android:layout_height="wrap_content" android:text="2017/07/14" xmlns:ns197="http://schemas.android.com/apk/res-auto" ns197:scale_height="60" xmlns:ns198="http://schemas.android.com/apk/res-auto" ns198:scale_left="1265" xmlns:ns199="http://schemas.android.com/apk/res-auto" ns199:scale_textsize="40" xmlns:ns200="http://schemas.android.com/apk/res-auto" ns200:scale_top="265" xmlns:ns201="http://schemas.android.com/apk/res-auto" ns201:scale_width="550"/>
        <ImageView android:id="@+id/test_pdf_infant_bls_part1_item1" android:layout_width="wrap_content" android:layout_height="wrap_content" android:src="@drawable/img_test_pdf_check_small" xmlns:ns202="http://schemas.android.com/apk/res-auto" ns202:scale_height="34" xmlns:ns203="http://schemas.android.com/apk/res-auto" ns203:scale_left="193" xmlns:ns204="http://schemas.android.com/apk/res-auto" ns204:scale_top="710" xmlns:ns205="http://schemas.android.com/apk/res-auto" ns205:scale_width="39"/>
        <ImageView android:id="@+id/test_pdf_infant_bls_part1_item2" android:layout_width="wrap_content" android:layout_height="wrap_content" android:src="@drawable/img_test_pdf_check_small" xmlns:ns206="http://schemas.android.com/apk/res-auto" ns206:scale_height="34" xmlns:ns207="http://schemas.android.com/apk/res-auto" ns207:scale_left="537" xmlns:ns208="http://schemas.android.com/apk/res-auto" ns208:scale_top="710" xmlns:ns209="http://schemas.android.com/apk/res-auto" ns209:scale_width="39"/>
        <ImageView android:id="@+id/test_pdf_infant_bls_part1_item3" android:layout_width="wrap_content" android:layout_height="wrap_content" android:src="@drawable/img_test_pdf_check_small" xmlns:ns210="http://schemas.android.com/apk/res-auto" ns210:scale_height="34" xmlns:ns211="http://schemas.android.com/apk/res-auto" ns211:scale_left="193" xmlns:ns212="http://schemas.android.com/apk/res-auto" ns212:scale_top="768" xmlns:ns213="http://schemas.android.com/apk/res-auto" ns213:scale_width="39"/>
        <ImageView android:id="@+id/test_pdf_infant_bls_part1_item4" android:layout_width="wrap_content" android:layout_height="wrap_content" android:src="@drawable/img_test_pdf_check_small" xmlns:ns214="http://schemas.android.com/apk/res-auto" ns214:scale_height="34" xmlns:ns215="http://schemas.android.com/apk/res-auto" ns215:scale_left="537" xmlns:ns216="http://schemas.android.com/apk/res-auto" ns216:scale_top="768" xmlns:ns217="http://schemas.android.com/apk/res-auto" ns217:scale_width="39"/>
        <ImageView android:id="@+id/test_pdf_infant_bls_part2_item1" android:layout_width="wrap_content" android:layout_height="wrap_content" android:src="@drawable/img_test_pdf_check_small" xmlns:ns218="http://schemas.android.com/apk/res-auto" ns218:scale_height="34" xmlns:ns219="http://schemas.android.com/apk/res-auto" ns219:scale_left="201" xmlns:ns220="http://schemas.android.com/apk/res-auto" ns220:scale_top="1037" xmlns:ns221="http://schemas.android.com/apk/res-auto" ns221:scale_width="39"/>
        <ImageView android:id="@+id/test_pdf_infant_bls_part2_item2" android:layout_width="wrap_content" android:layout_height="wrap_content" android:src="@drawable/img_test_pdf_check_small" xmlns:ns222="http://schemas.android.com/apk/res-auto" ns222:scale_height="34" xmlns:ns223="http://schemas.android.com/apk/res-auto" ns223:scale_left="1185" xmlns:ns224="http://schemas.android.com/apk/res-auto" ns224:scale_top="1037" xmlns:ns225="http://schemas.android.com/apk/res-auto" ns225:scale_width="39"/>
        <ImageView android:id="@+id/test_pdf_infant_bls_part2_item3" android:layout_width="wrap_content" android:layout_height="wrap_content" android:src="@drawable/img_test_pdf_check_small" xmlns:ns226="http://schemas.android.com/apk/res-auto" ns226:scale_height="34" xmlns:ns227="http://schemas.android.com/apk/res-auto" ns227:scale_left="189" xmlns:ns228="http://schemas.android.com/apk/res-auto" ns228:scale_top="1420" xmlns:ns229="http://schemas.android.com/apk/res-auto" ns229:scale_width="39"/>
        <ImageView android:id="@+id/test_pdf_infant_bls_part2_item4" android:layout_width="wrap_content" android:layout_height="wrap_content" android:src="@drawable/img_test_pdf_check_small" xmlns:ns230="http://schemas.android.com/apk/res-auto" ns230:scale_height="34" xmlns:ns231="http://schemas.android.com/apk/res-auto" ns231:scale_left="692" xmlns:ns232="http://schemas.android.com/apk/res-auto" ns232:scale_top="1420" xmlns:ns233="http://schemas.android.com/apk/res-auto" ns233:scale_width="39"/>
        <ImageView android:id="@+id/test_pdf_infant_bls_part2_item5" android:layout_width="wrap_content" android:layout_height="wrap_content" android:src="@drawable/img_test_pdf_check_small" xmlns:ns234="http://schemas.android.com/apk/res-auto" ns234:scale_height="34" xmlns:ns235="http://schemas.android.com/apk/res-auto" ns235:scale_left="1195" xmlns:ns236="http://schemas.android.com/apk/res-auto" ns236:scale_top="1420" xmlns:ns237="http://schemas.android.com/apk/res-auto" ns237:scale_width="39"/>
        <ImageView android:id="@+id/test_pdf_infant_bls_part3_item1" android:layout_width="wrap_content" android:layout_height="wrap_content" android:src="@drawable/img_test_pdf_check_small" xmlns:ns238="http://schemas.android.com/apk/res-auto" ns238:scale_height="34" xmlns:ns239="http://schemas.android.com/apk/res-auto" ns239:scale_left="201" xmlns:ns240="http://schemas.android.com/apk/res-auto" ns240:scale_top="1706" xmlns:ns241="http://schemas.android.com/apk/res-auto" ns241:scale_width="39"/>
        <ImageView android:id="@+id/test_pdf_infant_bls_part3_item2" android:layout_width="wrap_content" android:layout_height="wrap_content" android:src="@drawable/img_test_pdf_check_small" xmlns:ns242="http://schemas.android.com/apk/res-auto" ns242:scale_height="34" xmlns:ns243="http://schemas.android.com/apk/res-auto" ns243:scale_left="1182" xmlns:ns244="http://schemas.android.com/apk/res-auto" ns244:scale_top="2139" xmlns:ns245="http://schemas.android.com/apk/res-auto" ns245:scale_width="39"/>
        <ImageView android:id="@+id/test_pdf_infant_bls_pass_check" android:layout_width="wrap_content" android:layout_height="wrap_content" android:src="@drawable/img_test_pdf_check_circle" xmlns:ns246="http://schemas.android.com/apk/res-auto" ns246:scale_height="125" xmlns:ns247="http://schemas.android.com/apk/res-auto" ns247:scale_left="1495" xmlns:ns248="http://schemas.android.com/apk/res-auto" ns248:scale_top="2657" xmlns:ns249="http://schemas.android.com/apk/res-auto" ns249:scale_width="154"/>
        <ImageView android:id="@+id/test_pdf_infant_bls_nr_check" android:layout_width="wrap_content" android:layout_height="wrap_content" android:src="@drawable/img_test_pdf_check_circle" xmlns:ns250="http://schemas.android.com/apk/res-auto" ns250:scale_height="125" xmlns:ns251="http://schemas.android.com/apk/res-auto" ns251:scale_left="1725" xmlns:ns252="http://schemas.android.com/apk/res-auto" ns252:scale_top="2657" xmlns:ns253="http://schemas.android.com/apk/res-auto" ns253:scale_width="154"/>
        <TextView android:textColor="@color/black" android:gravity="center" android:id="@+id/test_pdf_infant_bls_instructor_name_txt" android:layout_width="wrap_content" android:layout_height="wrap_content" android:text="박신후" xmlns:ns254="http://schemas.android.com/apk/res-auto" ns254:scale_height="60" xmlns:ns255="http://schemas.android.com/apk/res-auto" ns255:scale_left="535" xmlns:ns256="http://schemas.android.com/apk/res-auto" ns256:scale_textsize="40" xmlns:ns257="http://schemas.android.com/apk/res-auto" ns257:scale_top="2745" xmlns:ns258="http://schemas.android.com/apk/res-auto" ns258:scale_width="380"/>
        <TextView android:textColor="@color/black" android:gravity="center" android:id="@+id/test_pdf_infant_bls_instructor_date_txt" android:layout_width="wrap_content" android:layout_height="wrap_content" android:text="2017/07/14" xmlns:ns259="http://schemas.android.com/apk/res-auto" ns259:scale_height="60" xmlns:ns260="http://schemas.android.com/apk/res-auto" ns260:scale_left="1330" xmlns:ns261="http://schemas.android.com/apk/res-auto" ns261:scale_textsize="40" xmlns:ns262="http://schemas.android.com/apk/res-auto" ns262:scale_top="2745" xmlns:ns263="http://schemas.android.com/apk/res-auto" ns263:scale_width="380"/>
    </com.ssomai.android.scalablelayout.ScalableLayout>
    <com.ssomai.android.scalablelayout.ScalableLayout android:id="@+id/test_pdf_infant_lay_layout" android:background="@drawable/bg_infant_lay" android:layout_width="match_parent" android:layout_height="match_parent" android:layout_centerInParent="true" xmlns:ns264="http://schemas.android.com/apk/res-auto" ns264:scale_base_height="2970" xmlns:ns265="http://schemas.android.com/apk/res-auto" ns265:scale_base_width="2100">
        <TextView android:textColor="@color/black" android:gravity="bottom|right|center_vertical|center_horizontal|center" android:id="@+id/test_pdf_infant_lay_student_date_year_txt" android:layout_width="wrap_content" android:layout_height="wrap_content" android:text="2017" xmlns:ns266="http://schemas.android.com/apk/res-auto" ns266:scale_height="60" xmlns:ns267="http://schemas.android.com/apk/res-auto" ns267:scale_left="470" xmlns:ns268="http://schemas.android.com/apk/res-auto" ns268:scale_textsize="35" xmlns:ns269="http://schemas.android.com/apk/res-auto" ns269:scale_top="590" xmlns:ns270="http://schemas.android.com/apk/res-auto" ns270:scale_width="150"/>
        <TextView android:textColor="@color/black" android:gravity="bottom|right|center_vertical|center_horizontal|center" android:id="@+id/test_pdf_infant_lay_student_date_month_txt" android:layout_width="wrap_content" android:layout_height="wrap_content" android:text="7" xmlns:ns271="http://schemas.android.com/apk/res-auto" ns271:scale_height="60" xmlns:ns272="http://schemas.android.com/apk/res-auto" ns272:scale_left="700" xmlns:ns273="http://schemas.android.com/apk/res-auto" ns273:scale_textsize="35" xmlns:ns274="http://schemas.android.com/apk/res-auto" ns274:scale_top="590" xmlns:ns275="http://schemas.android.com/apk/res-auto" ns275:scale_width="110"/>
        <TextView android:textColor="@color/black" android:gravity="bottom|right|center_vertical|center_horizontal|center" android:id="@+id/test_pdf_infant_lay_student_date_day_txt" android:layout_width="wrap_content" android:layout_height="wrap_content" android:text="14" xmlns:ns276="http://schemas.android.com/apk/res-auto" ns276:scale_height="60" xmlns:ns277="http://schemas.android.com/apk/res-auto" ns277:scale_left="895" xmlns:ns278="http://schemas.android.com/apk/res-auto" ns278:scale_textsize="35" xmlns:ns279="http://schemas.android.com/apk/res-auto" ns279:scale_top="590" xmlns:ns280="http://schemas.android.com/apk/res-auto" ns280:scale_width="110"/>
        <TextView android:textColor="@color/black" android:gravity="center" android:id="@+id/test_pdf_infant_lay_student_name_txt" android:layout_width="wrap_content" android:layout_height="wrap_content" android:text="강래성" xmlns:ns281="http://schemas.android.com/apk/res-auto" ns281:scale_height="60" xmlns:ns282="http://schemas.android.com/apk/res-auto" ns282:scale_left="1430" xmlns:ns283="http://schemas.android.com/apk/res-auto" ns283:scale_textsize="40" xmlns:ns284="http://schemas.android.com/apk/res-auto" ns284:scale_top="590" xmlns:ns285="http://schemas.android.com/apk/res-auto" ns285:scale_width="400"/>
        <ImageView android:id="@+id/test_pdf_infant_lay_part1_item1" android:layout_width="wrap_content" android:layout_height="wrap_content" android:src="@drawable/img_test_pdf_check_big" xmlns:ns286="http://schemas.android.com/apk/res-auto" ns286:scale_height="68" xmlns:ns287="http://schemas.android.com/apk/res-auto" ns287:scale_left="1630" xmlns:ns288="http://schemas.android.com/apk/res-auto" ns288:scale_top="839" xmlns:ns289="http://schemas.android.com/apk/res-auto" ns289:scale_width="76"/>
        <ImageView android:id="@+id/test_pdf_infant_lay_part1_item2" android:layout_width="wrap_content" android:layout_height="wrap_content" android:src="@drawable/img_test_pdf_check_big" xmlns:ns290="http://schemas.android.com/apk/res-auto" ns290:scale_height="68" xmlns:ns291="http://schemas.android.com/apk/res-auto" ns291:scale_left="1630" xmlns:ns292="http://schemas.android.com/apk/res-auto" ns292:scale_top="967" xmlns:ns293="http://schemas.android.com/apk/res-auto" ns293:scale_width="76"/>
        <ImageView android:id="@+id/test_pdf_infant_lay_part1_item3" android:layout_width="wrap_content" android:layout_height="wrap_content" android:src="@drawable/img_test_pdf_check_big" xmlns:ns294="http://schemas.android.com/apk/res-auto" ns294:scale_height="68" xmlns:ns295="http://schemas.android.com/apk/res-auto" ns295:scale_left="1630" xmlns:ns296="http://schemas.android.com/apk/res-auto" ns296:scale_top="1089" xmlns:ns297="http://schemas.android.com/apk/res-auto" ns297:scale_width="76"/>
        <ImageView android:id="@+id/test_pdf_infant_lay_part2_item1" android:layout_width="wrap_content" android:layout_height="wrap_content" android:src="@drawable/img_test_pdf_check_big" xmlns:ns298="http://schemas.android.com/apk/res-auto" ns298:scale_height="68" xmlns:ns299="http://schemas.android.com/apk/res-auto" ns299:scale_left="1630" xmlns:ns300="http://schemas.android.com/apk/res-auto" ns300:scale_top="1256" xmlns:ns301="http://schemas.android.com/apk/res-auto" ns301:scale_width="76"/>
        <ImageView android:id="@+id/test_pdf_infant_lay_part2_item2" android:layout_width="wrap_content" android:layout_height="wrap_content" android:src="@drawable/img_test_pdf_check_big" xmlns:ns302="http://schemas.android.com/apk/res-auto" ns302:scale_height="68" xmlns:ns303="http://schemas.android.com/apk/res-auto" ns303:scale_left="1630" xmlns:ns304="http://schemas.android.com/apk/res-auto" ns304:scale_top="1422" xmlns:ns305="http://schemas.android.com/apk/res-auto" ns305:scale_width="76"/>
        <ImageView android:id="@+id/test_pdf_infant_lay_part2_item3" android:layout_width="wrap_content" android:layout_height="wrap_content" android:src="@drawable/img_test_pdf_check_big" xmlns:ns306="http://schemas.android.com/apk/res-auto" ns306:scale_height="68" xmlns:ns307="http://schemas.android.com/apk/res-auto" ns307:scale_left="1630" xmlns:ns308="http://schemas.android.com/apk/res-auto" ns308:scale_top="1603" xmlns:ns309="http://schemas.android.com/apk/res-auto" ns309:scale_width="76"/>
        <ImageView android:id="@+id/test_pdf_infant_lay_part2_item4" android:layout_width="wrap_content" android:layout_height="wrap_content" android:src="@drawable/img_test_pdf_check_big" xmlns:ns310="http://schemas.android.com/apk/res-auto" ns310:scale_height="68" xmlns:ns311="http://schemas.android.com/apk/res-auto" ns311:scale_left="1630" xmlns:ns312="http://schemas.android.com/apk/res-auto" ns312:scale_top="1773" xmlns:ns313="http://schemas.android.com/apk/res-auto" ns313:scale_width="76"/>
        <ImageView android:id="@+id/test_pdf_infant_lay_part2_item5" android:layout_width="wrap_content" android:layout_height="wrap_content" android:src="@drawable/img_test_pdf_check_big" xmlns:ns314="http://schemas.android.com/apk/res-auto" ns314:scale_height="68" xmlns:ns315="http://schemas.android.com/apk/res-auto" ns315:scale_left="1630" xmlns:ns316="http://schemas.android.com/apk/res-auto" ns316:scale_top="1950" xmlns:ns317="http://schemas.android.com/apk/res-auto" ns317:scale_width="76"/>
        <ImageView android:id="@+id/test_pdf_infant_lay_part2_item6" android:layout_width="wrap_content" android:layout_height="wrap_content" android:src="@drawable/img_test_pdf_check_big" xmlns:ns318="http://schemas.android.com/apk/res-auto" ns318:scale_height="68" xmlns:ns319="http://schemas.android.com/apk/res-auto" ns319:scale_left="1630" xmlns:ns320="http://schemas.android.com/apk/res-auto" ns320:scale_top="2132" xmlns:ns321="http://schemas.android.com/apk/res-auto" ns321:scale_width="76"/>
        <ImageView android:id="@+id/test_pdf_infant_lay_pass_check" android:layout_width="wrap_content" android:layout_height="wrap_content" android:src="@drawable/img_test_pdf_check_circle" xmlns:ns322="http://schemas.android.com/apk/res-auto" ns322:scale_height="125" xmlns:ns323="http://schemas.android.com/apk/res-auto" ns323:scale_left="520" xmlns:ns324="http://schemas.android.com/apk/res-auto" ns324:scale_top="2315" xmlns:ns325="http://schemas.android.com/apk/res-auto" ns325:scale_width="154"/>
        <ImageView android:id="@+id/test_pdf_infant_lay_nr_check" android:layout_width="wrap_content" android:layout_height="wrap_content" android:src="@drawable/img_test_pdf_check_circle" xmlns:ns326="http://schemas.android.com/apk/res-auto" ns326:scale_height="125" xmlns:ns327="http://schemas.android.com/apk/res-auto" ns327:scale_left="778" xmlns:ns328="http://schemas.android.com/apk/res-auto" ns328:scale_top="2315" xmlns:ns329="http://schemas.android.com/apk/res-auto" ns329:scale_width="154"/>
        <TextView android:textColor="@color/black" android:gravity="center" android:id="@+id/test_pdf_infant_lay_instructor_name_txt" android:layout_width="wrap_content" android:layout_height="wrap_content" android:text="박신후" xmlns:ns330="http://schemas.android.com/apk/res-auto" ns330:scale_height="60" xmlns:ns331="http://schemas.android.com/apk/res-auto" ns331:scale_left="1370" xmlns:ns332="http://schemas.android.com/apk/res-auto" ns332:scale_textsize="40" xmlns:ns333="http://schemas.android.com/apk/res-auto" ns333:scale_top="2340" xmlns:ns334="http://schemas.android.com/apk/res-auto" ns334:scale_width="445"/>
    </com.ssomai.android.scalablelayout.ScalableLayout>
    <com.ssomai.android.scalablelayout.ScalableLayout android:id="@+id/test_result_sc" android:background="@color/white" android:visibility="visible" android:layout_width="match_parent" android:layout_height="match_parent" xmlns:ns335="http://schemas.android.com/apk/res-auto" ns335:scale_base_height="1475" xmlns:ns336="http://schemas.android.com/apk/res-auto" ns336:scale_base_width="2435">
        <ImageView android:layout_width="wrap_content" android:layout_height="wrap_content" android:src="#323333" android:alpha="0.8" xmlns:ns337="http://schemas.android.com/apk/res-auto" ns337:scale_height="1475" xmlns:ns338="http://schemas.android.com/apk/res-auto" ns338:scale_left="0" xmlns:ns339="http://schemas.android.com/apk/res-auto" ns339:scale_top="0" xmlns:ns340="http://schemas.android.com/apk/res-auto" ns340:scale_width="2435"/>
        <ImageView android:id="@+id/test_result_pause_btn" android:layout_width="wrap_content" android:layout_height="wrap_content" android:src="@drawable/btn_test_back" xmlns:ns341="http://schemas.android.com/apk/res-auto" ns341:scale_height="120" xmlns:ns342="http://schemas.android.com/apk/res-auto" ns342:scale_left="30" xmlns:ns343="http://schemas.android.com/apk/res-auto" ns343:scale_top="30" xmlns:ns344="http://schemas.android.com/apk/res-auto" ns344:scale_width="120"/>
        <TextView android:textColor="@color/white" android:gravity="center_vertical" android:id="@+id/test_result_title_txt" android:layout_width="wrap_content" android:layout_height="wrap_content" android:text="Mascherano Adult" xmlns:ns345="http://schemas.android.com/apk/res-auto" ns345:scale_height="120" xmlns:ns346="http://schemas.android.com/apk/res-auto" ns346:scale_left="170" xmlns:ns347="http://schemas.android.com/apk/res-auto" ns347:scale_textsize="50" xmlns:ns348="http://schemas.android.com/apk/res-auto" ns348:scale_top="30" xmlns:ns349="http://schemas.android.com/apk/res-auto" ns349:scale_width="700"/>
        <TextView android:textColor="@color/white" android:gravity="right|center_vertical|center_horizontal|center" android:id="@+id/test_result_timer_txt" android:layout_width="wrap_content" android:layout_height="wrap_content" android:text="00:06.36" xmlns:ns350="http://schemas.android.com/apk/res-auto" ns350:scale_height="120" xmlns:ns351="http://schemas.android.com/apk/res-auto" ns351:scale_left="900" xmlns:ns352="http://schemas.android.com/apk/res-auto" ns352:scale_textsize="70" xmlns:ns353="http://schemas.android.com/apk/res-auto" ns353:scale_top="30" xmlns:ns354="http://schemas.android.com/apk/res-auto" ns354:scale_width="330"/>
        <ImageView android:layout_width="wrap_content" android:layout_height="wrap_content" android:src="@drawable/img_test_mark_bg" xmlns:ns355="http://schemas.android.com/apk/res-auto" ns355:scale_height="100" xmlns:ns356="http://schemas.android.com/apk/res-auto" ns356:scale_left="2015" xmlns:ns357="http://schemas.android.com/apk/res-auto" ns357:scale_top="40" xmlns:ns358="http://schemas.android.com/apk/res-auto" ns358:scale_width="350"/>
        <ImageView android:id="@+id/test_result_guideline_img" android:layout_width="wrap_content" android:layout_height="wrap_content" android:src="@drawable/img_mark_kacpr_full" xmlns:ns359="http://schemas.android.com/apk/res-auto" ns359:scale_height="70" xmlns:ns360="http://schemas.android.com/apk/res-auto" ns360:scale_left="2015" xmlns:ns361="http://schemas.android.com/apk/res-auto" ns361:scale_top="55" xmlns:ns362="http://schemas.android.com/apk/res-auto" ns362:scale_width="350"/>
        <com.ssomai.android.scalablelayout.ScalableLayout android:background="@color/white" android:layout_width="match_parent" android:layout_height="match_parent" xmlns:ns363="http://schemas.android.com/apk/res-auto" ns363:scale_base_height="1095" xmlns:ns364="http://schemas.android.com/apk/res-auto" ns364:scale_base_width="2295" xmlns:ns365="http://schemas.android.com/apk/res-auto" ns365:scale_height="1095" xmlns:ns366="http://schemas.android.com/apk/res-auto" ns366:scale_left="70" xmlns:ns367="http://schemas.android.com/apk/res-auto" ns367:scale_top="200" xmlns:ns368="http://schemas.android.com/apk/res-auto" ns368:scale_width="2295">
            <TextView android:textColor="@color/black" android:gravity="center" android:id="@+id/test_result_overview_btn" android:background="#aed3c6" android:layout_width="wrap_content" android:layout_height="wrap_content" android:text="요약 보기" xmlns:ns369="http://schemas.android.com/apk/res-auto" ns369:scale_height="130" xmlns:ns370="http://schemas.android.com/apk/res-auto" ns370:scale_left="95" xmlns:ns371="http://schemas.android.com/apk/res-auto" ns371:scale_textsize="50" xmlns:ns372="http://schemas.android.com/apk/res-auto" ns372:scale_top="60" xmlns:ns373="http://schemas.android.com/apk/res-auto" ns373:scale_width="450"/>
            <TextView android:textColor="@color/black" android:gravity="center" android:id="@+id/test_result_detail_btn" android:background="#f7f7f7" android:layout_width="wrap_content" android:layout_height="wrap_content" android:text="자세히 보기" xmlns:ns374="http://schemas.android.com/apk/res-auto" ns374:scale_height="135" xmlns:ns375="http://schemas.android.com/apk/res-auto" ns375:scale_left="580" xmlns:ns376="http://schemas.android.com/apk/res-auto" ns376:scale_textsize="50" xmlns:ns377="http://schemas.android.com/apk/res-auto" ns377:scale_top="60" xmlns:ns378="http://schemas.android.com/apk/res-auto" ns378:scale_width="450"/>
            <TextView android:textColor="@color/black" android:gravity="right|center_vertical|center_horizontal|center" android:id="@+id/test_result_name_txt" android:layout_width="wrap_content" android:layout_height="wrap_content" android:text="박신후 │ 성인 평가" xmlns:ns379="http://schemas.android.com/apk/res-auto" ns379:scale_height="135" xmlns:ns380="http://schemas.android.com/apk/res-auto" ns380:scale_left="1480" xmlns:ns381="http://schemas.android.com/apk/res-auto" ns381:scale_textsize="50" xmlns:ns382="http://schemas.android.com/apk/res-auto" ns382:scale_top="60" xmlns:ns383="http://schemas.android.com/apk/res-auto" ns383:scale_width="600"/>
            <ScrollView android:id="@+id/test_result_overview_scroll" android:visibility="visible" android:layout_width="wrap_content" android:layout_height="wrap_content" xmlns:ns384="http://schemas.android.com/apk/res-auto" ns384:scale_height="840" xmlns:ns385="http://schemas.android.com/apk/res-auto" ns385:scale_left="0" xmlns:ns386="http://schemas.android.com/apk/res-auto" ns386:scale_top="255" xmlns:ns387="http://schemas.android.com/apk/res-auto" ns387:scale_width="2295">
                <com.ssomai.android.scalablelayout.ScalableLayout android:id="@+id/test_result_overview_scroll_sc" android:layout_width="wrap_content" android:layout_height="wrap_content" xmlns:ns388="http://schemas.android.com/apk/res-auto" ns388:scale_base_height="2040" xmlns:ns389="http://schemas.android.com/apk/res-auto" ns389:scale_base_width="2295">
                    <ImageView android:id="@+id/test_result_overview_result_score_box" android:layout_width="wrap_content" android:layout_height="wrap_content" android:src="@drawable/img_test_result_box_green" xmlns:ns390="http://schemas.android.com/apk/res-auto" ns390:scale_height="303" xmlns:ns391="http://schemas.android.com/apk/res-auto" ns391:scale_left="90" xmlns:ns392="http://schemas.android.com/apk/res-auto" ns392:scale_top="160" xmlns:ns393="http://schemas.android.com/apk/res-auto" ns393:scale_width="303"/>
                    <TextView android:textColor="@color/black" android:gravity="center" android:id="@+id/test_result_overview_result_score_title" android:layout_width="wrap_content" android:layout_height="wrap_content" android:text="총점" xmlns:ns394="http://schemas.android.com/apk/res-auto" ns394:scale_height="150" xmlns:ns395="http://schemas.android.com/apk/res-auto" ns395:scale_left="90" xmlns:ns396="http://schemas.android.com/apk/res-auto" ns396:scale_textsize="60" xmlns:ns397="http://schemas.android.com/apk/res-auto" ns397:scale_top="160" xmlns:ns398="http://schemas.android.com/apk/res-auto" ns398:scale_width="303"/>
                    <TextView android:textColor="@color/black" android:gravity="center_horizontal" android:id="@+id/test_result_overview_result_score_txt" android:layout_width="wrap_content" android:layout_height="wrap_content" android:text="100" xmlns:ns399="http://schemas.android.com/apk/res-auto" ns399:scale_height="170" xmlns:ns400="http://schemas.android.com/apk/res-auto" ns400:scale_left="90" xmlns:ns401="http://schemas.android.com/apk/res-auto" ns401:scale_textsize="100" xmlns:ns402="http://schemas.android.com/apk/res-auto" ns402:scale_top="290" xmlns:ns403="http://schemas.android.com/apk/res-auto" ns403:scale_width="303"/>
                    <ImageView android:background="#f7f7f7" android:layout_width="wrap_content" android:layout_height="wrap_content" xmlns:ns404="http://schemas.android.com/apk/res-auto" ns404:scale_height="1226" xmlns:ns405="http://schemas.android.com/apk/res-auto" ns405:scale_left="1130" xmlns:ns406="http://schemas.android.com/apk/res-auto" ns406:scale_top="0" xmlns:ns407="http://schemas.android.com/apk/res-auto" ns407:scale_width="250"/>
                    <TextView android:textColor="@color/black" android:gravity="center" android:id="@+id/test_result_overview_average_title" android:layout_width="wrap_content" android:layout_height="wrap_content" android:text="Average" xmlns:ns408="http://schemas.android.com/apk/res-auto" ns408:scale_height="136" xmlns:ns409="http://schemas.android.com/apk/res-auto" ns409:scale_left="1130" xmlns:ns410="http://schemas.android.com/apk/res-auto" ns410:scale_textsize="45" xmlns:ns411="http://schemas.android.com/apk/res-auto" ns411:scale_top="0" xmlns:ns412="http://schemas.android.com/apk/res-auto" ns412:scale_width="250"/>
                    <ImageView android:background="#5d5d5e" android:layout_width="wrap_content" android:layout_height="wrap_content" xmlns:ns413="http://schemas.android.com/apk/res-auto" ns413:scale_height="8" xmlns:ns414="http://schemas.android.com/apk/res-auto" ns414:scale_left="520" xmlns:ns415="http://schemas.android.com/apk/res-auto" ns415:scale_top="136" xmlns:ns416="http://schemas.android.com/apk/res-auto" ns416:scale_width="1700"/>
                    <TextView android:textColor="@color/black" android:gravity="center_vertical" android:id="@+id/test_result_overview_comp_score_title" android:layout_width="wrap_content" android:layout_height="wrap_content" android:text="Herzdruckmassage" xmlns:ns417="http://schemas.android.com/apk/res-auto" ns417:scale_height="150" xmlns:ns418="http://schemas.android.com/apk/res-auto" ns418:scale_left="540" xmlns:ns419="http://schemas.android.com/apk/res-auto" ns419:scale_textsize="50" xmlns:ns420="http://schemas.android.com/apk/res-auto" ns420:scale_top="225" xmlns:ns421="http://schemas.android.com/apk/res-auto" ns421:scale_width="250"/>
                    <TextView android:textColor="@color/black" android:id="@+id/test_result_overview_comp_score_txt" android:layout_width="wrap_content" android:layout_height="wrap_content" android:text="100" xmlns:ns422="http://schemas.android.com/apk/res-auto" ns422:scale_height="170" xmlns:ns423="http://schemas.android.com/apk/res-auto" ns423:scale_left="540" xmlns:ns424="http://schemas.android.com/apk/res-auto" ns424:scale_textsize="90" xmlns:ns425="http://schemas.android.com/apk/res-auto" ns425:scale_top="355" xmlns:ns426="http://schemas.android.com/apk/res-auto" ns426:scale_width="250"/>
                    <TextView android:textColor="@color/black" android:gravity="center_vertical" android:id="@+id/test_result_overview_comp_success_rate_title" android:layout_width="wrap_content" android:layout_height="wrap_content" android:text="Success Rate" xmlns:ns427="http://schemas.android.com/apk/res-auto" ns427:scale_height="100" xmlns:ns428="http://schemas.android.com/apk/res-auto" ns428:scale_left="810" xmlns:ns429="http://schemas.android.com/apk/res-auto" ns429:scale_textsize="45" xmlns:ns430="http://schemas.android.com/apk/res-auto" ns430:scale_top="150" xmlns:ns431="http://schemas.android.com/apk/res-auto" ns431:scale_width="300"/>
                    <TextView android:textColor="@color/black" android:gravity="center" android:id="@+id/test_result_overview_comp_success_rate_txt" android:layout_width="wrap_content" android:layout_height="wrap_content" android:text="74%" xmlns:ns432="http://schemas.android.com/apk/res-auto" ns432:scale_height="100" xmlns:ns433="http://schemas.android.com/apk/res-auto" ns433:scale_left="1130" xmlns:ns434="http://schemas.android.com/apk/res-auto" ns434:scale_textsize="45" xmlns:ns435="http://schemas.android.com/apk/res-auto" ns435:scale_top="150" xmlns:ns436="http://schemas.android.com/apk/res-auto" ns436:scale_width="250"/>
                    <TextView android:textColor="@color/black" android:gravity="center_vertical" android:id="@+id/test_result_overview_comp_time_title" android:layout_width="wrap_content" android:layout_height="wrap_content" android:text="Success Rate" xmlns:ns437="http://schemas.android.com/apk/res-auto" ns437:scale_height="160" xmlns:ns438="http://schemas.android.com/apk/res-auto" ns438:scale_left="810" xmlns:ns439="http://schemas.android.com/apk/res-auto" ns439:scale_textsize="45" xmlns:ns440="http://schemas.android.com/apk/res-auto" ns440:scale_top="250" xmlns:ns441="http://schemas.android.com/apk/res-auto" ns441:scale_width="300"/>
                    <TextView android:textColor="@color/black" android:gravity="center" android:id="@+id/test_result_overview_comp_time_txt" android:layout_width="wrap_content" android:layout_height="wrap_content" android:text="74%" xmlns:ns442="http://schemas.android.com/apk/res-auto" ns442:scale_height="160" xmlns:ns443="http://schemas.android.com/apk/res-auto" ns443:scale_left="1130" xmlns:ns444="http://schemas.android.com/apk/res-auto" ns444:scale_textsize="45" xmlns:ns445="http://schemas.android.com/apk/res-auto" ns445:scale_top="250" xmlns:ns446="http://schemas.android.com/apk/res-auto" ns446:scale_width="250"/>
                    <TextView android:textColor="@color/black" android:gravity="center_vertical" android:id="@+id/test_result_overview_comp_depth_title" android:layout_width="wrap_content" android:layout_height="wrap_content" android:text="Success Rate" xmlns:ns447="http://schemas.android.com/apk/res-auto" ns447:scale_height="160" xmlns:ns448="http://schemas.android.com/apk/res-auto" ns448:scale_left="810" xmlns:ns449="http://schemas.android.com/apk/res-auto" ns449:scale_textsize="45" xmlns:ns450="http://schemas.android.com/apk/res-auto" ns450:scale_top="410" xmlns:ns451="http://schemas.android.com/apk/res-auto" ns451:scale_width="300"/>
                    <TextView android:textColor="@color/black" android:gravity="center" android:id="@+id/test_result_overview_comp_depth_txt" android:layout_width="wrap_content" android:layout_height="wrap_content" android:text="74%" xmlns:ns452="http://schemas.android.com/apk/res-auto" ns452:scale_height="160" xmlns:ns453="http://schemas.android.com/apk/res-auto" ns453:scale_left="1130" xmlns:ns454="http://schemas.android.com/apk/res-auto" ns454:scale_textsize="45" xmlns:ns455="http://schemas.android.com/apk/res-auto" ns455:scale_top="410" xmlns:ns456="http://schemas.android.com/apk/res-auto" ns456:scale_width="250"/>
                    <ImageView android:background="#5d5d5e" android:layout_width="wrap_content" android:layout_height="wrap_content" xmlns:ns457="http://schemas.android.com/apk/res-auto" ns457:scale_height="8" xmlns:ns458="http://schemas.android.com/apk/res-auto" ns458:scale_left="520" xmlns:ns459="http://schemas.android.com/apk/res-auto" ns459:scale_top="576" xmlns:ns460="http://schemas.android.com/apk/res-auto" ns460:scale_width="1700"/>
                    <TextView android:textColor="@color/black" android:gravity="center_vertical" android:id="@+id/test_result_overview_breath_score_title" android:layout_width="wrap_content" android:layout_height="wrap_content" android:text="호흡" xmlns:ns461="http://schemas.android.com/apk/res-auto" ns461:scale_height="150" xmlns:ns462="http://schemas.android.com/apk/res-auto" ns462:scale_left="540" xmlns:ns463="http://schemas.android.com/apk/res-auto" ns463:scale_textsize="50" xmlns:ns464="http://schemas.android.com/apk/res-auto" ns464:scale_top="615" xmlns:ns465="http://schemas.android.com/apk/res-auto" ns465:scale_width="250"/>
                    <TextView android:textColor="@color/black" android:id="@+id/test_result_overview_breath_score_txt" android:layout_width="wrap_content" android:layout_height="wrap_content" android:text="100" xmlns:ns466="http://schemas.android.com/apk/res-auto" ns466:scale_height="170" xmlns:ns467="http://schemas.android.com/apk/res-auto" ns467:scale_left="540" xmlns:ns468="http://schemas.android.com/apk/res-auto" ns468:scale_textsize="90" xmlns:ns469="http://schemas.android.com/apk/res-auto" ns469:scale_top="745" xmlns:ns470="http://schemas.android.com/apk/res-auto" ns470:scale_width="250"/>
                    <TextView android:textColor="@color/black" android:gravity="center_vertical" android:id="@+id/test_result_overview_breath_success_rate_title" android:layout_width="wrap_content" android:layout_height="wrap_content" android:text="Success Rate" xmlns:ns471="http://schemas.android.com/apk/res-auto" ns471:scale_height="160" xmlns:ns472="http://schemas.android.com/apk/res-auto" ns472:scale_left="810" xmlns:ns473="http://schemas.android.com/apk/res-auto" ns473:scale_textsize="45" xmlns:ns474="http://schemas.android.com/apk/res-auto" ns474:scale_top="590" xmlns:ns475="http://schemas.android.com/apk/res-auto" ns475:scale_width="300"/>
                    <TextView android:textColor="@color/black" android:gravity="center" android:id="@+id/test_result_overview_breath_success_rate_txt" android:layout_width="wrap_content" android:layout_height="wrap_content" android:text="74%" xmlns:ns476="http://schemas.android.com/apk/res-auto" ns476:scale_height="160" xmlns:ns477="http://schemas.android.com/apk/res-auto" ns477:scale_left="1130" xmlns:ns478="http://schemas.android.com/apk/res-auto" ns478:scale_textsize="45" xmlns:ns479="http://schemas.android.com/apk/res-auto" ns479:scale_top="590" xmlns:ns480="http://schemas.android.com/apk/res-auto" ns480:scale_width="250"/>
                    <TextView android:textColor="@color/black" android:gravity="center_vertical" android:id="@+id/test_result_overview_breath_amount_title" android:layout_width="wrap_content" android:layout_height="wrap_content" android:text="Success Rate" xmlns:ns481="http://schemas.android.com/apk/res-auto" ns481:scale_height="160" xmlns:ns482="http://schemas.android.com/apk/res-auto" ns482:scale_left="810" xmlns:ns483="http://schemas.android.com/apk/res-auto" ns483:scale_textsize="45" xmlns:ns484="http://schemas.android.com/apk/res-auto" ns484:scale_top="750" xmlns:ns485="http://schemas.android.com/apk/res-auto" ns485:scale_width="300"/>
                    <TextView android:textColor="@color/black" android:gravity="center" android:id="@+id/test_result_overview_breath_amount_txt" android:layout_width="wrap_content" android:layout_height="wrap_content" android:text="74%" xmlns:ns486="http://schemas.android.com/apk/res-auto" ns486:scale_height="160" xmlns:ns487="http://schemas.android.com/apk/res-auto" ns487:scale_left="1130" xmlns:ns488="http://schemas.android.com/apk/res-auto" ns488:scale_textsize="45" xmlns:ns489="http://schemas.android.com/apk/res-auto" ns489:scale_top="750" xmlns:ns490="http://schemas.android.com/apk/res-auto" ns490:scale_width="250"/>
                    <ImageView android:background="#5d5d5e" android:layout_width="wrap_content" android:layout_height="wrap_content" xmlns:ns491="http://schemas.android.com/apk/res-auto" ns491:scale_height="8" xmlns:ns492="http://schemas.android.com/apk/res-auto" ns492:scale_left="520" xmlns:ns493="http://schemas.android.com/apk/res-auto" ns493:scale_top="916" xmlns:ns494="http://schemas.android.com/apk/res-auto" ns494:scale_width="1700"/>
                    <TextView android:textColor="@color/black" android:gravity="center_vertical" android:id="@+id/test_result_overview_hot_score_title" android:layout_width="wrap_content" android:layout_height="wrap_content" android:text="압박중단시간" xmlns:ns495="http://schemas.android.com/apk/res-auto" ns495:scale_height="150" xmlns:ns496="http://schemas.android.com/apk/res-auto" ns496:scale_left="540" xmlns:ns497="http://schemas.android.com/apk/res-auto" ns497:scale_textsize="50" xmlns:ns498="http://schemas.android.com/apk/res-auto" ns498:scale_top="940" xmlns:ns499="http://schemas.android.com/apk/res-auto" ns499:scale_width="500"/>
                    <TextView android:textColor="@color/black" android:id="@+id/test_result_overview_hot_score_txt" android:layout_width="wrap_content" android:layout_height="wrap_content" android:text="100" xmlns:ns500="http://schemas.android.com/apk/res-auto" ns500:scale_height="170" xmlns:ns501="http://schemas.android.com/apk/res-auto" ns501:scale_left="540" xmlns:ns502="http://schemas.android.com/apk/res-auto" ns502:scale_textsize="90" xmlns:ns503="http://schemas.android.com/apk/res-auto" ns503:scale_top="1070" xmlns:ns504="http://schemas.android.com/apk/res-auto" ns504:scale_width="303"/>
                    <TextView android:textColor="@color/black" android:gravity="center" android:id="@+id/test_result_overview_hot_time_txt" android:layout_width="wrap_content" android:layout_height="wrap_content" android:text="74%" xmlns:ns505="http://schemas.android.com/apk/res-auto" ns505:scale_height="310" xmlns:ns506="http://schemas.android.com/apk/res-auto" ns506:scale_left="1130" xmlns:ns507="http://schemas.android.com/apk/res-auto" ns507:scale_textsize="45" xmlns:ns508="http://schemas.android.com/apk/res-auto" ns508:scale_top="916" xmlns:ns509="http://schemas.android.com/apk/res-auto" ns509:scale_width="250"/>
                    <ImageView android:background="#5d5d5e" android:layout_width="wrap_content" android:layout_height="wrap_content" xmlns:ns510="http://schemas.android.com/apk/res-auto" ns510:scale_height="8" xmlns:ns511="http://schemas.android.com/apk/res-auto" ns511:scale_left="520" xmlns:ns512="http://schemas.android.com/apk/res-auto" ns512:scale_top="1226" xmlns:ns513="http://schemas.android.com/apk/res-auto" ns513:scale_width="1700"/>
                    <TextView android:textColor="@color/black" android:gravity="center_vertical" android:id="@+id/test_result_overview_cpm_txt" android:layout_width="wrap_content" android:layout_height="wrap_content" android:text="74%" xmlns:ns514="http://schemas.android.com/apk/res-auto" ns514:scale_height="70" xmlns:ns515="http://schemas.android.com/apk/res-auto" ns515:scale_left="520" xmlns:ns516="http://schemas.android.com/apk/res-auto" ns516:scale_textsize="50" xmlns:ns517="http://schemas.android.com/apk/res-auto" ns517:scale_top="1226" xmlns:ns518="http://schemas.android.com/apk/res-auto" ns518:scale_width="1500"/>
                    <HorizontalScrollView android:id="@+id/test_result_overview_child_scroll" android:layout_width="wrap_content" android:layout_height="wrap_content" xmlns:ns519="http://schemas.android.com/apk/res-auto" ns519:scale_height="1230" xmlns:ns520="http://schemas.android.com/apk/res-auto" ns520:scale_left="1380" xmlns:ns521="http://schemas.android.com/apk/res-auto" ns521:scale_top="0" xmlns:ns522="http://schemas.android.com/apk/res-auto" ns522:scale_width="840">
                        <com.ssomai.android.scalablelayout.ScalableLayout android:id="@+id/test_result_overview_child_scroll_sc" android:layout_width="wrap_content" android:layout_height="wrap_content" xmlns:ns523="http://schemas.android.com/apk/res-auto" ns523:scale_base_height="1230" xmlns:ns524="http://schemas.android.com/apk/res-auto" ns524:scale_base_width="1120"/>
                    </HorizontalScrollView>
                    <TextView android:textColor="@color/black" android:gravity="center_vertical" android:id="@+id/test_result_overview_compression_position_title" android:layout_width="wrap_content" android:layout_height="wrap_content" android:text="Précision de la position de compression" xmlns:ns525="http://schemas.android.com/apk/res-auto" ns525:scale_height="70" xmlns:ns526="http://schemas.android.com/apk/res-auto" ns526:scale_left="100" xmlns:ns527="http://schemas.android.com/apk/res-auto" ns527:scale_textsize="50" xmlns:ns528="http://schemas.android.com/apk/res-auto" ns528:scale_top="1326" xmlns:ns529="http://schemas.android.com/apk/res-auto" ns529:scale_width="1500"/>
                    <ImageView android:layout_width="wrap_content" android:layout_height="wrap_content" android:src="@drawable/img_result_manikin_d" xmlns:ns530="http://schemas.android.com/apk/res-auto" ns530:scale_height="634" xmlns:ns531="http://schemas.android.com/apk/res-auto" ns531:scale_left="528" xmlns:ns532="http://schemas.android.com/apk/res-auto" ns532:scale_top="1396" xmlns:ns533="http://schemas.android.com/apk/res-auto" ns533:scale_width="1239"/>
                    <ImageView android:id="@+id/test_result_overview_compression_position_c" android:layout_width="wrap_content" android:layout_height="wrap_content" android:src="@drawable/img_result_manikin_c" xmlns:ns534="http://schemas.android.com/apk/res-auto" ns534:scale_height="634" xmlns:ns535="http://schemas.android.com/apk/res-auto" ns535:scale_left="528" xmlns:ns536="http://schemas.android.com/apk/res-auto" ns536:scale_top="1396" xmlns:ns537="http://schemas.android.com/apk/res-auto" ns537:scale_width="1239"/>
                    <ImageView android:id="@+id/test_result_overview_compression_position_h" android:layout_width="wrap_content" android:layout_height="wrap_content" android:src="@drawable/img_result_manikin_h" xmlns:ns538="http://schemas.android.com/apk/res-auto" ns538:scale_height="634" xmlns:ns539="http://schemas.android.com/apk/res-auto" ns539:scale_left="528" xmlns:ns540="http://schemas.android.com/apk/res-auto" ns540:scale_top="1396" xmlns:ns541="http://schemas.android.com/apk/res-auto" ns541:scale_width="1239"/>
                    <ImageView android:id="@+id/test_result_overview_compression_position_ra" android:layout_width="wrap_content" android:layout_height="wrap_content" android:src="@drawable/img_result_manikin_ra" xmlns:ns542="http://schemas.android.com/apk/res-auto" ns542:scale_height="634" xmlns:ns543="http://schemas.android.com/apk/res-auto" ns543:scale_left="528" xmlns:ns544="http://schemas.android.com/apk/res-auto" ns544:scale_top="1396" xmlns:ns545="http://schemas.android.com/apk/res-auto" ns545:scale_width="1239"/>
                    <ImageView android:id="@+id/test_result_overview_compression_position_s" android:layout_width="wrap_content" android:layout_height="wrap_content" android:src="@drawable/img_result_manikin_s" xmlns:ns546="http://schemas.android.com/apk/res-auto" ns546:scale_height="634" xmlns:ns547="http://schemas.android.com/apk/res-auto" ns547:scale_left="528" xmlns:ns548="http://schemas.android.com/apk/res-auto" ns548:scale_top="1396" xmlns:ns549="http://schemas.android.com/apk/res-auto" ns549:scale_width="1239"/>
                    <ImageView android:id="@+id/test_result_overview_compression_position_la" android:layout_width="wrap_content" android:layout_height="wrap_content" android:src="@drawable/img_result_manikin_la" xmlns:ns550="http://schemas.android.com/apk/res-auto" ns550:scale_height="634" xmlns:ns551="http://schemas.android.com/apk/res-auto" ns551:scale_left="528" xmlns:ns552="http://schemas.android.com/apk/res-auto" ns552:scale_top="1396" xmlns:ns553="http://schemas.android.com/apk/res-auto" ns553:scale_width="1239"/>
                    <TextView android:textColor="@color/black" android:gravity="center" android:id="@+id/test_result_overview_compression_position_c_txt" android:layout_width="wrap_content" android:layout_height="wrap_content" android:text="100%" xmlns:ns554="http://schemas.android.com/apk/res-auto" ns554:scale_height="100" xmlns:ns555="http://schemas.android.com/apk/res-auto" ns555:scale_left="1190" xmlns:ns556="http://schemas.android.com/apk/res-auto" ns556:scale_textsize="70" xmlns:ns557="http://schemas.android.com/apk/res-auto" ns557:scale_top="1663" xmlns:ns558="http://schemas.android.com/apk/res-auto" ns558:scale_width="232"/>
                    <TextView android:textColor="@color/black" android:gravity="center" android:id="@+id/test_result_overview_compression_position_h_txt" android:layout_width="wrap_content" android:layout_height="wrap_content" android:text="100%" xmlns:ns559="http://schemas.android.com/apk/res-auto" ns559:scale_height="100" xmlns:ns560="http://schemas.android.com/apk/res-auto" ns560:scale_left="956" xmlns:ns561="http://schemas.android.com/apk/res-auto" ns561:scale_textsize="70" xmlns:ns562="http://schemas.android.com/apk/res-auto" ns562:scale_top="1663" xmlns:ns563="http://schemas.android.com/apk/res-auto" ns563:scale_width="232"/>
                    <TextView android:textColor="@color/black" android:gravity="center" android:id="@+id/test_result_overview_compression_position_ra_txt" android:layout_width="wrap_content" android:layout_height="wrap_content" android:text="100%" xmlns:ns564="http://schemas.android.com/apk/res-auto" ns564:scale_height="150" xmlns:ns565="http://schemas.android.com/apk/res-auto" ns565:scale_left="1190" xmlns:ns566="http://schemas.android.com/apk/res-auto" ns566:scale_textsize="70" xmlns:ns567="http://schemas.android.com/apk/res-auto" ns567:scale_top="1836" xmlns:ns568="http://schemas.android.com/apk/res-auto" ns568:scale_width="232"/>
                    <TextView android:textColor="@color/black" android:gravity="center" android:id="@+id/test_result_overview_compression_position_s_txt" android:layout_width="wrap_content" android:layout_height="wrap_content" android:text="100%" xmlns:ns569="http://schemas.android.com/apk/res-auto" ns569:scale_height="100" xmlns:ns570="http://schemas.android.com/apk/res-auto" ns570:scale_left="1422" xmlns:ns571="http://schemas.android.com/apk/res-auto" ns571:scale_textsize="70" xmlns:ns572="http://schemas.android.com/apk/res-auto" ns572:scale_top="1663" xmlns:ns573="http://schemas.android.com/apk/res-auto" ns573:scale_width="232"/>
                    <TextView android:textColor="@color/black" android:gravity="center" android:id="@+id/test_result_overview_compression_position_la_txt" android:layout_width="wrap_content" android:layout_height="wrap_content" android:text="100%" xmlns:ns574="http://schemas.android.com/apk/res-auto" ns574:scale_height="150" xmlns:ns575="http://schemas.android.com/apk/res-auto" ns575:scale_left="1190" xmlns:ns576="http://schemas.android.com/apk/res-auto" ns576:scale_textsize="70" xmlns:ns577="http://schemas.android.com/apk/res-auto" ns577:scale_top="1440" xmlns:ns578="http://schemas.android.com/apk/res-auto" ns578:scale_width="232"/>
                </com.ssomai.android.scalablelayout.ScalableLayout>
            </ScrollView>
            <ScrollView android:id="@+id/test_result_detail_scroll" android:visibility="invisible" android:layout_width="wrap_content" android:layout_height="wrap_content" xmlns:ns579="http://schemas.android.com/apk/res-auto" ns579:scale_height="840" xmlns:ns580="http://schemas.android.com/apk/res-auto" ns580:scale_left="0" xmlns:ns581="http://schemas.android.com/apk/res-auto" ns581:scale_top="255" xmlns:ns582="http://schemas.android.com/apk/res-auto" ns582:scale_width="2295">
                <com.ssomai.android.scalablelayout.ScalableLayout android:id="@+id/test_result_detail_scroll_sc" android:layout_width="wrap_content" android:layout_height="wrap_content" xmlns:ns583="http://schemas.android.com/apk/res-auto" ns583:scale_base_height="3250" xmlns:ns584="http://schemas.android.com/apk/res-auto" ns584:scale_base_width="2295">
                    <TextView android:textColor="@color/black" android:gravity="center_vertical" android:id="@+id/test_result_detail_graph_title" android:layout_width="wrap_content" android:layout_height="wrap_content" android:text="압박그래프" xmlns:ns585="http://schemas.android.com/apk/res-auto" ns585:scale_height="100" xmlns:ns586="http://schemas.android.com/apk/res-auto" ns586:scale_left="100" xmlns:ns587="http://schemas.android.com/apk/res-auto" ns587:scale_textsize="60" xmlns:ns588="http://schemas.android.com/apk/res-auto" ns588:scale_top="0" xmlns:ns589="http://schemas.android.com/apk/res-auto" ns589:scale_width="700"/>
                    <com.ssomai.android.scalablelayout.ScalableLayout android:id="@+id/test_result_graph_sc" android:layout_width="wrap_content" android:layout_height="wrap_content" xmlns:ns590="http://schemas.android.com/apk/res-auto" ns590:scale_base_height="1510" xmlns:ns591="http://schemas.android.com/apk/res-auto" ns591:scale_base_width="2095" xmlns:ns592="http://schemas.android.com/apk/res-auto" ns592:scale_height="1510" xmlns:ns593="http://schemas.android.com/apk/res-auto" ns593:scale_left="100" xmlns:ns594="http://schemas.android.com/apk/res-auto" ns594:scale_top="100" xmlns:ns595="http://schemas.android.com/apk/res-auto" ns595:scale_width="2095">
                        <com.ssomai.android.scalablelayout.ScalableLayout android:id="@+id/test_result_graph_line_sc" android:layout_width="wrap_content" android:layout_height="wrap_content" xmlns:ns596="http://schemas.android.com/apk/res-auto" ns596:scale_base_height="920" xmlns:ns597="http://schemas.android.com/apk/res-auto" ns597:scale_base_width="2095" xmlns:ns598="http://schemas.android.com/apk/res-auto" ns598:scale_height="920" xmlns:ns599="http://schemas.android.com/apk/res-auto" ns599:scale_left="0" xmlns:ns600="http://schemas.android.com/apk/res-auto" ns600:scale_top="0" xmlns:ns601="http://schemas.android.com/apk/res-auto" ns601:scale_width="2095">
                            <ImageView android:background="@drawable/graph_base_line" android:layout_width="wrap_content" android:layout_height="wrap_content" xmlns:ns602="http://schemas.android.com/apk/res-auto" ns602:scale_height="2" xmlns:ns603="http://schemas.android.com/apk/res-auto" ns603:scale_left="0" xmlns:ns604="http://schemas.android.com/apk/res-auto" ns604:scale_top="60" xmlns:ns605="http://schemas.android.com/apk/res-auto" ns605:scale_width="2095"/>
                            <ImageView android:id="@+id/test_result_graph_c_depth_good_range" android:background="@color/green" android:layout_width="wrap_content" android:layout_height="wrap_content" android:alpha="0.2" xmlns:ns606="http://schemas.android.com/apk/res-auto" ns606:scale_height="65" xmlns:ns607="http://schemas.android.com/apk/res-auto" ns607:scale_left="0" xmlns:ns608="http://schemas.android.com/apk/res-auto" ns608:scale_top="205" xmlns:ns609="http://schemas.android.com/apk/res-auto" ns609:scale_width="2095"/>
                            <ImageView android:id="@+id/test_result_graph_c_depth_good_line_start" android:background="@drawable/graph_good_line" android:layout_width="wrap_content" android:layout_height="wrap_content" xmlns:ns610="http://schemas.android.com/apk/res-auto" ns610:scale_height="2" xmlns:ns611="http://schemas.android.com/apk/res-auto" ns611:scale_left="0" xmlns:ns612="http://schemas.android.com/apk/res-auto" ns612:scale_top="205" xmlns:ns613="http://schemas.android.com/apk/res-auto" ns613:scale_width="2095"/>
                            <ImageView android:id="@+id/test_result_graph_c_depth_good_line_end" android:background="@drawable/graph_good_line" android:layout_width="wrap_content" android:layout_height="wrap_content" xmlns:ns614="http://schemas.android.com/apk/res-auto" ns614:scale_height="2" xmlns:ns615="http://schemas.android.com/apk/res-auto" ns615:scale_left="0" xmlns:ns616="http://schemas.android.com/apk/res-auto" ns616:scale_top="268" xmlns:ns617="http://schemas.android.com/apk/res-auto" ns617:scale_width="2095"/>
                            <ImageView android:id="@+id/test_result_graph_b_volume_good_range" android:background="@color/green" android:layout_width="wrap_content" android:layout_height="wrap_content" android:alpha="0.2" xmlns:ns618="http://schemas.android.com/apk/res-auto" ns618:scale_height="52.5" xmlns:ns619="http://schemas.android.com/apk/res-auto" ns619:scale_left="0" xmlns:ns620="http://schemas.android.com/apk/res-auto" ns620:scale_top="385" xmlns:ns621="http://schemas.android.com/apk/res-auto" ns621:scale_width="2095"/>
                            <ImageView android:id="@+id/test_result_graph_b_volume_good_line_start" android:background="@drawable/graph_good_line" android:layout_width="wrap_content" android:layout_height="wrap_content" xmlns:ns622="http://schemas.android.com/apk/res-auto" ns622:scale_height="2" xmlns:ns623="http://schemas.android.com/apk/res-auto" ns623:scale_left="0" xmlns:ns624="http://schemas.android.com/apk/res-auto" ns624:scale_top="385" xmlns:ns625="http://schemas.android.com/apk/res-auto" ns625:scale_width="2095"/>
                            <ImageView android:id="@+id/test_result_graph_b_volume_good_line_end" android:background="@drawable/graph_good_line" android:layout_width="wrap_content" android:layout_height="wrap_content" xmlns:ns626="http://schemas.android.com/apk/res-auto" ns626:scale_height="2" xmlns:ns627="http://schemas.android.com/apk/res-auto" ns627:scale_left="0" xmlns:ns628="http://schemas.android.com/apk/res-auto" ns628:scale_top="436.5" xmlns:ns629="http://schemas.android.com/apk/res-auto" ns629:scale_width="2095"/>
                            <ImageView android:background="@drawable/graph_end_line" android:layout_width="wrap_content" android:layout_height="wrap_content" xmlns:ns630="http://schemas.android.com/apk/res-auto" ns630:scale_height="2" xmlns:ns631="http://schemas.android.com/apk/res-auto" ns631:scale_left="0" xmlns:ns632="http://schemas.android.com/apk/res-auto" ns632:scale_top="488" xmlns:ns633="http://schemas.android.com/apk/res-auto" ns633:scale_width="2095"/>
                            <ImageView android:background="@color/green" android:layout_width="wrap_content" android:layout_height="wrap_content" android:alpha="0.2" xmlns:ns634="http://schemas.android.com/apk/res-auto" ns634:scale_height="35" xmlns:ns635="http://schemas.android.com/apk/res-auto" ns635:scale_left="0" xmlns:ns636="http://schemas.android.com/apk/res-auto" ns636:scale_top="650" xmlns:ns637="http://schemas.android.com/apk/res-auto" ns637:scale_width="2095"/>
                            <ImageView android:background="@drawable/graph_good_line" android:layout_width="wrap_content" android:layout_height="wrap_content" xmlns:ns638="http://schemas.android.com/apk/res-auto" ns638:scale_height="2" xmlns:ns639="http://schemas.android.com/apk/res-auto" ns639:scale_left="0" xmlns:ns640="http://schemas.android.com/apk/res-auto" ns640:scale_top="650" xmlns:ns641="http://schemas.android.com/apk/res-auto" ns641:scale_width="2095"/>
                            <ImageView android:background="@drawable/graph_good_line" android:layout_width="wrap_content" android:layout_height="wrap_content" xmlns:ns642="http://schemas.android.com/apk/res-auto" ns642:scale_height="2" xmlns:ns643="http://schemas.android.com/apk/res-auto" ns643:scale_left="0" xmlns:ns644="http://schemas.android.com/apk/res-auto" ns644:scale_top="683" xmlns:ns645="http://schemas.android.com/apk/res-auto" ns645:scale_width="2095"/>
                            <ImageView android:background="@color/green" android:layout_width="wrap_content" android:layout_height="wrap_content" android:alpha="0.2" xmlns:ns646="http://schemas.android.com/apk/res-auto" ns646:scale_height="35" xmlns:ns647="http://schemas.android.com/apk/res-auto" ns647:scale_left="0" xmlns:ns648="http://schemas.android.com/apk/res-auto" ns648:scale_top="785" xmlns:ns649="http://schemas.android.com/apk/res-auto" ns649:scale_width="2095"/>
                            <ImageView android:background="@drawable/graph_good_line" android:layout_width="wrap_content" android:layout_height="wrap_content" xmlns:ns650="http://schemas.android.com/apk/res-auto" ns650:scale_height="2" xmlns:ns651="http://schemas.android.com/apk/res-auto" ns651:scale_left="0" xmlns:ns652="http://schemas.android.com/apk/res-auto" ns652:scale_top="785" xmlns:ns653="http://schemas.android.com/apk/res-auto" ns653:scale_width="2095"/>
                            <ImageView android:background="@drawable/graph_good_line" android:layout_width="wrap_content" android:layout_height="wrap_content" xmlns:ns654="http://schemas.android.com/apk/res-auto" ns654:scale_height="2" xmlns:ns655="http://schemas.android.com/apk/res-auto" ns655:scale_left="0" xmlns:ns656="http://schemas.android.com/apk/res-auto" ns656:scale_top="818" xmlns:ns657="http://schemas.android.com/apk/res-auto" ns657:scale_width="2095"/>
                            <ImageView android:background="@drawable/graph_end_line" android:layout_width="wrap_content" android:layout_height="wrap_content" xmlns:ns658="http://schemas.android.com/apk/res-auto" ns658:scale_height="2" xmlns:ns659="http://schemas.android.com/apk/res-auto" ns659:scale_left="0" xmlns:ns660="http://schemas.android.com/apk/res-auto" ns660:scale_top="855" xmlns:ns661="http://schemas.android.com/apk/res-auto" ns661:scale_width="2095"/>
                        </com.ssomai.android.scalablelayout.ScalableLayout>
                        <com.ssomai.android.scalablelayout.ScalableLayout android:id="@+id/test_result_graph_txt_sc" android:layout_width="wrap_content" android:layout_height="wrap_content" xmlns:ns662="http://schemas.android.com/apk/res-auto" ns662:scale_base_height="920" xmlns:ns663="http://schemas.android.com/apk/res-auto" ns663:scale_base_width="2095" xmlns:ns664="http://schemas.android.com/apk/res-auto" ns664:scale_height="920" xmlns:ns665="http://schemas.android.com/apk/res-auto" ns665:scale_left="0" xmlns:ns666="http://schemas.android.com/apk/res-auto" ns666:scale_top="0" xmlns:ns667="http://schemas.android.com/apk/res-auto" ns667:scale_width="2095">
                            <TextView android:textColor="@color/black" android:gravity="center_vertical" android:id="@+id/test_result_graph_amount_title" android:layout_width="wrap_content" android:layout_height="wrap_content" android:text="압박/호흡 강도" xmlns:ns668="http://schemas.android.com/apk/res-auto" ns668:scale_height="60" xmlns:ns669="http://schemas.android.com/apk/res-auto" ns669:scale_left="0" xmlns:ns670="http://schemas.android.com/apk/res-auto" ns670:scale_textsize="40" xmlns:ns671="http://schemas.android.com/apk/res-auto" ns671:scale_top="0" xmlns:ns672="http://schemas.android.com/apk/res-auto" ns672:scale_width="700"/>
                            <ImageView android:layout_width="wrap_content" android:layout_height="wrap_content" android:src="@drawable/graph_c_arrow_u" xmlns:ns673="http://schemas.android.com/apk/res-auto" ns673:scale_height="60" xmlns:ns674="http://schemas.android.com/apk/res-auto" ns674:scale_left="1400" xmlns:ns675="http://schemas.android.com/apk/res-auto" ns675:scale_top="0" xmlns:ns676="http://schemas.android.com/apk/res-auto" ns676:scale_width="30"/>
                            <TextView android:textColor="@color/black" android:gravity="center_vertical" android:id="@+id/test_result_graph_c_depth_recoil_info" android:layout_width="wrap_content" android:layout_height="wrap_content" android:text="Recoil needed" xmlns:ns677="http://schemas.android.com/apk/res-auto" ns677:scale_height="60" xmlns:ns678="http://schemas.android.com/apk/res-auto" ns678:scale_left="1450" xmlns:ns679="http://schemas.android.com/apk/res-auto" ns679:scale_textsize="30" xmlns:ns680="http://schemas.android.com/apk/res-auto" ns680:scale_top="0" xmlns:ns681="http://schemas.android.com/apk/res-auto" ns681:scale_width="300"/>
                            <ImageView android:layout_width="wrap_content" android:layout_height="wrap_content" android:src="@drawable/graph_c_x" xmlns:ns682="http://schemas.android.com/apk/res-auto" ns682:scale_height="60" xmlns:ns683="http://schemas.android.com/apk/res-auto" ns683:scale_left="1750" xmlns:ns684="http://schemas.android.com/apk/res-auto" ns684:scale_top="0" xmlns:ns685="http://schemas.android.com/apk/res-auto" ns685:scale_width="24"/>
                            <TextView android:textColor="@color/black" android:gravity="center_vertical" android:id="@+id/test_result_graph_c_depth_wp_info" android:layout_width="wrap_content" android:layout_height="wrap_content" android:text="Wrong position" xmlns:ns686="http://schemas.android.com/apk/res-auto" ns686:scale_height="60" xmlns:ns687="http://schemas.android.com/apk/res-auto" ns687:scale_left="1795" xmlns:ns688="http://schemas.android.com/apk/res-auto" ns688:scale_textsize="30" xmlns:ns689="http://schemas.android.com/apk/res-auto" ns689:scale_top="0" xmlns:ns690="http://schemas.android.com/apk/res-auto" ns690:scale_width="300"/>
                            <TextView android:textColor="@color/green" android:gravity="center_vertical" android:id="@+id/test_result_graph_c_depth_recoil_title" android:layout_width="wrap_content" android:layout_height="wrap_content" android:text="Recoil" xmlns:ns691="http://schemas.android.com/apk/res-auto" ns691:scale_height="35" xmlns:ns692="http://schemas.android.com/apk/res-auto" ns692:scale_left="0" xmlns:ns693="http://schemas.android.com/apk/res-auto" ns693:scale_textsize="25" xmlns:ns694="http://schemas.android.com/apk/res-auto" ns694:scale_top="60" xmlns:ns695="http://schemas.android.com/apk/res-auto" ns695:scale_width="300"/>
                            <TextView android:textColor="@color/green" android:gravity="center_vertical" android:id="@+id/test_result_graph_c_depth_good_title" android:layout_width="wrap_content" android:layout_height="wrap_content" android:text="Good" xmlns:ns696="http://schemas.android.com/apk/res-auto" ns696:scale_height="35" xmlns:ns697="http://schemas.android.com/apk/res-auto" ns697:scale_left="0" xmlns:ns698="http://schemas.android.com/apk/res-auto" ns698:scale_textsize="25" xmlns:ns699="http://schemas.android.com/apk/res-auto" ns699:scale_top="205" xmlns:ns700="http://schemas.android.com/apk/res-auto" ns700:scale_width="300"/>
                            <TextView android:textColor="@color/red" android:gravity="center_vertical" android:id="@+id/test_result_graph_c_depth_strong_title" android:layout_width="wrap_content" android:layout_height="wrap_content" android:text="Strong" xmlns:ns701="http://schemas.android.com/apk/res-auto" ns701:scale_height="35" xmlns:ns702="http://schemas.android.com/apk/res-auto" ns702:scale_left="0" xmlns:ns703="http://schemas.android.com/apk/res-auto" ns703:scale_textsize="25" xmlns:ns704="http://schemas.android.com/apk/res-auto" ns704:scale_top="270" xmlns:ns705="http://schemas.android.com/apk/res-auto" ns705:scale_width="300"/>
                            <TextView android:textColor="@color/red" android:gravity="center_vertical" android:id="@+id/test_result_graph_b_volume_strong_title" android:layout_width="wrap_content" android:layout_height="wrap_content" android:text="Strong" xmlns:ns706="http://schemas.android.com/apk/res-auto" ns706:scale_height="35" xmlns:ns707="http://schemas.android.com/apk/res-auto" ns707:scale_left="0" xmlns:ns708="http://schemas.android.com/apk/res-auto" ns708:scale_textsize="25" xmlns:ns709="http://schemas.android.com/apk/res-auto" ns709:scale_top="350" xmlns:ns710="http://schemas.android.com/apk/res-auto" ns710:scale_width="300"/>
                            <TextView android:textColor="@color/green" android:gravity="center_vertical" android:id="@+id/test_result_graph_b_volume_good_title" android:layout_width="wrap_content" android:layout_height="wrap_content" android:text="Good" xmlns:ns711="http://schemas.android.com/apk/res-auto" ns711:scale_height="35" xmlns:ns712="http://schemas.android.com/apk/res-auto" ns712:scale_left="0" xmlns:ns713="http://schemas.android.com/apk/res-auto" ns713:scale_textsize="25" xmlns:ns714="http://schemas.android.com/apk/res-auto" ns714:scale_top="402.5" xmlns:ns715="http://schemas.android.com/apk/res-auto" ns715:scale_width="300"/>
                            <TextView android:textColor="@color/yellow" android:gravity="center_vertical" android:id="@+id/test_result_graph_b_volume_weak_title" android:layout_width="wrap_content" android:layout_height="wrap_content" android:text="Weak" xmlns:ns716="http://schemas.android.com/apk/res-auto" ns716:scale_height="35" xmlns:ns717="http://schemas.android.com/apk/res-auto" ns717:scale_left="0" xmlns:ns718="http://schemas.android.com/apk/res-auto" ns718:scale_textsize="25" xmlns:ns719="http://schemas.android.com/apk/res-auto" ns719:scale_top="455" xmlns:ns720="http://schemas.android.com/apk/res-auto" ns720:scale_width="300"/>
                            <TextView android:textColor="@color/black" android:gravity="center_vertical" android:id="@+id/test_result_graph_rate_title" android:layout_width="wrap_content" android:layout_height="wrap_content" android:text="압박/호흡 속도" xmlns:ns721="http://schemas.android.com/apk/res-auto" ns721:scale_height="60" xmlns:ns722="http://schemas.android.com/apk/res-auto" ns722:scale_left="0" xmlns:ns723="http://schemas.android.com/apk/res-auto" ns723:scale_textsize="40" xmlns:ns724="http://schemas.android.com/apk/res-auto" ns724:scale_top="535" xmlns:ns725="http://schemas.android.com/apk/res-auto" ns725:scale_width="1000"/>
                            <TextView android:textColor="@color/red" android:gravity="center_vertical" android:id="@+id/test_result_graph_c_rate_fast_title" android:layout_width="wrap_content" android:layout_height="wrap_content" android:text="Fast" xmlns:ns726="http://schemas.android.com/apk/res-auto" ns726:scale_height="35" xmlns:ns727="http://schemas.android.com/apk/res-auto" ns727:scale_left="0" xmlns:ns728="http://schemas.android.com/apk/res-auto" ns728:scale_textsize="25" xmlns:ns729="http://schemas.android.com/apk/res-auto" ns729:scale_top="615" xmlns:ns730="http://schemas.android.com/apk/res-auto" ns730:scale_width="300"/>
                            <TextView android:textColor="@color/green" android:gravity="center_vertical" android:id="@+id/test_result_graph_c_rate_good_title" android:layout_width="wrap_content" android:layout_height="wrap_content" android:text="Good" xmlns:ns731="http://schemas.android.com/apk/res-auto" ns731:scale_height="35" xmlns:ns732="http://schemas.android.com/apk/res-auto" ns732:scale_left="0" xmlns:ns733="http://schemas.android.com/apk/res-auto" ns733:scale_textsize="25" xmlns:ns734="http://schemas.android.com/apk/res-auto" ns734:scale_top="650" xmlns:ns735="http://schemas.android.com/apk/res-auto" ns735:scale_width="300"/>
                            <TextView android:textColor="@color/yellow" android:gravity="center_vertical" android:id="@+id/test_result_graph_c_rate_slow_title" android:layout_width="wrap_content" android:layout_height="wrap_content" android:text="Slow" xmlns:ns736="http://schemas.android.com/apk/res-auto" ns736:scale_height="35" xmlns:ns737="http://schemas.android.com/apk/res-auto" ns737:scale_left="0" xmlns:ns738="http://schemas.android.com/apk/res-auto" ns738:scale_textsize="25" xmlns:ns739="http://schemas.android.com/apk/res-auto" ns739:scale_top="685" xmlns:ns740="http://schemas.android.com/apk/res-auto" ns740:scale_width="300"/>
                            <TextView android:textColor="@color/red" android:gravity="center_vertical" android:id="@+id/test_result_graph_b_rate_fast_title" android:layout_width="wrap_content" android:layout_height="wrap_content" android:text="Fast" xmlns:ns741="http://schemas.android.com/apk/res-auto" ns741:scale_height="35" xmlns:ns742="http://schemas.android.com/apk/res-auto" ns742:scale_left="0" xmlns:ns743="http://schemas.android.com/apk/res-auto" ns743:scale_textsize="25" xmlns:ns744="http://schemas.android.com/apk/res-auto" ns744:scale_top="750" xmlns:ns745="http://schemas.android.com/apk/res-auto" ns745:scale_width="300"/>
                            <TextView android:textColor="@color/green" android:gravity="center_vertical" android:id="@+id/test_result_graph_b_rate_good_title" android:layout_width="wrap_content" android:layout_height="wrap_content" android:text="Good" xmlns:ns746="http://schemas.android.com/apk/res-auto" ns746:scale_height="35" xmlns:ns747="http://schemas.android.com/apk/res-auto" ns747:scale_left="0" xmlns:ns748="http://schemas.android.com/apk/res-auto" ns748:scale_textsize="25" xmlns:ns749="http://schemas.android.com/apk/res-auto" ns749:scale_top="785" xmlns:ns750="http://schemas.android.com/apk/res-auto" ns750:scale_width="300"/>
                            <TextView android:textColor="@color/yellow" android:gravity="center_vertical" android:id="@+id/test_result_graph_b_rate_slow_title" android:layout_width="wrap_content" android:layout_height="wrap_content" android:text="Slow" xmlns:ns751="http://schemas.android.com/apk/res-auto" ns751:scale_height="35" xmlns:ns752="http://schemas.android.com/apk/res-auto" ns752:scale_left="0" xmlns:ns753="http://schemas.android.com/apk/res-auto" ns753:scale_textsize="25" xmlns:ns754="http://schemas.android.com/apk/res-auto" ns754:scale_top="820" xmlns:ns755="http://schemas.android.com/apk/res-auto" ns755:scale_width="300"/>
                        </com.ssomai.android.scalablelayout.ScalableLayout>
                        <HorizontalScrollView android:id="@+id/test_result_graph_child_scroll" android:layout_width="wrap_content" android:layout_height="wrap_content" xmlns:ns756="http://schemas.android.com/apk/res-auto" ns756:scale_height="1510" xmlns:ns757="http://schemas.android.com/apk/res-auto" ns757:scale_left="300" xmlns:ns758="http://schemas.android.com/apk/res-auto" ns758:scale_top="0" xmlns:ns759="http://schemas.android.com/apk/res-auto" ns759:scale_width="1795">
                            <com.ssomai.android.scalablelayout.ScalableLayout android:id="@+id/test_result_graph_child_scroll_sc" android:layout_width="wrap_content" android:layout_height="wrap_content" xmlns:ns760="http://schemas.android.com/apk/res-auto" ns760:scale_base_height="1510" xmlns:ns761="http://schemas.android.com/apk/res-auto" ns761:scale_base_width="9000"/>
                        </HorizontalScrollView>
                    </com.ssomai.android.scalablelayout.ScalableLayout>
                    <TextView android:textColor="@color/black" android:gravity="center_vertical" android:id="@+id/test_result_detail_sheet_title" android:layout_width="wrap_content" android:layout_height="wrap_content" android:text="체크리스트" xmlns:ns762="http://schemas.android.com/apk/res-auto" ns762:scale_height="100" xmlns:ns763="http://schemas.android.com/apk/res-auto" ns763:scale_left="100" xmlns:ns764="http://schemas.android.com/apk/res-auto" ns764:scale_textsize="60" xmlns:ns765="http://schemas.android.com/apk/res-auto" ns765:scale_top="1610" xmlns:ns766="http://schemas.android.com/apk/res-auto" ns766:scale_width="700"/>
                    <com.ssomai.android.scalablelayout.ScalableLayout android:id="@+id/test_result_sheet_adult_bls_sc" android:visibility="invisible" android:layout_width="wrap_content" android:layout_height="wrap_content" xmlns:ns767="http://schemas.android.com/apk/res-auto" ns767:scale_base_height="3250" xmlns:ns768="http://schemas.android.com/apk/res-auto" ns768:scale_base_width="2295" xmlns:ns769="http://schemas.android.com/apk/res-auto" ns769:scale_height="3250" xmlns:ns770="http://schemas.android.com/apk/res-auto" ns770:scale_left="0" xmlns:ns771="http://schemas.android.com/apk/res-auto" ns771:scale_top="1710" xmlns:ns772="http://schemas.android.com/apk/res-auto" ns772:scale_width="2295">
                        <com.ssomai.android.scalablelayout.ScalableLayout android:id="@+id/test_result_sheet_adult_bls_part1_sc" android:visibility="visible" android:layout_width="wrap_content" android:layout_height="wrap_content" xmlns:ns773="http://schemas.android.com/apk/res-auto" ns773:scale_base_height="750" xmlns:ns774="http://schemas.android.com/apk/res-auto" ns774:scale_base_width="2095" xmlns:ns775="http://schemas.android.com/apk/res-auto" ns775:scale_height="750" xmlns:ns776="http://schemas.android.com/apk/res-auto" ns776:scale_left="100" xmlns:ns777="http://schemas.android.com/apk/res-auto" ns777:scale_top="50" xmlns:ns778="http://schemas.android.com/apk/res-auto" ns778:scale_width="2095">
                            <TextView android:textColor="@color/black" android:gravity="center_vertical" android:id="@+id/test_result_sheet_adult_bls_g1_txt" android:layout_width="wrap_content" android:layout_height="wrap_content" android:text="평가 및 가동 " xmlns:ns779="http://schemas.android.com/apk/res-auto" ns779:scale_height="150" xmlns:ns780="http://schemas.android.com/apk/res-auto" ns780:scale_left="5" xmlns:ns781="http://schemas.android.com/apk/res-auto" ns781:scale_textsize="45" xmlns:ns782="http://schemas.android.com/apk/res-auto" ns782:scale_top="0" xmlns:ns783="http://schemas.android.com/apk/res-auto" ns783:scale_width="2090"/>
                            <com.ssomai.android.scalablelayout.ScalableLayout android:id="@+id/test_result_sheet_adult_bls_g1q1_sc" android:background="@drawable/bg_test_unselected" android:layout_width="wrap_content" android:layout_height="wrap_content" xmlns:ns784="http://schemas.android.com/apk/res-auto" ns784:scale_base_height="150" xmlns:ns785="http://schemas.android.com/apk/res-auto" ns785:scale_base_width="2095" xmlns:ns786="http://schemas.android.com/apk/res-auto" ns786:scale_height="150" xmlns:ns787="http://schemas.android.com/apk/res-auto" ns787:scale_left="0" xmlns:ns788="http://schemas.android.com/apk/res-auto" ns788:scale_top="150" xmlns:ns789="http://schemas.android.com/apk/res-auto" ns789:scale_width="2095">
                                <TextView android:textColor="@color/black" android:gravity="center_vertical" android:id="@+id/test_result_sheet_adult_bls_g1q1_txt" android:layout_width="wrap_content" android:layout_height="wrap_content" android:text="의식 유무 확인" xmlns:ns790="http://schemas.android.com/apk/res-auto" ns790:scale_height="150" xmlns:ns791="http://schemas.android.com/apk/res-auto" ns791:scale_left="30" xmlns:ns792="http://schemas.android.com/apk/res-auto" ns792:scale_textsize="40" xmlns:ns793="http://schemas.android.com/apk/res-auto" ns793:scale_top="0" xmlns:ns794="http://schemas.android.com/apk/res-auto" ns794:scale_width="1650"/>
                                <ImageView android:id="@+id/test_result_sheet_adult_bls_g1q1_click_btn" android:layout_width="wrap_content" android:layout_height="wrap_content" xmlns:ns795="http://schemas.android.com/apk/res-auto" ns795:scale_height="150" xmlns:ns796="http://schemas.android.com/apk/res-auto" ns796:scale_left="1895" xmlns:ns797="http://schemas.android.com/apk/res-auto" ns797:scale_top="0" xmlns:ns798="http://schemas.android.com/apk/res-auto" ns798:scale_width="200"/>
                                <ImageView android:id="@+id/test_result_sheet_adult_bls_g1q1_btn" android:layout_width="wrap_content" android:layout_height="wrap_content" android:src="@drawable/img_test_uncheck" xmlns:ns799="http://schemas.android.com/apk/res-auto" ns799:scale_height="120" xmlns:ns800="http://schemas.android.com/apk/res-auto" ns800:scale_left="1960" xmlns:ns801="http://schemas.android.com/apk/res-auto" ns801:scale_top="15" xmlns:ns802="http://schemas.android.com/apk/res-auto" ns802:scale_width="120"/>
                            </com.ssomai.android.scalablelayout.ScalableLayout>
                            <com.ssomai.android.scalablelayout.ScalableLayout android:id="@+id/test_result_sheet_adult_bls_g1q2_sc" android:background="@drawable/bg_test_unselected" android:layout_width="wrap_content" android:layout_height="wrap_content" xmlns:ns803="http://schemas.android.com/apk/res-auto" ns803:scale_base_height="150" xmlns:ns804="http://schemas.android.com/apk/res-auto" ns804:scale_base_width="2095" xmlns:ns805="http://schemas.android.com/apk/res-auto" ns805:scale_height="150" xmlns:ns806="http://schemas.android.com/apk/res-auto" ns806:scale_left="0" xmlns:ns807="http://schemas.android.com/apk/res-auto" ns807:scale_top="300" xmlns:ns808="http://schemas.android.com/apk/res-auto" ns808:scale_width="2095">
                                <TextView android:textColor="@color/black" android:gravity="center_vertical" android:id="@+id/test_result_sheet_adult_bls_g1q2_txt" android:layout_width="wrap_content" android:layout_height="wrap_content" android:text="의식 유무 확인" xmlns:ns809="http://schemas.android.com/apk/res-auto" ns809:scale_height="150" xmlns:ns810="http://schemas.android.com/apk/res-auto" ns810:scale_left="30" xmlns:ns811="http://schemas.android.com/apk/res-auto" ns811:scale_textsize="40" xmlns:ns812="http://schemas.android.com/apk/res-auto" ns812:scale_top="0" xmlns:ns813="http://schemas.android.com/apk/res-auto" ns813:scale_width="1650"/>
                                <ImageView android:id="@+id/test_result_sheet_adult_bls_g1q2_click_btn" android:layout_width="wrap_content" android:layout_height="wrap_content" xmlns:ns814="http://schemas.android.com/apk/res-auto" ns814:scale_height="150" xmlns:ns815="http://schemas.android.com/apk/res-auto" ns815:scale_left="1895" xmlns:ns816="http://schemas.android.com/apk/res-auto" ns816:scale_top="0" xmlns:ns817="http://schemas.android.com/apk/res-auto" ns817:scale_width="200"/>
                                <ImageView android:id="@+id/test_result_sheet_adult_bls_g1q2_btn" android:layout_width="wrap_content" android:layout_height="wrap_content" android:src="@drawable/img_test_uncheck" xmlns:ns818="http://schemas.android.com/apk/res-auto" ns818:scale_height="120" xmlns:ns819="http://schemas.android.com/apk/res-auto" ns819:scale_left="1960" xmlns:ns820="http://schemas.android.com/apk/res-auto" ns820:scale_top="15" xmlns:ns821="http://schemas.android.com/apk/res-auto" ns821:scale_width="120"/>
                            </com.ssomai.android.scalablelayout.ScalableLayout>
                            <com.ssomai.android.scalablelayout.ScalableLayout android:id="@+id/test_result_sheet_adult_bls_g1q3_sc" android:background="@drawable/bg_test_unselected" android:layout_width="wrap_content" android:layout_height="wrap_content" xmlns:ns822="http://schemas.android.com/apk/res-auto" ns822:scale_base_height="150" xmlns:ns823="http://schemas.android.com/apk/res-auto" ns823:scale_base_width="2095" xmlns:ns824="http://schemas.android.com/apk/res-auto" ns824:scale_height="150" xmlns:ns825="http://schemas.android.com/apk/res-auto" ns825:scale_left="0" xmlns:ns826="http://schemas.android.com/apk/res-auto" ns826:scale_top="450" xmlns:ns827="http://schemas.android.com/apk/res-auto" ns827:scale_width="2095">
                                <TextView android:textColor="@color/black" android:gravity="center_vertical" android:id="@+id/test_result_sheet_adult_bls_g1q3_txt" android:layout_width="wrap_content" android:layout_height="wrap_content" android:text="의식 유무 확인" xmlns:ns828="http://schemas.android.com/apk/res-auto" ns828:scale_height="150" xmlns:ns829="http://schemas.android.com/apk/res-auto" ns829:scale_left="30" xmlns:ns830="http://schemas.android.com/apk/res-auto" ns830:scale_textsize="40" xmlns:ns831="http://schemas.android.com/apk/res-auto" ns831:scale_top="0" xmlns:ns832="http://schemas.android.com/apk/res-auto" ns832:scale_width="1650"/>
                                <ImageView android:id="@+id/test_result_sheet_adult_bls_g1q3_click_btn" android:layout_width="wrap_content" android:layout_height="wrap_content" xmlns:ns833="http://schemas.android.com/apk/res-auto" ns833:scale_height="150" xmlns:ns834="http://schemas.android.com/apk/res-auto" ns834:scale_left="1895" xmlns:ns835="http://schemas.android.com/apk/res-auto" ns835:scale_top="0" xmlns:ns836="http://schemas.android.com/apk/res-auto" ns836:scale_width="200"/>
                                <ImageView android:id="@+id/test_result_sheet_adult_bls_g1q3_btn" android:layout_width="wrap_content" android:layout_height="wrap_content" android:src="@drawable/img_test_uncheck" xmlns:ns837="http://schemas.android.com/apk/res-auto" ns837:scale_height="120" xmlns:ns838="http://schemas.android.com/apk/res-auto" ns838:scale_left="1960" xmlns:ns839="http://schemas.android.com/apk/res-auto" ns839:scale_top="15" xmlns:ns840="http://schemas.android.com/apk/res-auto" ns840:scale_width="120"/>
                            </com.ssomai.android.scalablelayout.ScalableLayout>
                            <com.ssomai.android.scalablelayout.ScalableLayout android:id="@+id/test_result_sheet_adult_bls_g1q4_sc" android:background="@drawable/bg_test_unselected" android:layout_width="wrap_content" android:layout_height="wrap_content" xmlns:ns841="http://schemas.android.com/apk/res-auto" ns841:scale_base_height="150" xmlns:ns842="http://schemas.android.com/apk/res-auto" ns842:scale_base_width="2095" xmlns:ns843="http://schemas.android.com/apk/res-auto" ns843:scale_height="150" xmlns:ns844="http://schemas.android.com/apk/res-auto" ns844:scale_left="0" xmlns:ns845="http://schemas.android.com/apk/res-auto" ns845:scale_top="600" xmlns:ns846="http://schemas.android.com/apk/res-auto" ns846:scale_width="2095">
                                <TextView android:textColor="@color/black" android:gravity="center_vertical" android:id="@+id/test_result_sheet_adult_bls_g1q4_txt" android:layout_width="wrap_content" android:layout_height="wrap_content" android:text="의식 유무 확인" xmlns:ns847="http://schemas.android.com/apk/res-auto" ns847:scale_height="150" xmlns:ns848="http://schemas.android.com/apk/res-auto" ns848:scale_left="30" xmlns:ns849="http://schemas.android.com/apk/res-auto" ns849:scale_textsize="40" xmlns:ns850="http://schemas.android.com/apk/res-auto" ns850:scale_top="0" xmlns:ns851="http://schemas.android.com/apk/res-auto" ns851:scale_width="1650"/>
                                <ImageView android:id="@+id/test_result_sheet_adult_bls_g1q4_click_btn" android:layout_width="wrap_content" android:layout_height="wrap_content" xmlns:ns852="http://schemas.android.com/apk/res-auto" ns852:scale_height="150" xmlns:ns853="http://schemas.android.com/apk/res-auto" ns853:scale_left="1895" xmlns:ns854="http://schemas.android.com/apk/res-auto" ns854:scale_top="0" xmlns:ns855="http://schemas.android.com/apk/res-auto" ns855:scale_width="200"/>
                                <ImageView android:id="@+id/test_result_sheet_adult_bls_g1q4_btn" android:layout_width="wrap_content" android:layout_height="wrap_content" android:src="@drawable/img_test_uncheck" xmlns:ns856="http://schemas.android.com/apk/res-auto" ns856:scale_height="120" xmlns:ns857="http://schemas.android.com/apk/res-auto" ns857:scale_left="1960" xmlns:ns858="http://schemas.android.com/apk/res-auto" ns858:scale_top="15" xmlns:ns859="http://schemas.android.com/apk/res-auto" ns859:scale_width="120"/>
                            </com.ssomai.android.scalablelayout.ScalableLayout>
                            <com.ssomai.android.scalablelayout.ScalableLayout android:id="@+id/test_result_sheet_adult_bls_g1q5_sc" android:background="@drawable/bg_test_unselected" android:layout_width="wrap_content" android:layout_height="wrap_content" xmlns:ns860="http://schemas.android.com/apk/res-auto" ns860:scale_base_height="150" xmlns:ns861="http://schemas.android.com/apk/res-auto" ns861:scale_base_width="2095" xmlns:ns862="http://schemas.android.com/apk/res-auto" ns862:scale_height="150" xmlns:ns863="http://schemas.android.com/apk/res-auto" ns863:scale_left="0" xmlns:ns864="http://schemas.android.com/apk/res-auto" ns864:scale_top="750" xmlns:ns865="http://schemas.android.com/apk/res-auto" ns865:scale_width="2095">
                                <TextView android:textColor="@color/black" android:gravity="center_vertical" android:id="@+id/test_result_sheet_adult_bls_g1q5_txt" android:layout_width="wrap_content" android:layout_height="wrap_content" android:text="의식 유무 확인" xmlns:ns866="http://schemas.android.com/apk/res-auto" ns866:scale_height="150" xmlns:ns867="http://schemas.android.com/apk/res-auto" ns867:scale_left="30" xmlns:ns868="http://schemas.android.com/apk/res-auto" ns868:scale_textsize="40" xmlns:ns869="http://schemas.android.com/apk/res-auto" ns869:scale_top="0" xmlns:ns870="http://schemas.android.com/apk/res-auto" ns870:scale_width="1650"/>
                                <ImageView android:id="@+id/test_result_sheet_adult_bls_g1q5_click_btn" android:layout_width="wrap_content" android:layout_height="wrap_content" xmlns:ns871="http://schemas.android.com/apk/res-auto" ns871:scale_height="150" xmlns:ns872="http://schemas.android.com/apk/res-auto" ns872:scale_left="1895" xmlns:ns873="http://schemas.android.com/apk/res-auto" ns873:scale_top="0" xmlns:ns874="http://schemas.android.com/apk/res-auto" ns874:scale_width="200"/>
                                <ImageView android:id="@+id/test_result_sheet_adult_bls_g1q5_btn" android:layout_width="wrap_content" android:layout_height="wrap_content" android:src="@drawable/img_test_uncheck" xmlns:ns875="http://schemas.android.com/apk/res-auto" ns875:scale_height="120" xmlns:ns876="http://schemas.android.com/apk/res-auto" ns876:scale_left="1960" xmlns:ns877="http://schemas.android.com/apk/res-auto" ns877:scale_top="15" xmlns:ns878="http://schemas.android.com/apk/res-auto" ns878:scale_width="120"/>
                            </com.ssomai.android.scalablelayout.ScalableLayout>
                        </com.ssomai.android.scalablelayout.ScalableLayout>
                        <com.ssomai.android.scalablelayout.ScalableLayout android:id="@+id/test_result_sheet_adult_bls_part2_sc" android:layout_width="wrap_content" android:layout_height="wrap_content" xmlns:ns879="http://schemas.android.com/apk/res-auto" ns879:scale_base_height="1050" xmlns:ns880="http://schemas.android.com/apk/res-auto" ns880:scale_base_width="2095" xmlns:ns881="http://schemas.android.com/apk/res-auto" ns881:scale_height="1050" xmlns:ns882="http://schemas.android.com/apk/res-auto" ns882:scale_left="100" xmlns:ns883="http://schemas.android.com/apk/res-auto" ns883:scale_top="850" xmlns:ns884="http://schemas.android.com/apk/res-auto" ns884:scale_width="2095">
                            <TextView android:textColor="@color/black" android:gravity="center_vertical" android:id="@+id/test_result_sheet_adult_bls_g2_txt" android:layout_width="wrap_content" android:layout_height="wrap_content" android:text="CPR" xmlns:ns885="http://schemas.android.com/apk/res-auto" ns885:scale_height="150" xmlns:ns886="http://schemas.android.com/apk/res-auto" ns886:scale_left="5" xmlns:ns887="http://schemas.android.com/apk/res-auto" ns887:scale_textsize="45" xmlns:ns888="http://schemas.android.com/apk/res-auto" ns888:scale_top="0" xmlns:ns889="http://schemas.android.com/apk/res-auto" ns889:scale_width="2090"/>
                            <TextView android:textColor="@color/black" android:gravity="center_vertical" android:id="@+id/test_result_sheet_adult_bls_g2_average_txt" android:visibility="visible" android:layout_width="wrap_content" android:layout_height="wrap_content" android:text="평균" xmlns:ns890="http://schemas.android.com/apk/res-auto" ns890:scale_height="150" xmlns:ns891="http://schemas.android.com/apk/res-auto" ns891:scale_left="1280" xmlns:ns892="http://schemas.android.com/apk/res-auto" ns892:scale_textsize="40" xmlns:ns893="http://schemas.android.com/apk/res-auto" ns893:scale_top="0" xmlns:ns894="http://schemas.android.com/apk/res-auto" ns894:scale_width="400"/>
                            <TextView android:textColor="@color/black" android:gravity="center" android:id="@+id/test_result_sheet_adult_bls_g2_time_txt" android:visibility="visible" android:layout_width="wrap_content" android:layout_height="wrap_content" android:text="시간" xmlns:ns895="http://schemas.android.com/apk/res-auto" ns895:scale_height="150" xmlns:ns896="http://schemas.android.com/apk/res-auto" ns896:scale_left="1680" xmlns:ns897="http://schemas.android.com/apk/res-auto" ns897:scale_textsize="40" xmlns:ns898="http://schemas.android.com/apk/res-auto" ns898:scale_top="0" xmlns:ns899="http://schemas.android.com/apk/res-auto" ns899:scale_width="200"/>
                            <com.ssomai.android.scalablelayout.ScalableLayout android:id="@+id/test_result_sheet_adult_bls_g2q1_sc" android:background="@drawable/bg_test_unselected" android:layout_width="wrap_content" android:layout_height="wrap_content" xmlns:ns900="http://schemas.android.com/apk/res-auto" ns900:scale_base_height="150" xmlns:ns901="http://schemas.android.com/apk/res-auto" ns901:scale_base_width="2095" xmlns:ns902="http://schemas.android.com/apk/res-auto" ns902:scale_height="150" xmlns:ns903="http://schemas.android.com/apk/res-auto" ns903:scale_left="0" xmlns:ns904="http://schemas.android.com/apk/res-auto" ns904:scale_top="150" xmlns:ns905="http://schemas.android.com/apk/res-auto" ns905:scale_width="2095">
                                <TextView android:textColor="@color/black" android:gravity="center_vertical" android:id="@+id/test_result_sheet_adult_bls_g2q1_txt" android:layout_width="wrap_content" android:layout_height="wrap_content" android:text="의식 유무 확인" xmlns:ns906="http://schemas.android.com/apk/res-auto" ns906:scale_height="150" xmlns:ns907="http://schemas.android.com/apk/res-auto" ns907:scale_left="30" xmlns:ns908="http://schemas.android.com/apk/res-auto" ns908:scale_textsize="40" xmlns:ns909="http://schemas.android.com/apk/res-auto" ns909:scale_top="0" xmlns:ns910="http://schemas.android.com/apk/res-auto" ns910:scale_width="1230"/>
                                <TextView android:textColor="@color/black" android:gravity="center_vertical" android:id="@+id/test_result_sheet_adult_bls_g2q1_average_depth_txt" android:visibility="visible" android:layout_width="wrap_content" android:layout_height="wrap_content" android:text="평균 깊이: 5.0cm" xmlns:ns911="http://schemas.android.com/apk/res-auto" ns911:scale_height="75" xmlns:ns912="http://schemas.android.com/apk/res-auto" ns912:scale_left="1280" xmlns:ns913="http://schemas.android.com/apk/res-auto" ns913:scale_textsize="40" xmlns:ns914="http://schemas.android.com/apk/res-auto" ns914:scale_top="0" xmlns:ns915="http://schemas.android.com/apk/res-auto" ns915:scale_width="400"/>
                                <TextView android:textColor="@color/black" android:gravity="center_vertical" android:id="@+id/test_result_sheet_adult_bls_g2q1_average_rate_txt" android:visibility="visible" android:layout_width="wrap_content" android:layout_height="wrap_content" android:text="평균 속도: 100/분" xmlns:ns916="http://schemas.android.com/apk/res-auto" ns916:scale_height="75" xmlns:ns917="http://schemas.android.com/apk/res-auto" ns917:scale_left="1280" xmlns:ns918="http://schemas.android.com/apk/res-auto" ns918:scale_textsize="40" xmlns:ns919="http://schemas.android.com/apk/res-auto" ns919:scale_top="75" xmlns:ns920="http://schemas.android.com/apk/res-auto" ns920:scale_width="400"/>
                                <TextView android:textColor="@color/black" android:gravity="center" android:id="@+id/test_result_sheet_adult_bls_g2q1_timer_value_txt" android:visibility="visible" android:layout_width="wrap_content" android:layout_height="wrap_content" android:text="0.0" xmlns:ns921="http://schemas.android.com/apk/res-auto" ns921:scale_height="150" xmlns:ns922="http://schemas.android.com/apk/res-auto" ns922:scale_left="1680" xmlns:ns923="http://schemas.android.com/apk/res-auto" ns923:scale_textsize="40" xmlns:ns924="http://schemas.android.com/apk/res-auto" ns924:scale_top="0" xmlns:ns925="http://schemas.android.com/apk/res-auto" ns925:scale_width="200"/>
                                <ImageView android:id="@+id/test_result_sheet_adult_bls_g2q1_click_btn" android:layout_width="wrap_content" android:layout_height="wrap_content" xmlns:ns926="http://schemas.android.com/apk/res-auto" ns926:scale_height="150" xmlns:ns927="http://schemas.android.com/apk/res-auto" ns927:scale_left="1895" xmlns:ns928="http://schemas.android.com/apk/res-auto" ns928:scale_top="0" xmlns:ns929="http://schemas.android.com/apk/res-auto" ns929:scale_width="200"/>
                                <ImageView android:id="@+id/test_result_sheet_adult_bls_g2q1_btn" android:layout_width="wrap_content" android:layout_height="wrap_content" android:src="@drawable/img_test_uncheck" xmlns:ns930="http://schemas.android.com/apk/res-auto" ns930:scale_height="120" xmlns:ns931="http://schemas.android.com/apk/res-auto" ns931:scale_left="1960" xmlns:ns932="http://schemas.android.com/apk/res-auto" ns932:scale_top="15" xmlns:ns933="http://schemas.android.com/apk/res-auto" ns933:scale_width="120"/>
                            </com.ssomai.android.scalablelayout.ScalableLayout>
                            <com.ssomai.android.scalablelayout.ScalableLayout android:id="@+id/test_result_sheet_adult_bls_g2q2_sc" android:background="@drawable/bg_test_unselected" android:layout_width="wrap_content" android:layout_height="wrap_content" xmlns:ns934="http://schemas.android.com/apk/res-auto" ns934:scale_base_height="150" xmlns:ns935="http://schemas.android.com/apk/res-auto" ns935:scale_base_width="2095" xmlns:ns936="http://schemas.android.com/apk/res-auto" ns936:scale_height="150" xmlns:ns937="http://schemas.android.com/apk/res-auto" ns937:scale_left="0" xmlns:ns938="http://schemas.android.com/apk/res-auto" ns938:scale_top="300" xmlns:ns939="http://schemas.android.com/apk/res-auto" ns939:scale_width="2095">
                                <TextView android:textColor="@color/black" android:gravity="center_vertical" android:id="@+id/test_result_sheet_adult_bls_g2q2_txt" android:layout_width="wrap_content" android:layout_height="wrap_content" android:text="의식 유무 확인" xmlns:ns940="http://schemas.android.com/apk/res-auto" ns940:scale_height="150" xmlns:ns941="http://schemas.android.com/apk/res-auto" ns941:scale_left="30" xmlns:ns942="http://schemas.android.com/apk/res-auto" ns942:scale_textsize="40" xmlns:ns943="http://schemas.android.com/apk/res-auto" ns943:scale_top="0" xmlns:ns944="http://schemas.android.com/apk/res-auto" ns944:scale_width="1230"/>
                                <TextView android:textColor="@color/black" android:gravity="center_vertical" android:id="@+id/test_result_sheet_adult_bls_g2q2_average_volume_txt" android:visibility="visible" android:layout_width="wrap_content" android:layout_height="wrap_content" android:text="평균 깊이: 5.0cm" xmlns:ns945="http://schemas.android.com/apk/res-auto" ns945:scale_height="75" xmlns:ns946="http://schemas.android.com/apk/res-auto" ns946:scale_left="1280" xmlns:ns947="http://schemas.android.com/apk/res-auto" ns947:scale_textsize="40" xmlns:ns948="http://schemas.android.com/apk/res-auto" ns948:scale_top="0" xmlns:ns949="http://schemas.android.com/apk/res-auto" ns949:scale_width="400"/>
                                <TextView android:textColor="@color/black" android:gravity="center_vertical" android:id="@+id/test_result_sheet_adult_bls_g2q2_average_rate_txt" android:visibility="visible" android:layout_width="wrap_content" android:layout_height="wrap_content" android:text="평균 속도: 100/분" xmlns:ns950="http://schemas.android.com/apk/res-auto" ns950:scale_height="75" xmlns:ns951="http://schemas.android.com/apk/res-auto" ns951:scale_left="1280" xmlns:ns952="http://schemas.android.com/apk/res-auto" ns952:scale_textsize="40" xmlns:ns953="http://schemas.android.com/apk/res-auto" ns953:scale_top="75" xmlns:ns954="http://schemas.android.com/apk/res-auto" ns954:scale_width="400"/>
                                <TextView android:textColor="@color/black" android:gravity="center" android:id="@+id/test_result_sheet_adult_bls_g2q2_timer_value_txt" android:background="@drawable/img_testsheet_hot" android:visibility="visible" android:layout_width="wrap_content" android:layout_height="wrap_content" android:text="0.0" xmlns:ns955="http://schemas.android.com/apk/res-auto" ns955:scale_height="100" xmlns:ns956="http://schemas.android.com/apk/res-auto" ns956:scale_left="1680" xmlns:ns957="http://schemas.android.com/apk/res-auto" ns957:scale_textsize="40" xmlns:ns958="http://schemas.android.com/apk/res-auto" ns958:scale_top="25" xmlns:ns959="http://schemas.android.com/apk/res-auto" ns959:scale_width="200"/>
                                <ImageView android:id="@+id/test_result_sheet_adult_bls_g2q2_click_btn" android:layout_width="wrap_content" android:layout_height="wrap_content" xmlns:ns960="http://schemas.android.com/apk/res-auto" ns960:scale_height="150" xmlns:ns961="http://schemas.android.com/apk/res-auto" ns961:scale_left="1895" xmlns:ns962="http://schemas.android.com/apk/res-auto" ns962:scale_top="0" xmlns:ns963="http://schemas.android.com/apk/res-auto" ns963:scale_width="200"/>
                                <ImageView android:id="@+id/test_result_sheet_adult_bls_g2q2_btn" android:layout_width="wrap_content" android:layout_height="wrap_content" android:src="@drawable/img_test_uncheck" xmlns:ns964="http://schemas.android.com/apk/res-auto" ns964:scale_height="120" xmlns:ns965="http://schemas.android.com/apk/res-auto" ns965:scale_left="1960" xmlns:ns966="http://schemas.android.com/apk/res-auto" ns966:scale_top="15" xmlns:ns967="http://schemas.android.com/apk/res-auto" ns967:scale_width="120"/>
                            </com.ssomai.android.scalablelayout.ScalableLayout>
                            <com.ssomai.android.scalablelayout.ScalableLayout android:id="@+id/test_result_sheet_adult_bls_g2q3_sc" android:background="@drawable/bg_test_unselected" android:layout_width="wrap_content" android:layout_height="wrap_content" xmlns:ns968="http://schemas.android.com/apk/res-auto" ns968:scale_base_height="150" xmlns:ns969="http://schemas.android.com/apk/res-auto" ns969:scale_base_width="2095" xmlns:ns970="http://schemas.android.com/apk/res-auto" ns970:scale_height="150" xmlns:ns971="http://schemas.android.com/apk/res-auto" ns971:scale_left="0" xmlns:ns972="http://schemas.android.com/apk/res-auto" ns972:scale_top="450" xmlns:ns973="http://schemas.android.com/apk/res-auto" ns973:scale_width="2095">
                                <TextView android:textColor="@color/black" android:gravity="center_vertical" android:id="@+id/test_result_sheet_adult_bls_g2q3_txt" android:layout_width="wrap_content" android:layout_height="wrap_content" android:text="의식 유무 확인" xmlns:ns974="http://schemas.android.com/apk/res-auto" ns974:scale_height="150" xmlns:ns975="http://schemas.android.com/apk/res-auto" ns975:scale_left="30" xmlns:ns976="http://schemas.android.com/apk/res-auto" ns976:scale_textsize="40" xmlns:ns977="http://schemas.android.com/apk/res-auto" ns977:scale_top="0" xmlns:ns978="http://schemas.android.com/apk/res-auto" ns978:scale_width="1230"/>
                                <TextView android:textColor="@color/black" android:gravity="center_vertical" android:id="@+id/test_result_sheet_adult_bls_g2q3_average_depth_txt" android:visibility="visible" android:layout_width="wrap_content" android:layout_height="wrap_content" android:text="평균 깊이: 5.0cm" xmlns:ns979="http://schemas.android.com/apk/res-auto" ns979:scale_height="75" xmlns:ns980="http://schemas.android.com/apk/res-auto" ns980:scale_left="1280" xmlns:ns981="http://schemas.android.com/apk/res-auto" ns981:scale_textsize="40" xmlns:ns982="http://schemas.android.com/apk/res-auto" ns982:scale_top="0" xmlns:ns983="http://schemas.android.com/apk/res-auto" ns983:scale_width="400"/>
                                <TextView android:textColor="@color/black" android:gravity="center_vertical" android:id="@+id/test_result_sheet_adult_bls_g2q3_average_rate_txt" android:visibility="visible" android:layout_width="wrap_content" android:layout_height="wrap_content" android:text="평균 속도: 100/분" xmlns:ns984="http://schemas.android.com/apk/res-auto" ns984:scale_height="75" xmlns:ns985="http://schemas.android.com/apk/res-auto" ns985:scale_left="1280" xmlns:ns986="http://schemas.android.com/apk/res-auto" ns986:scale_textsize="40" xmlns:ns987="http://schemas.android.com/apk/res-auto" ns987:scale_top="75" xmlns:ns988="http://schemas.android.com/apk/res-auto" ns988:scale_width="400"/>
                                <TextView android:textColor="@color/black" android:gravity="center" android:id="@+id/test_result_sheet_adult_bls_g2q3_timer_value_txt" android:visibility="visible" android:layout_width="wrap_content" android:layout_height="wrap_content" android:text="0.0" xmlns:ns989="http://schemas.android.com/apk/res-auto" ns989:scale_height="150" xmlns:ns990="http://schemas.android.com/apk/res-auto" ns990:scale_left="1680" xmlns:ns991="http://schemas.android.com/apk/res-auto" ns991:scale_textsize="40" xmlns:ns992="http://schemas.android.com/apk/res-auto" ns992:scale_top="0" xmlns:ns993="http://schemas.android.com/apk/res-auto" ns993:scale_width="200"/>
                                <ImageView android:id="@+id/test_result_sheet_adult_bls_g2q3_click_btn" android:layout_width="wrap_content" android:layout_height="wrap_content" xmlns:ns994="http://schemas.android.com/apk/res-auto" ns994:scale_height="150" xmlns:ns995="http://schemas.android.com/apk/res-auto" ns995:scale_left="1895" xmlns:ns996="http://schemas.android.com/apk/res-auto" ns996:scale_top="0" xmlns:ns997="http://schemas.android.com/apk/res-auto" ns997:scale_width="200"/>
                                <ImageView android:id="@+id/test_result_sheet_adult_bls_g2q3_btn" android:layout_width="wrap_content" android:layout_height="wrap_content" android:src="@drawable/img_test_uncheck" xmlns:ns998="http://schemas.android.com/apk/res-auto" ns998:scale_height="120" xmlns:ns999="http://schemas.android.com/apk/res-auto" ns999:scale_left="1960" xmlns:ns1000="http://schemas.android.com/apk/res-auto" ns1000:scale_top="15" xmlns:ns1001="http://schemas.android.com/apk/res-auto" ns1001:scale_width="120"/>
                            </com.ssomai.android.scalablelayout.ScalableLayout>
                            <com.ssomai.android.scalablelayout.ScalableLayout android:id="@+id/test_result_sheet_adult_bls_g2q4_sc" android:background="@drawable/bg_test_unselected" android:layout_width="wrap_content" android:layout_height="wrap_content" xmlns:ns1002="http://schemas.android.com/apk/res-auto" ns1002:scale_base_height="150" xmlns:ns1003="http://schemas.android.com/apk/res-auto" ns1003:scale_base_width="2095" xmlns:ns1004="http://schemas.android.com/apk/res-auto" ns1004:scale_height="150" xmlns:ns1005="http://schemas.android.com/apk/res-auto" ns1005:scale_left="0" xmlns:ns1006="http://schemas.android.com/apk/res-auto" ns1006:scale_top="600" xmlns:ns1007="http://schemas.android.com/apk/res-auto" ns1007:scale_width="2095">
                                <TextView android:textColor="@color/black" android:gravity="center_vertical" android:id="@+id/test_result_sheet_adult_bls_g2q4_txt" android:layout_width="wrap_content" android:layout_height="wrap_content" android:text="의식 유무 확인" xmlns:ns1008="http://schemas.android.com/apk/res-auto" ns1008:scale_height="150" xmlns:ns1009="http://schemas.android.com/apk/res-auto" ns1009:scale_left="30" xmlns:ns1010="http://schemas.android.com/apk/res-auto" ns1010:scale_textsize="40" xmlns:ns1011="http://schemas.android.com/apk/res-auto" ns1011:scale_top="0" xmlns:ns1012="http://schemas.android.com/apk/res-auto" ns1012:scale_width="1230"/>
                                <TextView android:textColor="@color/black" android:gravity="center_vertical" android:id="@+id/test_result_sheet_adult_bls_g2q4_average_volume_txt" android:visibility="visible" android:layout_width="wrap_content" android:layout_height="wrap_content" android:text="평균 깊이: 5.0cm" xmlns:ns1013="http://schemas.android.com/apk/res-auto" ns1013:scale_height="75" xmlns:ns1014="http://schemas.android.com/apk/res-auto" ns1014:scale_left="1280" xmlns:ns1015="http://schemas.android.com/apk/res-auto" ns1015:scale_textsize="40" xmlns:ns1016="http://schemas.android.com/apk/res-auto" ns1016:scale_top="0" xmlns:ns1017="http://schemas.android.com/apk/res-auto" ns1017:scale_width="400"/>
                                <TextView android:textColor="@color/black" android:gravity="center_vertical" android:id="@+id/test_result_sheet_adult_bls_g2q4_average_rate_txt" android:visibility="visible" android:layout_width="wrap_content" android:layout_height="wrap_content" android:text="평균 속도: 100/분" xmlns:ns1018="http://schemas.android.com/apk/res-auto" ns1018:scale_height="75" xmlns:ns1019="http://schemas.android.com/apk/res-auto" ns1019:scale_left="1280" xmlns:ns1020="http://schemas.android.com/apk/res-auto" ns1020:scale_textsize="40" xmlns:ns1021="http://schemas.android.com/apk/res-auto" ns1021:scale_top="75" xmlns:ns1022="http://schemas.android.com/apk/res-auto" ns1022:scale_width="400"/>
                                <TextView android:textColor="@color/black" android:gravity="center" android:id="@+id/test_result_sheet_adult_bls_g2q4_timer_value_txt" android:background="@drawable/img_testsheet_hot" android:visibility="visible" android:layout_width="wrap_content" android:layout_height="wrap_content" android:text="0.0" xmlns:ns1023="http://schemas.android.com/apk/res-auto" ns1023:scale_height="100" xmlns:ns1024="http://schemas.android.com/apk/res-auto" ns1024:scale_left="1680" xmlns:ns1025="http://schemas.android.com/apk/res-auto" ns1025:scale_textsize="40" xmlns:ns1026="http://schemas.android.com/apk/res-auto" ns1026:scale_top="25" xmlns:ns1027="http://schemas.android.com/apk/res-auto" ns1027:scale_width="200"/>
                                <ImageView android:id="@+id/test_result_sheet_adult_bls_g2q4_click_btn" android:layout_width="wrap_content" android:layout_height="wrap_content" xmlns:ns1028="http://schemas.android.com/apk/res-auto" ns1028:scale_height="150" xmlns:ns1029="http://schemas.android.com/apk/res-auto" ns1029:scale_left="1895" xmlns:ns1030="http://schemas.android.com/apk/res-auto" ns1030:scale_top="0" xmlns:ns1031="http://schemas.android.com/apk/res-auto" ns1031:scale_width="200"/>
                                <ImageView android:id="@+id/test_result_sheet_adult_bls_g2q4_btn" android:layout_width="wrap_content" android:layout_height="wrap_content" android:src="@drawable/img_test_uncheck" xmlns:ns1032="http://schemas.android.com/apk/res-auto" ns1032:scale_height="120" xmlns:ns1033="http://schemas.android.com/apk/res-auto" ns1033:scale_left="1960" xmlns:ns1034="http://schemas.android.com/apk/res-auto" ns1034:scale_top="15" xmlns:ns1035="http://schemas.android.com/apk/res-auto" ns1035:scale_width="120"/>
                            </com.ssomai.android.scalablelayout.ScalableLayout>
                            <com.ssomai.android.scalablelayout.ScalableLayout android:id="@+id/test_result_sheet_adult_bls_g2q5_sc" android:background="@drawable/bg_test_unselected" android:layout_width="wrap_content" android:layout_height="wrap_content" xmlns:ns1036="http://schemas.android.com/apk/res-auto" ns1036:scale_base_height="150" xmlns:ns1037="http://schemas.android.com/apk/res-auto" ns1037:scale_base_width="2095" xmlns:ns1038="http://schemas.android.com/apk/res-auto" ns1038:scale_height="150" xmlns:ns1039="http://schemas.android.com/apk/res-auto" ns1039:scale_left="0" xmlns:ns1040="http://schemas.android.com/apk/res-auto" ns1040:scale_top="750" xmlns:ns1041="http://schemas.android.com/apk/res-auto" ns1041:scale_width="2095">
                                <TextView android:textColor="@color/black" android:gravity="center_vertical" android:id="@+id/test_result_sheet_adult_bls_g2q5_txt" android:layout_width="wrap_content" android:layout_height="wrap_content" android:text="의식 유무 확인" xmlns:ns1042="http://schemas.android.com/apk/res-auto" ns1042:scale_height="150" xmlns:ns1043="http://schemas.android.com/apk/res-auto" ns1043:scale_left="30" xmlns:ns1044="http://schemas.android.com/apk/res-auto" ns1044:scale_textsize="40" xmlns:ns1045="http://schemas.android.com/apk/res-auto" ns1045:scale_top="0" xmlns:ns1046="http://schemas.android.com/apk/res-auto" ns1046:scale_width="1230"/>
                                <ImageView android:id="@+id/test_result_sheet_adult_bls_g2q5_click_btn" android:layout_width="wrap_content" android:layout_height="wrap_content" xmlns:ns1047="http://schemas.android.com/apk/res-auto" ns1047:scale_height="150" xmlns:ns1048="http://schemas.android.com/apk/res-auto" ns1048:scale_left="1895" xmlns:ns1049="http://schemas.android.com/apk/res-auto" ns1049:scale_top="0" xmlns:ns1050="http://schemas.android.com/apk/res-auto" ns1050:scale_width="200"/>
                                <ImageView android:id="@+id/test_result_sheet_adult_bls_g2q5_btn" android:layout_width="wrap_content" android:layout_height="wrap_content" android:src="@drawable/img_test_uncheck" xmlns:ns1051="http://schemas.android.com/apk/res-auto" ns1051:scale_height="120" xmlns:ns1052="http://schemas.android.com/apk/res-auto" ns1052:scale_left="1960" xmlns:ns1053="http://schemas.android.com/apk/res-auto" ns1053:scale_top="15" xmlns:ns1054="http://schemas.android.com/apk/res-auto" ns1054:scale_width="120"/>
                            </com.ssomai.android.scalablelayout.ScalableLayout>
                            <com.ssomai.android.scalablelayout.ScalableLayout android:id="@+id/test_result_sheet_adult_bls_mibi_sc" android:background="@drawable/bg_test_mibi" android:layout_width="wrap_content" android:layout_height="wrap_content" xmlns:ns1055="http://schemas.android.com/apk/res-auto" ns1055:scale_base_height="150" xmlns:ns1056="http://schemas.android.com/apk/res-auto" ns1056:scale_base_width="2095" xmlns:ns1057="http://schemas.android.com/apk/res-auto" ns1057:scale_height="150" xmlns:ns1058="http://schemas.android.com/apk/res-auto" ns1058:scale_left="0" xmlns:ns1059="http://schemas.android.com/apk/res-auto" ns1059:scale_top="900" xmlns:ns1060="http://schemas.android.com/apk/res-auto" ns1060:scale_width="2095">
                                <TextView android:textColor="@color/black" android:gravity="center_vertical" android:id="@+id/test_result_sheet_adult_bls_mibi_txt" android:layout_width="wrap_content" android:layout_height="wrap_content" android:text="미비항목 체크" xmlns:ns1061="http://schemas.android.com/apk/res-auto" ns1061:scale_height="150" xmlns:ns1062="http://schemas.android.com/apk/res-auto" ns1062:scale_left="30" xmlns:ns1063="http://schemas.android.com/apk/res-auto" ns1063:scale_textsize="40" xmlns:ns1064="http://schemas.android.com/apk/res-auto" ns1064:scale_top="0" xmlns:ns1065="http://schemas.android.com/apk/res-auto" ns1065:scale_width="600"/>
                                <TextView android:textColor="@color/black" android:gravity="right|center_vertical|center_horizontal|center" android:id="@+id/test_result_sheet_adult_bls_mibi1_txt" android:visibility="visible" android:layout_width="wrap_content" android:layout_height="wrap_content" android:text="호흡장비 밀착 미비" xmlns:ns1066="http://schemas.android.com/apk/res-auto" ns1066:scale_height="150" xmlns:ns1067="http://schemas.android.com/apk/res-auto" ns1067:scale_left="950" xmlns:ns1068="http://schemas.android.com/apk/res-auto" ns1068:scale_textsize="40" xmlns:ns1069="http://schemas.android.com/apk/res-auto" ns1069:scale_top="0" xmlns:ns1070="http://schemas.android.com/apk/res-auto" ns1070:scale_width="400"/>
                                <ImageView android:id="@+id/test_result_sheet_adult_bls_mibi1_btn" android:layout_width="wrap_content" android:layout_height="wrap_content" android:src="@drawable/img_test_mibi_uncheck" xmlns:ns1071="http://schemas.android.com/apk/res-auto" ns1071:scale_height="150" xmlns:ns1072="http://schemas.android.com/apk/res-auto" ns1072:scale_left="1350" xmlns:ns1073="http://schemas.android.com/apk/res-auto" ns1073:scale_top="0" xmlns:ns1074="http://schemas.android.com/apk/res-auto" ns1074:scale_width="125"/>
                                <TextView android:textColor="@color/black" android:gravity="right|center_vertical|center_horizontal|center" android:id="@+id/test_result_sheet_adult_bls_mibi2_txt" android:visibility="visible" android:layout_width="wrap_content" android:layout_height="wrap_content" android:text="기도유지 미비" xmlns:ns1075="http://schemas.android.com/apk/res-auto" ns1075:scale_height="150" xmlns:ns1076="http://schemas.android.com/apk/res-auto" ns1076:scale_left="1550" xmlns:ns1077="http://schemas.android.com/apk/res-auto" ns1077:scale_textsize="40" xmlns:ns1078="http://schemas.android.com/apk/res-auto" ns1078:scale_top="0" xmlns:ns1079="http://schemas.android.com/apk/res-auto" ns1079:scale_width="400"/>
                                <ImageView android:id="@+id/test_result_sheet_adult_bls_mibi2_btn" android:layout_width="wrap_content" android:layout_height="wrap_content" android:src="@drawable/img_test_mibi_uncheck" xmlns:ns1080="http://schemas.android.com/apk/res-auto" ns1080:scale_height="150" xmlns:ns1081="http://schemas.android.com/apk/res-auto" ns1081:scale_left="1950" xmlns:ns1082="http://schemas.android.com/apk/res-auto" ns1082:scale_top="0" xmlns:ns1083="http://schemas.android.com/apk/res-auto" ns1083:scale_width="125"/>
                            </com.ssomai.android.scalablelayout.ScalableLayout>
                        </com.ssomai.android.scalablelayout.ScalableLayout>
                        <com.ssomai.android.scalablelayout.ScalableLayout android:id="@+id/test_result_sheet_adult_bls_part3_sc" android:layout_width="wrap_content" android:layout_height="wrap_content" xmlns:ns1084="http://schemas.android.com/apk/res-auto" ns1084:scale_base_height="900" xmlns:ns1085="http://schemas.android.com/apk/res-auto" ns1085:scale_base_width="2095" xmlns:ns1086="http://schemas.android.com/apk/res-auto" ns1086:scale_height="900" xmlns:ns1087="http://schemas.android.com/apk/res-auto" ns1087:scale_left="100" xmlns:ns1088="http://schemas.android.com/apk/res-auto" ns1088:scale_top="1800" xmlns:ns1089="http://schemas.android.com/apk/res-auto" ns1089:scale_width="2095">
                            <TextView android:textColor="@color/black" android:gravity="center_vertical" android:id="@+id/test_result_sheet_adult_bls_g3_txt" android:layout_width="wrap_content" android:layout_height="wrap_content" android:text="CPR" xmlns:ns1090="http://schemas.android.com/apk/res-auto" ns1090:scale_height="150" xmlns:ns1091="http://schemas.android.com/apk/res-auto" ns1091:scale_left="5" xmlns:ns1092="http://schemas.android.com/apk/res-auto" ns1092:scale_textsize="45" xmlns:ns1093="http://schemas.android.com/apk/res-auto" ns1093:scale_top="0" xmlns:ns1094="http://schemas.android.com/apk/res-auto" ns1094:scale_width="2090"/>
                            <com.ssomai.android.scalablelayout.ScalableLayout android:id="@+id/test_result_sheet_adult_bls_g3q1_sc" android:background="@drawable/bg_test_unselected" android:layout_width="wrap_content" android:layout_height="wrap_content" xmlns:ns1095="http://schemas.android.com/apk/res-auto" ns1095:scale_base_height="150" xmlns:ns1096="http://schemas.android.com/apk/res-auto" ns1096:scale_base_width="2095" xmlns:ns1097="http://schemas.android.com/apk/res-auto" ns1097:scale_height="150" xmlns:ns1098="http://schemas.android.com/apk/res-auto" ns1098:scale_left="0" xmlns:ns1099="http://schemas.android.com/apk/res-auto" ns1099:scale_top="150" xmlns:ns1100="http://schemas.android.com/apk/res-auto" ns1100:scale_width="2095">
                                <TextView android:textColor="@color/black" android:gravity="center_vertical" android:id="@+id/test_result_sheet_adult_bls_g3q1_txt" android:layout_width="wrap_content" android:layout_height="wrap_content" android:text="의식 유무 확인" xmlns:ns1101="http://schemas.android.com/apk/res-auto" ns1101:scale_height="150" xmlns:ns1102="http://schemas.android.com/apk/res-auto" ns1102:scale_left="30" xmlns:ns1103="http://schemas.android.com/apk/res-auto" ns1103:scale_textsize="40" xmlns:ns1104="http://schemas.android.com/apk/res-auto" ns1104:scale_top="0" xmlns:ns1105="http://schemas.android.com/apk/res-auto" ns1105:scale_width="1650"/>
                                <ImageView android:id="@+id/test_result_sheet_adult_bls_g3q1_click_btn" android:layout_width="wrap_content" android:layout_height="wrap_content" xmlns:ns1106="http://schemas.android.com/apk/res-auto" ns1106:scale_height="150" xmlns:ns1107="http://schemas.android.com/apk/res-auto" ns1107:scale_left="1895" xmlns:ns1108="http://schemas.android.com/apk/res-auto" ns1108:scale_top="0" xmlns:ns1109="http://schemas.android.com/apk/res-auto" ns1109:scale_width="200"/>
                                <ImageView android:id="@+id/test_result_sheet_adult_bls_g3q1_btn" android:layout_width="wrap_content" android:layout_height="wrap_content" android:src="@drawable/img_test_uncheck" xmlns:ns1110="http://schemas.android.com/apk/res-auto" ns1110:scale_height="120" xmlns:ns1111="http://schemas.android.com/apk/res-auto" ns1111:scale_left="1960" xmlns:ns1112="http://schemas.android.com/apk/res-auto" ns1112:scale_top="15" xmlns:ns1113="http://schemas.android.com/apk/res-auto" ns1113:scale_width="120"/>
                            </com.ssomai.android.scalablelayout.ScalableLayout>
                            <com.ssomai.android.scalablelayout.ScalableLayout android:id="@+id/test_result_sheet_adult_bls_g3q2_sc" android:background="@drawable/bg_test_unselected" android:layout_width="wrap_content" android:layout_height="wrap_content" xmlns:ns1114="http://schemas.android.com/apk/res-auto" ns1114:scale_base_height="150" xmlns:ns1115="http://schemas.android.com/apk/res-auto" ns1115:scale_base_width="2095" xmlns:ns1116="http://schemas.android.com/apk/res-auto" ns1116:scale_height="150" xmlns:ns1117="http://schemas.android.com/apk/res-auto" ns1117:scale_left="0" xmlns:ns1118="http://schemas.android.com/apk/res-auto" ns1118:scale_top="300" xmlns:ns1119="http://schemas.android.com/apk/res-auto" ns1119:scale_width="2095">
                                <TextView android:textColor="@color/black" android:gravity="center_vertical" android:id="@+id/test_result_sheet_adult_bls_g3q2_txt" android:layout_width="wrap_content" android:layout_height="wrap_content" android:text="의식 유무 확인" xmlns:ns1120="http://schemas.android.com/apk/res-auto" ns1120:scale_height="150" xmlns:ns1121="http://schemas.android.com/apk/res-auto" ns1121:scale_left="30" xmlns:ns1122="http://schemas.android.com/apk/res-auto" ns1122:scale_textsize="40" xmlns:ns1123="http://schemas.android.com/apk/res-auto" ns1123:scale_top="0" xmlns:ns1124="http://schemas.android.com/apk/res-auto" ns1124:scale_width="1650"/>
                                <ImageView android:id="@+id/test_result_sheet_adult_bls_g3q2_click_btn" android:layout_width="wrap_content" android:layout_height="wrap_content" xmlns:ns1125="http://schemas.android.com/apk/res-auto" ns1125:scale_height="150" xmlns:ns1126="http://schemas.android.com/apk/res-auto" ns1126:scale_left="1895" xmlns:ns1127="http://schemas.android.com/apk/res-auto" ns1127:scale_top="0" xmlns:ns1128="http://schemas.android.com/apk/res-auto" ns1128:scale_width="200"/>
                                <ImageView android:id="@+id/test_result_sheet_adult_bls_g3q2_btn" android:layout_width="wrap_content" android:layout_height="wrap_content" android:src="@drawable/img_test_uncheck" xmlns:ns1129="http://schemas.android.com/apk/res-auto" ns1129:scale_height="120" xmlns:ns1130="http://schemas.android.com/apk/res-auto" ns1130:scale_left="1960" xmlns:ns1131="http://schemas.android.com/apk/res-auto" ns1131:scale_top="15" xmlns:ns1132="http://schemas.android.com/apk/res-auto" ns1132:scale_width="120"/>
                            </com.ssomai.android.scalablelayout.ScalableLayout>
                            <com.ssomai.android.scalablelayout.ScalableLayout android:id="@+id/test_result_sheet_adult_bls_g3q3_sc" android:background="@drawable/bg_test_unselected" android:layout_width="wrap_content" android:layout_height="wrap_content" xmlns:ns1133="http://schemas.android.com/apk/res-auto" ns1133:scale_base_height="150" xmlns:ns1134="http://schemas.android.com/apk/res-auto" ns1134:scale_base_width="2095" xmlns:ns1135="http://schemas.android.com/apk/res-auto" ns1135:scale_height="150" xmlns:ns1136="http://schemas.android.com/apk/res-auto" ns1136:scale_left="0" xmlns:ns1137="http://schemas.android.com/apk/res-auto" ns1137:scale_top="450" xmlns:ns1138="http://schemas.android.com/apk/res-auto" ns1138:scale_width="2095">
                                <TextView android:textColor="@color/black" android:gravity="center_vertical" android:id="@+id/test_result_sheet_adult_bls_g3q3_txt" android:layout_width="wrap_content" android:layout_height="wrap_content" android:text="의식 유무 확인" xmlns:ns1139="http://schemas.android.com/apk/res-auto" ns1139:scale_height="150" xmlns:ns1140="http://schemas.android.com/apk/res-auto" ns1140:scale_left="30" xmlns:ns1141="http://schemas.android.com/apk/res-auto" ns1141:scale_textsize="40" xmlns:ns1142="http://schemas.android.com/apk/res-auto" ns1142:scale_top="0" xmlns:ns1143="http://schemas.android.com/apk/res-auto" ns1143:scale_width="1650"/>
                                <ImageView android:id="@+id/test_result_sheet_adult_bls_g3q3_click_btn" android:layout_width="wrap_content" android:layout_height="wrap_content" xmlns:ns1144="http://schemas.android.com/apk/res-auto" ns1144:scale_height="150" xmlns:ns1145="http://schemas.android.com/apk/res-auto" ns1145:scale_left="1895" xmlns:ns1146="http://schemas.android.com/apk/res-auto" ns1146:scale_top="0" xmlns:ns1147="http://schemas.android.com/apk/res-auto" ns1147:scale_width="200"/>
                                <ImageView android:id="@+id/test_result_sheet_adult_bls_g3q3_btn" android:layout_width="wrap_content" android:layout_height="wrap_content" android:src="@drawable/img_test_uncheck" xmlns:ns1148="http://schemas.android.com/apk/res-auto" ns1148:scale_height="120" xmlns:ns1149="http://schemas.android.com/apk/res-auto" ns1149:scale_left="1960" xmlns:ns1150="http://schemas.android.com/apk/res-auto" ns1150:scale_top="15" xmlns:ns1151="http://schemas.android.com/apk/res-auto" ns1151:scale_width="120"/>
                            </com.ssomai.android.scalablelayout.ScalableLayout>
                            <com.ssomai.android.scalablelayout.ScalableLayout android:id="@+id/test_result_sheet_adult_bls_g3q4_sc" android:background="@drawable/bg_test_unselected" android:layout_width="wrap_content" android:layout_height="wrap_content" xmlns:ns1152="http://schemas.android.com/apk/res-auto" ns1152:scale_base_height="150" xmlns:ns1153="http://schemas.android.com/apk/res-auto" ns1153:scale_base_width="2095" xmlns:ns1154="http://schemas.android.com/apk/res-auto" ns1154:scale_height="150" xmlns:ns1155="http://schemas.android.com/apk/res-auto" ns1155:scale_left="0" xmlns:ns1156="http://schemas.android.com/apk/res-auto" ns1156:scale_top="600" xmlns:ns1157="http://schemas.android.com/apk/res-auto" ns1157:scale_width="2095">
                                <TextView android:textColor="@color/black" android:gravity="center_vertical" android:id="@+id/test_result_sheet_adult_bls_g3q4_txt" android:layout_width="wrap_content" android:layout_height="wrap_content" android:text="의식 유무 확인" xmlns:ns1158="http://schemas.android.com/apk/res-auto" ns1158:scale_height="150" xmlns:ns1159="http://schemas.android.com/apk/res-auto" ns1159:scale_left="30" xmlns:ns1160="http://schemas.android.com/apk/res-auto" ns1160:scale_textsize="40" xmlns:ns1161="http://schemas.android.com/apk/res-auto" ns1161:scale_top="0" xmlns:ns1162="http://schemas.android.com/apk/res-auto" ns1162:scale_width="1650"/>
                                <ImageView android:id="@+id/test_result_sheet_adult_bls_g3q4_click_btn" android:layout_width="wrap_content" android:layout_height="wrap_content" xmlns:ns1163="http://schemas.android.com/apk/res-auto" ns1163:scale_height="150" xmlns:ns1164="http://schemas.android.com/apk/res-auto" ns1164:scale_left="1895" xmlns:ns1165="http://schemas.android.com/apk/res-auto" ns1165:scale_top="0" xmlns:ns1166="http://schemas.android.com/apk/res-auto" ns1166:scale_width="200"/>
                                <ImageView android:id="@+id/test_result_sheet_adult_bls_g3q4_btn" android:layout_width="wrap_content" android:layout_height="wrap_content" android:src="@drawable/img_test_uncheck" xmlns:ns1167="http://schemas.android.com/apk/res-auto" ns1167:scale_height="120" xmlns:ns1168="http://schemas.android.com/apk/res-auto" ns1168:scale_left="1960" xmlns:ns1169="http://schemas.android.com/apk/res-auto" ns1169:scale_top="15" xmlns:ns1170="http://schemas.android.com/apk/res-auto" ns1170:scale_width="120"/>
                            </com.ssomai.android.scalablelayout.ScalableLayout>
                            <com.ssomai.android.scalablelayout.ScalableLayout android:id="@+id/test_result_sheet_adult_bls_g3q5_sc" android:background="@drawable/bg_test_unselected" android:layout_width="wrap_content" android:layout_height="wrap_content" xmlns:ns1171="http://schemas.android.com/apk/res-auto" ns1171:scale_base_height="150" xmlns:ns1172="http://schemas.android.com/apk/res-auto" ns1172:scale_base_width="2095" xmlns:ns1173="http://schemas.android.com/apk/res-auto" ns1173:scale_height="150" xmlns:ns1174="http://schemas.android.com/apk/res-auto" ns1174:scale_left="0" xmlns:ns1175="http://schemas.android.com/apk/res-auto" ns1175:scale_top="750" xmlns:ns1176="http://schemas.android.com/apk/res-auto" ns1176:scale_width="2095">
                                <TextView android:textColor="@color/black" android:gravity="center_vertical" android:id="@+id/test_result_sheet_adult_bls_g3q5_txt" android:layout_width="wrap_content" android:layout_height="wrap_content" android:text="의식 유무 확인" xmlns:ns1177="http://schemas.android.com/apk/res-auto" ns1177:scale_height="150" xmlns:ns1178="http://schemas.android.com/apk/res-auto" ns1178:scale_left="30" xmlns:ns1179="http://schemas.android.com/apk/res-auto" ns1179:scale_textsize="40" xmlns:ns1180="http://schemas.android.com/apk/res-auto" ns1180:scale_top="0" xmlns:ns1181="http://schemas.android.com/apk/res-auto" ns1181:scale_width="1650"/>
                                <ImageView android:id="@+id/test_result_sheet_adult_bls_g3q5_click_btn" android:layout_width="wrap_content" android:layout_height="wrap_content" xmlns:ns1182="http://schemas.android.com/apk/res-auto" ns1182:scale_height="150" xmlns:ns1183="http://schemas.android.com/apk/res-auto" ns1183:scale_left="1895" xmlns:ns1184="http://schemas.android.com/apk/res-auto" ns1184:scale_top="0" xmlns:ns1185="http://schemas.android.com/apk/res-auto" ns1185:scale_width="200"/>
                                <ImageView android:id="@+id/test_result_sheet_adult_bls_g3q5_btn" android:layout_width="wrap_content" android:layout_height="wrap_content" android:src="@drawable/img_test_uncheck" xmlns:ns1186="http://schemas.android.com/apk/res-auto" ns1186:scale_height="120" xmlns:ns1187="http://schemas.android.com/apk/res-auto" ns1187:scale_left="1960" xmlns:ns1188="http://schemas.android.com/apk/res-auto" ns1188:scale_top="15" xmlns:ns1189="http://schemas.android.com/apk/res-auto" ns1189:scale_width="120"/>
                            </com.ssomai.android.scalablelayout.ScalableLayout>
                        </com.ssomai.android.scalablelayout.ScalableLayout>
                        <com.ssomai.android.scalablelayout.ScalableLayout android:id="@+id/test_result_sheet_adult_bls_part4_sc" android:layout_width="wrap_content" android:layout_height="wrap_content" xmlns:ns1190="http://schemas.android.com/apk/res-auto" ns1190:scale_base_height="300" xmlns:ns1191="http://schemas.android.com/apk/res-auto" ns1191:scale_base_width="2095" xmlns:ns1192="http://schemas.android.com/apk/res-auto" ns1192:scale_height="300" xmlns:ns1193="http://schemas.android.com/apk/res-auto" ns1193:scale_left="100" xmlns:ns1194="http://schemas.android.com/apk/res-auto" ns1194:scale_top="2750" xmlns:ns1195="http://schemas.android.com/apk/res-auto" ns1195:scale_width="2095">
                            <TextView android:textColor="@color/black" android:gravity="center_vertical" android:id="@+id/test_result_sheet_adult_bls_g4_txt" android:layout_width="wrap_content" android:layout_height="wrap_content" android:text="CPR" xmlns:ns1196="http://schemas.android.com/apk/res-auto" ns1196:scale_height="150" xmlns:ns1197="http://schemas.android.com/apk/res-auto" ns1197:scale_left="5" xmlns:ns1198="http://schemas.android.com/apk/res-auto" ns1198:scale_textsize="45" xmlns:ns1199="http://schemas.android.com/apk/res-auto" ns1199:scale_top="0" xmlns:ns1200="http://schemas.android.com/apk/res-auto" ns1200:scale_width="2090"/>
                            <com.ssomai.android.scalablelayout.ScalableLayout android:id="@+id/test_result_sheet_adult_bls_g4q1_sc" android:background="@drawable/bg_test_unselected" android:layout_width="wrap_content" android:layout_height="wrap_content" xmlns:ns1201="http://schemas.android.com/apk/res-auto" ns1201:scale_base_height="150" xmlns:ns1202="http://schemas.android.com/apk/res-auto" ns1202:scale_base_width="2095" xmlns:ns1203="http://schemas.android.com/apk/res-auto" ns1203:scale_height="150" xmlns:ns1204="http://schemas.android.com/apk/res-auto" ns1204:scale_left="0" xmlns:ns1205="http://schemas.android.com/apk/res-auto" ns1205:scale_top="150" xmlns:ns1206="http://schemas.android.com/apk/res-auto" ns1206:scale_width="2095">
                                <TextView android:textColor="@color/black" android:gravity="center_vertical" android:id="@+id/test_result_sheet_adult_bls_g4q1_txt" android:layout_width="wrap_content" android:layout_height="wrap_content" android:text="의식 유무 확인" xmlns:ns1207="http://schemas.android.com/apk/res-auto" ns1207:scale_height="150" xmlns:ns1208="http://schemas.android.com/apk/res-auto" ns1208:scale_left="30" xmlns:ns1209="http://schemas.android.com/apk/res-auto" ns1209:scale_textsize="40" xmlns:ns1210="http://schemas.android.com/apk/res-auto" ns1210:scale_top="0" xmlns:ns1211="http://schemas.android.com/apk/res-auto" ns1211:scale_width="1650"/>
                                <ImageView android:id="@+id/test_result_sheet_adult_bls_g4q1_click_btn" android:layout_width="wrap_content" android:layout_height="wrap_content" xmlns:ns1212="http://schemas.android.com/apk/res-auto" ns1212:scale_height="150" xmlns:ns1213="http://schemas.android.com/apk/res-auto" ns1213:scale_left="1895" xmlns:ns1214="http://schemas.android.com/apk/res-auto" ns1214:scale_top="0" xmlns:ns1215="http://schemas.android.com/apk/res-auto" ns1215:scale_width="200"/>
                                <ImageView android:id="@+id/test_result_sheet_adult_bls_g4q1_btn" android:layout_width="wrap_content" android:layout_height="wrap_content" android:src="@drawable/img_test_uncheck" xmlns:ns1216="http://schemas.android.com/apk/res-auto" ns1216:scale_height="120" xmlns:ns1217="http://schemas.android.com/apk/res-auto" ns1217:scale_left="1960" xmlns:ns1218="http://schemas.android.com/apk/res-auto" ns1218:scale_top="15" xmlns:ns1219="http://schemas.android.com/apk/res-auto" ns1219:scale_width="120"/>
                            </com.ssomai.android.scalablelayout.ScalableLayout>
                        </com.ssomai.android.scalablelayout.ScalableLayout>
                        <com.ssomai.android.scalablelayout.ScalableLayout android:id="@+id/test_result_sheet_adult_bls_part5_sc" android:layout_width="wrap_content" android:layout_height="wrap_content" xmlns:ns1220="http://schemas.android.com/apk/res-auto" ns1220:scale_base_height="200" xmlns:ns1221="http://schemas.android.com/apk/res-auto" ns1221:scale_base_width="2095" xmlns:ns1222="http://schemas.android.com/apk/res-auto" ns1222:scale_height="200" xmlns:ns1223="http://schemas.android.com/apk/res-auto" ns1223:scale_left="0" xmlns:ns1224="http://schemas.android.com/apk/res-auto" ns1224:scale_top="3050" xmlns:ns1225="http://schemas.android.com/apk/res-auto" ns1225:scale_width="2095"/>
                        <TextView android:textColor="@color/black" android:gravity="center" android:id="@+id/test_result_sheet_adult_bls_g1q4_timer_value_txt" android:visibility="visible" android:layout_width="wrap_content" android:layout_height="wrap_content" android:text="0.0" xmlns:ns1226="http://schemas.android.com/apk/res-auto" ns1226:scale_height="150" xmlns:ns1227="http://schemas.android.com/apk/res-auto" ns1227:scale_left="1780" xmlns:ns1228="http://schemas.android.com/apk/res-auto" ns1228:scale_textsize="40" xmlns:ns1229="http://schemas.android.com/apk/res-auto" ns1229:scale_top="650" xmlns:ns1230="http://schemas.android.com/apk/res-auto" ns1230:scale_width="200"/>
                    </com.ssomai.android.scalablelayout.ScalableLayout>
                    <com.ssomai.android.scalablelayout.ScalableLayout android:id="@+id/test_result_sheet_adult_lay_sc" android:visibility="invisible" android:layout_width="wrap_content" android:layout_height="wrap_content" xmlns:ns1231="http://schemas.android.com/apk/res-auto" ns1231:scale_base_height="3400" xmlns:ns1232="http://schemas.android.com/apk/res-auto" ns1232:scale_base_width="2295" xmlns:ns1233="http://schemas.android.com/apk/res-auto" ns1233:scale_height="3400" xmlns:ns1234="http://schemas.android.com/apk/res-auto" ns1234:scale_left="0" xmlns:ns1235="http://schemas.android.com/apk/res-auto" ns1235:scale_top="1710" xmlns:ns1236="http://schemas.android.com/apk/res-auto" ns1236:scale_width="2295">
                        <com.ssomai.android.scalablelayout.ScalableLayout android:id="@+id/test_result_sheet_adult_lay_part1_sc" android:visibility="visible" android:layout_width="wrap_content" android:layout_height="wrap_content" xmlns:ns1237="http://schemas.android.com/apk/res-auto" ns1237:scale_base_height="600" xmlns:ns1238="http://schemas.android.com/apk/res-auto" ns1238:scale_base_width="2095" xmlns:ns1239="http://schemas.android.com/apk/res-auto" ns1239:scale_height="600" xmlns:ns1240="http://schemas.android.com/apk/res-auto" ns1240:scale_left="100" xmlns:ns1241="http://schemas.android.com/apk/res-auto" ns1241:scale_top="50" xmlns:ns1242="http://schemas.android.com/apk/res-auto" ns1242:scale_width="2095">
                            <TextView android:textColor="@color/black" android:gravity="center_vertical" android:id="@+id/test_result_sheet_adult_lay_g1_txt" android:layout_width="wrap_content" android:layout_height="wrap_content" android:text="평가 및 가동 " xmlns:ns1243="http://schemas.android.com/apk/res-auto" ns1243:scale_height="150" xmlns:ns1244="http://schemas.android.com/apk/res-auto" ns1244:scale_left="5" xmlns:ns1245="http://schemas.android.com/apk/res-auto" ns1245:scale_textsize="45" xmlns:ns1246="http://schemas.android.com/apk/res-auto" ns1246:scale_top="0" xmlns:ns1247="http://schemas.android.com/apk/res-auto" ns1247:scale_width="2090"/>
                            <com.ssomai.android.scalablelayout.ScalableLayout android:id="@+id/test_result_sheet_adult_lay_g1q1_sc" android:background="@drawable/bg_test_unselected" android:layout_width="wrap_content" android:layout_height="wrap_content" xmlns:ns1248="http://schemas.android.com/apk/res-auto" ns1248:scale_base_height="150" xmlns:ns1249="http://schemas.android.com/apk/res-auto" ns1249:scale_base_width="2095" xmlns:ns1250="http://schemas.android.com/apk/res-auto" ns1250:scale_height="150" xmlns:ns1251="http://schemas.android.com/apk/res-auto" ns1251:scale_left="0" xmlns:ns1252="http://schemas.android.com/apk/res-auto" ns1252:scale_top="150" xmlns:ns1253="http://schemas.android.com/apk/res-auto" ns1253:scale_width="2095">
                                <TextView android:textColor="@color/black" android:gravity="center_vertical" android:id="@+id/test_result_sheet_adult_lay_g1q1_txt" android:layout_width="wrap_content" android:layout_height="wrap_content" android:text="의식 유무 확인" xmlns:ns1254="http://schemas.android.com/apk/res-auto" ns1254:scale_height="150" xmlns:ns1255="http://schemas.android.com/apk/res-auto" ns1255:scale_left="30" xmlns:ns1256="http://schemas.android.com/apk/res-auto" ns1256:scale_textsize="40" xmlns:ns1257="http://schemas.android.com/apk/res-auto" ns1257:scale_top="0" xmlns:ns1258="http://schemas.android.com/apk/res-auto" ns1258:scale_width="1650"/>
                                <ImageView android:id="@+id/test_result_sheet_adult_lay_g1q1_click_btn" android:layout_width="wrap_content" android:layout_height="wrap_content" xmlns:ns1259="http://schemas.android.com/apk/res-auto" ns1259:scale_height="150" xmlns:ns1260="http://schemas.android.com/apk/res-auto" ns1260:scale_left="1895" xmlns:ns1261="http://schemas.android.com/apk/res-auto" ns1261:scale_top="0" xmlns:ns1262="http://schemas.android.com/apk/res-auto" ns1262:scale_width="200"/>
                                <ImageView android:id="@+id/test_result_sheet_adult_lay_g1q1_btn" android:layout_width="wrap_content" android:layout_height="wrap_content" android:src="@drawable/img_test_uncheck" xmlns:ns1263="http://schemas.android.com/apk/res-auto" ns1263:scale_height="120" xmlns:ns1264="http://schemas.android.com/apk/res-auto" ns1264:scale_left="1960" xmlns:ns1265="http://schemas.android.com/apk/res-auto" ns1265:scale_top="15" xmlns:ns1266="http://schemas.android.com/apk/res-auto" ns1266:scale_width="120"/>
                            </com.ssomai.android.scalablelayout.ScalableLayout>
                            <com.ssomai.android.scalablelayout.ScalableLayout android:id="@+id/test_result_sheet_adult_lay_g1q2_sc" android:background="@drawable/bg_test_unselected" android:layout_width="wrap_content" android:layout_height="wrap_content" xmlns:ns1267="http://schemas.android.com/apk/res-auto" ns1267:scale_base_height="150" xmlns:ns1268="http://schemas.android.com/apk/res-auto" ns1268:scale_base_width="2095" xmlns:ns1269="http://schemas.android.com/apk/res-auto" ns1269:scale_height="150" xmlns:ns1270="http://schemas.android.com/apk/res-auto" ns1270:scale_left="0" xmlns:ns1271="http://schemas.android.com/apk/res-auto" ns1271:scale_top="300" xmlns:ns1272="http://schemas.android.com/apk/res-auto" ns1272:scale_width="2095">
                                <TextView android:textColor="@color/black" android:gravity="center_vertical" android:id="@+id/test_result_sheet_adult_lay_g1q2_txt" android:layout_width="wrap_content" android:layout_height="wrap_content" android:text="의식 유무 확인" xmlns:ns1273="http://schemas.android.com/apk/res-auto" ns1273:scale_height="150" xmlns:ns1274="http://schemas.android.com/apk/res-auto" ns1274:scale_left="30" xmlns:ns1275="http://schemas.android.com/apk/res-auto" ns1275:scale_textsize="40" xmlns:ns1276="http://schemas.android.com/apk/res-auto" ns1276:scale_top="0" xmlns:ns1277="http://schemas.android.com/apk/res-auto" ns1277:scale_width="1650"/>
                                <ImageView android:id="@+id/test_result_sheet_adult_lay_g1q2_click_btn" android:layout_width="wrap_content" android:layout_height="wrap_content" xmlns:ns1278="http://schemas.android.com/apk/res-auto" ns1278:scale_height="150" xmlns:ns1279="http://schemas.android.com/apk/res-auto" ns1279:scale_left="1895" xmlns:ns1280="http://schemas.android.com/apk/res-auto" ns1280:scale_top="0" xmlns:ns1281="http://schemas.android.com/apk/res-auto" ns1281:scale_width="200"/>
                                <ImageView android:id="@+id/test_result_sheet_adult_lay_g1q2_btn" android:layout_width="wrap_content" android:layout_height="wrap_content" android:src="@drawable/img_test_uncheck" xmlns:ns1282="http://schemas.android.com/apk/res-auto" ns1282:scale_height="120" xmlns:ns1283="http://schemas.android.com/apk/res-auto" ns1283:scale_left="1960" xmlns:ns1284="http://schemas.android.com/apk/res-auto" ns1284:scale_top="15" xmlns:ns1285="http://schemas.android.com/apk/res-auto" ns1285:scale_width="120"/>
                            </com.ssomai.android.scalablelayout.ScalableLayout>
                            <com.ssomai.android.scalablelayout.ScalableLayout android:id="@+id/test_result_sheet_adult_lay_g1q3_sc" android:background="@drawable/bg_test_unselected" android:layout_width="wrap_content" android:layout_height="wrap_content" xmlns:ns1286="http://schemas.android.com/apk/res-auto" ns1286:scale_base_height="150" xmlns:ns1287="http://schemas.android.com/apk/res-auto" ns1287:scale_base_width="2095" xmlns:ns1288="http://schemas.android.com/apk/res-auto" ns1288:scale_height="150" xmlns:ns1289="http://schemas.android.com/apk/res-auto" ns1289:scale_left="0" xmlns:ns1290="http://schemas.android.com/apk/res-auto" ns1290:scale_top="450" xmlns:ns1291="http://schemas.android.com/apk/res-auto" ns1291:scale_width="2095">
                                <TextView android:textColor="@color/black" android:gravity="center_vertical" android:id="@+id/test_result_sheet_adult_lay_g1q3_txt" android:layout_width="wrap_content" android:layout_height="wrap_content" android:text="의식 유무 확인" xmlns:ns1292="http://schemas.android.com/apk/res-auto" ns1292:scale_height="150" xmlns:ns1293="http://schemas.android.com/apk/res-auto" ns1293:scale_left="30" xmlns:ns1294="http://schemas.android.com/apk/res-auto" ns1294:scale_textsize="40" xmlns:ns1295="http://schemas.android.com/apk/res-auto" ns1295:scale_top="0" xmlns:ns1296="http://schemas.android.com/apk/res-auto" ns1296:scale_width="1650"/>
                                <ImageView android:id="@+id/test_result_sheet_adult_lay_g1q3_click_btn" android:layout_width="wrap_content" android:layout_height="wrap_content" xmlns:ns1297="http://schemas.android.com/apk/res-auto" ns1297:scale_height="150" xmlns:ns1298="http://schemas.android.com/apk/res-auto" ns1298:scale_left="1895" xmlns:ns1299="http://schemas.android.com/apk/res-auto" ns1299:scale_top="0" xmlns:ns1300="http://schemas.android.com/apk/res-auto" ns1300:scale_width="200"/>
                                <ImageView android:id="@+id/test_result_sheet_adult_lay_g1q3_btn" android:layout_width="wrap_content" android:layout_height="wrap_content" android:src="@drawable/img_test_uncheck" xmlns:ns1301="http://schemas.android.com/apk/res-auto" ns1301:scale_height="120" xmlns:ns1302="http://schemas.android.com/apk/res-auto" ns1302:scale_left="1960" xmlns:ns1303="http://schemas.android.com/apk/res-auto" ns1303:scale_top="15" xmlns:ns1304="http://schemas.android.com/apk/res-auto" ns1304:scale_width="120"/>
                            </com.ssomai.android.scalablelayout.ScalableLayout>
                            <com.ssomai.android.scalablelayout.ScalableLayout android:id="@+id/test_result_sheet_adult_lay_g1q4_sc" android:background="@drawable/bg_test_unselected" android:layout_width="wrap_content" android:layout_height="wrap_content" xmlns:ns1305="http://schemas.android.com/apk/res-auto" ns1305:scale_base_height="150" xmlns:ns1306="http://schemas.android.com/apk/res-auto" ns1306:scale_base_width="2095" xmlns:ns1307="http://schemas.android.com/apk/res-auto" ns1307:scale_height="150" xmlns:ns1308="http://schemas.android.com/apk/res-auto" ns1308:scale_left="0" xmlns:ns1309="http://schemas.android.com/apk/res-auto" ns1309:scale_top="600" xmlns:ns1310="http://schemas.android.com/apk/res-auto" ns1310:scale_width="2095">
                                <TextView android:textColor="@color/black" android:gravity="center_vertical" android:id="@+id/test_result_sheet_adult_lay_g1q4_txt" android:layout_width="wrap_content" android:layout_height="wrap_content" android:text="의식 유무 확인" xmlns:ns1311="http://schemas.android.com/apk/res-auto" ns1311:scale_height="150" xmlns:ns1312="http://schemas.android.com/apk/res-auto" ns1312:scale_left="30" xmlns:ns1313="http://schemas.android.com/apk/res-auto" ns1313:scale_textsize="40" xmlns:ns1314="http://schemas.android.com/apk/res-auto" ns1314:scale_top="0" xmlns:ns1315="http://schemas.android.com/apk/res-auto" ns1315:scale_width="1650"/>
                                <ImageView android:id="@+id/test_result_sheet_adult_lay_g1q4_click_btn" android:layout_width="wrap_content" android:layout_height="wrap_content" xmlns:ns1316="http://schemas.android.com/apk/res-auto" ns1316:scale_height="150" xmlns:ns1317="http://schemas.android.com/apk/res-auto" ns1317:scale_left="1895" xmlns:ns1318="http://schemas.android.com/apk/res-auto" ns1318:scale_top="0" xmlns:ns1319="http://schemas.android.com/apk/res-auto" ns1319:scale_width="200"/>
                                <ImageView android:id="@+id/test_result_sheet_adult_lay_g1q4_btn" android:layout_width="wrap_content" android:layout_height="wrap_content" android:src="@drawable/img_test_uncheck" xmlns:ns1320="http://schemas.android.com/apk/res-auto" ns1320:scale_height="120" xmlns:ns1321="http://schemas.android.com/apk/res-auto" ns1321:scale_left="1960" xmlns:ns1322="http://schemas.android.com/apk/res-auto" ns1322:scale_top="15" xmlns:ns1323="http://schemas.android.com/apk/res-auto" ns1323:scale_width="120"/>
                            </com.ssomai.android.scalablelayout.ScalableLayout>
                            <com.ssomai.android.scalablelayout.ScalableLayout android:id="@+id/test_result_sheet_adult_lay_g1q5_sc" android:background="@drawable/bg_test_unselected" android:layout_width="wrap_content" android:layout_height="wrap_content" xmlns:ns1324="http://schemas.android.com/apk/res-auto" ns1324:scale_base_height="150" xmlns:ns1325="http://schemas.android.com/apk/res-auto" ns1325:scale_base_width="2095" xmlns:ns1326="http://schemas.android.com/apk/res-auto" ns1326:scale_height="150" xmlns:ns1327="http://schemas.android.com/apk/res-auto" ns1327:scale_left="0" xmlns:ns1328="http://schemas.android.com/apk/res-auto" ns1328:scale_top="750" xmlns:ns1329="http://schemas.android.com/apk/res-auto" ns1329:scale_width="2095">
                                <TextView android:textColor="@color/black" android:gravity="center_vertical" android:id="@+id/test_result_sheet_adult_lay_g1q5_txt" android:layout_width="wrap_content" android:layout_height="wrap_content" android:text="의식 유무 확인" xmlns:ns1330="http://schemas.android.com/apk/res-auto" ns1330:scale_height="150" xmlns:ns1331="http://schemas.android.com/apk/res-auto" ns1331:scale_left="30" xmlns:ns1332="http://schemas.android.com/apk/res-auto" ns1332:scale_textsize="40" xmlns:ns1333="http://schemas.android.com/apk/res-auto" ns1333:scale_top="0" xmlns:ns1334="http://schemas.android.com/apk/res-auto" ns1334:scale_width="1650"/>
                                <ImageView android:id="@+id/test_result_sheet_adult_lay_g1q5_click_btn" android:layout_width="wrap_content" android:layout_height="wrap_content" xmlns:ns1335="http://schemas.android.com/apk/res-auto" ns1335:scale_height="150" xmlns:ns1336="http://schemas.android.com/apk/res-auto" ns1336:scale_left="1895" xmlns:ns1337="http://schemas.android.com/apk/res-auto" ns1337:scale_top="0" xmlns:ns1338="http://schemas.android.com/apk/res-auto" ns1338:scale_width="200"/>
                                <ImageView android:id="@+id/test_result_sheet_adult_lay_g1q5_btn" android:layout_width="wrap_content" android:layout_height="wrap_content" android:src="@drawable/img_test_uncheck" xmlns:ns1339="http://schemas.android.com/apk/res-auto" ns1339:scale_height="120" xmlns:ns1340="http://schemas.android.com/apk/res-auto" ns1340:scale_left="1960" xmlns:ns1341="http://schemas.android.com/apk/res-auto" ns1341:scale_top="15" xmlns:ns1342="http://schemas.android.com/apk/res-auto" ns1342:scale_width="120"/>
                            </com.ssomai.android.scalablelayout.ScalableLayout>
                        </com.ssomai.android.scalablelayout.ScalableLayout>
                        <com.ssomai.android.scalablelayout.ScalableLayout android:id="@+id/test_result_sheet_adult_lay_part2_sc" android:layout_width="wrap_content" android:layout_height="wrap_content" xmlns:ns1343="http://schemas.android.com/apk/res-auto" ns1343:scale_base_height="1200" xmlns:ns1344="http://schemas.android.com/apk/res-auto" ns1344:scale_base_width="2095" xmlns:ns1345="http://schemas.android.com/apk/res-auto" ns1345:scale_height="1200" xmlns:ns1346="http://schemas.android.com/apk/res-auto" ns1346:scale_left="100" xmlns:ns1347="http://schemas.android.com/apk/res-auto" ns1347:scale_top="700" xmlns:ns1348="http://schemas.android.com/apk/res-auto" ns1348:scale_width="2095">
                            <TextView android:textColor="@color/black" android:gravity="center_vertical" android:id="@+id/test_result_sheet_adult_lay_g2_txt" android:layout_width="wrap_content" android:layout_height="wrap_content" android:text="CPR" xmlns:ns1349="http://schemas.android.com/apk/res-auto" ns1349:scale_height="150" xmlns:ns1350="http://schemas.android.com/apk/res-auto" ns1350:scale_left="5" xmlns:ns1351="http://schemas.android.com/apk/res-auto" ns1351:scale_textsize="45" xmlns:ns1352="http://schemas.android.com/apk/res-auto" ns1352:scale_top="0" xmlns:ns1353="http://schemas.android.com/apk/res-auto" ns1353:scale_width="2090"/>
                            <TextView android:textColor="@color/black" android:gravity="center_vertical" android:id="@+id/test_result_sheet_adult_lay_g2_average_txt" android:visibility="visible" android:layout_width="wrap_content" android:layout_height="wrap_content" android:text="평균" xmlns:ns1354="http://schemas.android.com/apk/res-auto" ns1354:scale_height="150" xmlns:ns1355="http://schemas.android.com/apk/res-auto" ns1355:scale_left="1280" xmlns:ns1356="http://schemas.android.com/apk/res-auto" ns1356:scale_textsize="40" xmlns:ns1357="http://schemas.android.com/apk/res-auto" ns1357:scale_top="0" xmlns:ns1358="http://schemas.android.com/apk/res-auto" ns1358:scale_width="400"/>
                            <TextView android:textColor="@color/black" android:gravity="center" android:id="@+id/test_result_sheet_adult_lay_g2_time_txt" android:visibility="visible" android:layout_width="wrap_content" android:layout_height="wrap_content" android:text="시간" xmlns:ns1359="http://schemas.android.com/apk/res-auto" ns1359:scale_height="150" xmlns:ns1360="http://schemas.android.com/apk/res-auto" ns1360:scale_left="1680" xmlns:ns1361="http://schemas.android.com/apk/res-auto" ns1361:scale_textsize="40" xmlns:ns1362="http://schemas.android.com/apk/res-auto" ns1362:scale_top="0" xmlns:ns1363="http://schemas.android.com/apk/res-auto" ns1363:scale_width="200"/>
                            <com.ssomai.android.scalablelayout.ScalableLayout android:id="@+id/test_result_sheet_adult_lay_g2q1_sc" android:background="@drawable/bg_test_unselected" android:layout_width="wrap_content" android:layout_height="wrap_content" xmlns:ns1364="http://schemas.android.com/apk/res-auto" ns1364:scale_base_height="150" xmlns:ns1365="http://schemas.android.com/apk/res-auto" ns1365:scale_base_width="2095" xmlns:ns1366="http://schemas.android.com/apk/res-auto" ns1366:scale_height="150" xmlns:ns1367="http://schemas.android.com/apk/res-auto" ns1367:scale_left="0" xmlns:ns1368="http://schemas.android.com/apk/res-auto" ns1368:scale_top="150" xmlns:ns1369="http://schemas.android.com/apk/res-auto" ns1369:scale_width="2095">
                                <TextView android:textColor="@color/black" android:gravity="center_vertical" android:id="@+id/test_result_sheet_adult_lay_g2q1_txt" android:layout_width="wrap_content" android:layout_height="wrap_content" android:text="의식 유무 확인" xmlns:ns1370="http://schemas.android.com/apk/res-auto" ns1370:scale_height="150" xmlns:ns1371="http://schemas.android.com/apk/res-auto" ns1371:scale_left="30" xmlns:ns1372="http://schemas.android.com/apk/res-auto" ns1372:scale_textsize="40" xmlns:ns1373="http://schemas.android.com/apk/res-auto" ns1373:scale_top="0" xmlns:ns1374="http://schemas.android.com/apk/res-auto" ns1374:scale_width="1230"/>
                                <TextView android:textColor="@color/black" android:gravity="center_vertical" android:id="@+id/test_result_sheet_adult_lay_g2q1_average_depth_txt" android:visibility="visible" android:layout_width="wrap_content" android:layout_height="wrap_content" android:text="평균 깊이: 5.0cm" xmlns:ns1375="http://schemas.android.com/apk/res-auto" ns1375:scale_height="75" xmlns:ns1376="http://schemas.android.com/apk/res-auto" ns1376:scale_left="1280" xmlns:ns1377="http://schemas.android.com/apk/res-auto" ns1377:scale_textsize="40" xmlns:ns1378="http://schemas.android.com/apk/res-auto" ns1378:scale_top="0" xmlns:ns1379="http://schemas.android.com/apk/res-auto" ns1379:scale_width="400"/>
                                <TextView android:textColor="@color/black" android:gravity="center_vertical" android:id="@+id/test_result_sheet_adult_lay_g2q1_average_rate_txt" android:visibility="visible" android:layout_width="wrap_content" android:layout_height="wrap_content" android:text="평균 속도: 100/분" xmlns:ns1380="http://schemas.android.com/apk/res-auto" ns1380:scale_height="75" xmlns:ns1381="http://schemas.android.com/apk/res-auto" ns1381:scale_left="1280" xmlns:ns1382="http://schemas.android.com/apk/res-auto" ns1382:scale_textsize="40" xmlns:ns1383="http://schemas.android.com/apk/res-auto" ns1383:scale_top="75" xmlns:ns1384="http://schemas.android.com/apk/res-auto" ns1384:scale_width="400"/>
                                <TextView android:textColor="@color/black" android:gravity="center" android:id="@+id/test_result_sheet_adult_lay_g2q1_timer_value_txt" android:visibility="visible" android:layout_width="wrap_content" android:layout_height="wrap_content" android:text="0.0" xmlns:ns1385="http://schemas.android.com/apk/res-auto" ns1385:scale_height="150" xmlns:ns1386="http://schemas.android.com/apk/res-auto" ns1386:scale_left="1680" xmlns:ns1387="http://schemas.android.com/apk/res-auto" ns1387:scale_textsize="40" xmlns:ns1388="http://schemas.android.com/apk/res-auto" ns1388:scale_top="0" xmlns:ns1389="http://schemas.android.com/apk/res-auto" ns1389:scale_width="200"/>
                                <ImageView android:id="@+id/test_result_sheet_adult_lay_g2q1_click_btn" android:layout_width="wrap_content" android:layout_height="wrap_content" xmlns:ns1390="http://schemas.android.com/apk/res-auto" ns1390:scale_height="150" xmlns:ns1391="http://schemas.android.com/apk/res-auto" ns1391:scale_left="1895" xmlns:ns1392="http://schemas.android.com/apk/res-auto" ns1392:scale_top="0" xmlns:ns1393="http://schemas.android.com/apk/res-auto" ns1393:scale_width="200"/>
                                <ImageView android:id="@+id/test_result_sheet_adult_lay_g2q1_btn" android:layout_width="wrap_content" android:layout_height="wrap_content" android:src="@drawable/img_test_uncheck" xmlns:ns1394="http://schemas.android.com/apk/res-auto" ns1394:scale_height="120" xmlns:ns1395="http://schemas.android.com/apk/res-auto" ns1395:scale_left="1960" xmlns:ns1396="http://schemas.android.com/apk/res-auto" ns1396:scale_top="15" xmlns:ns1397="http://schemas.android.com/apk/res-auto" ns1397:scale_width="120"/>
                            </com.ssomai.android.scalablelayout.ScalableLayout>
                            <com.ssomai.android.scalablelayout.ScalableLayout android:id="@+id/test_result_sheet_adult_lay_g2q2_sc" android:background="@drawable/bg_test_unselected" android:layout_width="wrap_content" android:layout_height="wrap_content" xmlns:ns1398="http://schemas.android.com/apk/res-auto" ns1398:scale_base_height="150" xmlns:ns1399="http://schemas.android.com/apk/res-auto" ns1399:scale_base_width="2095" xmlns:ns1400="http://schemas.android.com/apk/res-auto" ns1400:scale_height="150" xmlns:ns1401="http://schemas.android.com/apk/res-auto" ns1401:scale_left="0" xmlns:ns1402="http://schemas.android.com/apk/res-auto" ns1402:scale_top="300" xmlns:ns1403="http://schemas.android.com/apk/res-auto" ns1403:scale_width="2095">
                                <TextView android:textColor="@color/black" android:gravity="center_vertical" android:id="@+id/test_result_sheet_adult_lay_g2q2_txt" android:layout_width="wrap_content" android:layout_height="wrap_content" android:text="의식 유무 확인" xmlns:ns1404="http://schemas.android.com/apk/res-auto" ns1404:scale_height="150" xmlns:ns1405="http://schemas.android.com/apk/res-auto" ns1405:scale_left="30" xmlns:ns1406="http://schemas.android.com/apk/res-auto" ns1406:scale_textsize="40" xmlns:ns1407="http://schemas.android.com/apk/res-auto" ns1407:scale_top="0" xmlns:ns1408="http://schemas.android.com/apk/res-auto" ns1408:scale_width="1230"/>
                                <TextView android:textColor="@color/black" android:gravity="center_vertical" android:id="@+id/test_result_sheet_adult_lay_g2q2_average_volume_txt" android:visibility="visible" android:layout_width="wrap_content" android:layout_height="wrap_content" android:text="평균 깊이: 5.0cm" xmlns:ns1409="http://schemas.android.com/apk/res-auto" ns1409:scale_height="75" xmlns:ns1410="http://schemas.android.com/apk/res-auto" ns1410:scale_left="1280" xmlns:ns1411="http://schemas.android.com/apk/res-auto" ns1411:scale_textsize="40" xmlns:ns1412="http://schemas.android.com/apk/res-auto" ns1412:scale_top="0" xmlns:ns1413="http://schemas.android.com/apk/res-auto" ns1413:scale_width="400"/>
                                <TextView android:textColor="@color/black" android:gravity="center_vertical" android:id="@+id/test_result_sheet_adult_lay_g2q2_average_rate_txt" android:visibility="visible" android:layout_width="wrap_content" android:layout_height="wrap_content" android:text="평균 속도: 100/분" xmlns:ns1414="http://schemas.android.com/apk/res-auto" ns1414:scale_height="75" xmlns:ns1415="http://schemas.android.com/apk/res-auto" ns1415:scale_left="1280" xmlns:ns1416="http://schemas.android.com/apk/res-auto" ns1416:scale_textsize="40" xmlns:ns1417="http://schemas.android.com/apk/res-auto" ns1417:scale_top="75" xmlns:ns1418="http://schemas.android.com/apk/res-auto" ns1418:scale_width="400"/>
                                <TextView android:textColor="@color/black" android:gravity="center" android:id="@+id/test_result_sheet_adult_lay_g2q2_timer_value_txt" android:background="@drawable/img_testsheet_hot" android:visibility="visible" android:layout_width="wrap_content" android:layout_height="wrap_content" android:text="0.0" xmlns:ns1419="http://schemas.android.com/apk/res-auto" ns1419:scale_height="100" xmlns:ns1420="http://schemas.android.com/apk/res-auto" ns1420:scale_left="1680" xmlns:ns1421="http://schemas.android.com/apk/res-auto" ns1421:scale_textsize="40" xmlns:ns1422="http://schemas.android.com/apk/res-auto" ns1422:scale_top="25" xmlns:ns1423="http://schemas.android.com/apk/res-auto" ns1423:scale_width="200"/>
                                <ImageView android:id="@+id/test_result_sheet_adult_lay_g2q2_click_btn" android:layout_width="wrap_content" android:layout_height="wrap_content" xmlns:ns1424="http://schemas.android.com/apk/res-auto" ns1424:scale_height="150" xmlns:ns1425="http://schemas.android.com/apk/res-auto" ns1425:scale_left="1895" xmlns:ns1426="http://schemas.android.com/apk/res-auto" ns1426:scale_top="0" xmlns:ns1427="http://schemas.android.com/apk/res-auto" ns1427:scale_width="200"/>
                                <ImageView android:id="@+id/test_result_sheet_adult_lay_g2q2_btn" android:layout_width="wrap_content" android:layout_height="wrap_content" android:src="@drawable/img_test_uncheck" xmlns:ns1428="http://schemas.android.com/apk/res-auto" ns1428:scale_height="120" xmlns:ns1429="http://schemas.android.com/apk/res-auto" ns1429:scale_left="1960" xmlns:ns1430="http://schemas.android.com/apk/res-auto" ns1430:scale_top="15" xmlns:ns1431="http://schemas.android.com/apk/res-auto" ns1431:scale_width="120"/>
                            </com.ssomai.android.scalablelayout.ScalableLayout>
                            <com.ssomai.android.scalablelayout.ScalableLayout android:id="@+id/test_result_sheet_adult_lay_g2q3_sc" android:background="@drawable/bg_test_unselected" android:layout_width="wrap_content" android:layout_height="wrap_content" xmlns:ns1432="http://schemas.android.com/apk/res-auto" ns1432:scale_base_height="150" xmlns:ns1433="http://schemas.android.com/apk/res-auto" ns1433:scale_base_width="2095" xmlns:ns1434="http://schemas.android.com/apk/res-auto" ns1434:scale_height="150" xmlns:ns1435="http://schemas.android.com/apk/res-auto" ns1435:scale_left="0" xmlns:ns1436="http://schemas.android.com/apk/res-auto" ns1436:scale_top="450" xmlns:ns1437="http://schemas.android.com/apk/res-auto" ns1437:scale_width="2095">
                                <TextView android:textColor="@color/black" android:gravity="center_vertical" android:id="@+id/test_result_sheet_adult_lay_g2q3_txt" android:layout_width="wrap_content" android:layout_height="wrap_content" android:text="의식 유무 확인" xmlns:ns1438="http://schemas.android.com/apk/res-auto" ns1438:scale_height="150" xmlns:ns1439="http://schemas.android.com/apk/res-auto" ns1439:scale_left="30" xmlns:ns1440="http://schemas.android.com/apk/res-auto" ns1440:scale_textsize="40" xmlns:ns1441="http://schemas.android.com/apk/res-auto" ns1441:scale_top="0" xmlns:ns1442="http://schemas.android.com/apk/res-auto" ns1442:scale_width="1230"/>
                                <TextView android:textColor="@color/black" android:gravity="center_vertical" android:id="@+id/test_result_sheet_adult_lay_g2q3_average_depth_txt" android:visibility="visible" android:layout_width="wrap_content" android:layout_height="wrap_content" android:text="평균 깊이: 5.0cm" xmlns:ns1443="http://schemas.android.com/apk/res-auto" ns1443:scale_height="75" xmlns:ns1444="http://schemas.android.com/apk/res-auto" ns1444:scale_left="1280" xmlns:ns1445="http://schemas.android.com/apk/res-auto" ns1445:scale_textsize="40" xmlns:ns1446="http://schemas.android.com/apk/res-auto" ns1446:scale_top="0" xmlns:ns1447="http://schemas.android.com/apk/res-auto" ns1447:scale_width="400"/>
                                <TextView android:textColor="@color/black" android:gravity="center_vertical" android:id="@+id/test_result_sheet_adult_lay_g2q3_average_rate_txt" android:visibility="visible" android:layout_width="wrap_content" android:layout_height="wrap_content" android:text="평균 속도: 100/분" xmlns:ns1448="http://schemas.android.com/apk/res-auto" ns1448:scale_height="75" xmlns:ns1449="http://schemas.android.com/apk/res-auto" ns1449:scale_left="1280" xmlns:ns1450="http://schemas.android.com/apk/res-auto" ns1450:scale_textsize="40" xmlns:ns1451="http://schemas.android.com/apk/res-auto" ns1451:scale_top="75" xmlns:ns1452="http://schemas.android.com/apk/res-auto" ns1452:scale_width="400"/>
                                <TextView android:textColor="@color/black" android:gravity="center" android:id="@+id/test_result_sheet_adult_lay_g2q3_timer_value_txt" android:visibility="visible" android:layout_width="wrap_content" android:layout_height="wrap_content" android:text="0.0" xmlns:ns1453="http://schemas.android.com/apk/res-auto" ns1453:scale_height="150" xmlns:ns1454="http://schemas.android.com/apk/res-auto" ns1454:scale_left="1680" xmlns:ns1455="http://schemas.android.com/apk/res-auto" ns1455:scale_textsize="40" xmlns:ns1456="http://schemas.android.com/apk/res-auto" ns1456:scale_top="0" xmlns:ns1457="http://schemas.android.com/apk/res-auto" ns1457:scale_width="200"/>
                                <ImageView android:id="@+id/test_result_sheet_adult_lay_g2q3_click_btn" android:layout_width="wrap_content" android:layout_height="wrap_content" xmlns:ns1458="http://schemas.android.com/apk/res-auto" ns1458:scale_height="150" xmlns:ns1459="http://schemas.android.com/apk/res-auto" ns1459:scale_left="1895" xmlns:ns1460="http://schemas.android.com/apk/res-auto" ns1460:scale_top="0" xmlns:ns1461="http://schemas.android.com/apk/res-auto" ns1461:scale_width="200"/>
                                <ImageView android:id="@+id/test_result_sheet_adult_lay_g2q3_btn" android:layout_width="wrap_content" android:layout_height="wrap_content" android:src="@drawable/img_test_uncheck" xmlns:ns1462="http://schemas.android.com/apk/res-auto" ns1462:scale_height="120" xmlns:ns1463="http://schemas.android.com/apk/res-auto" ns1463:scale_left="1960" xmlns:ns1464="http://schemas.android.com/apk/res-auto" ns1464:scale_top="15" xmlns:ns1465="http://schemas.android.com/apk/res-auto" ns1465:scale_width="120"/>
                            </com.ssomai.android.scalablelayout.ScalableLayout>
                            <com.ssomai.android.scalablelayout.ScalableLayout android:id="@+id/test_result_sheet_adult_lay_g2q4_sc" android:background="@drawable/bg_test_unselected" android:layout_width="wrap_content" android:layout_height="wrap_content" xmlns:ns1466="http://schemas.android.com/apk/res-auto" ns1466:scale_base_height="150" xmlns:ns1467="http://schemas.android.com/apk/res-auto" ns1467:scale_base_width="2095" xmlns:ns1468="http://schemas.android.com/apk/res-auto" ns1468:scale_height="150" xmlns:ns1469="http://schemas.android.com/apk/res-auto" ns1469:scale_left="0" xmlns:ns1470="http://schemas.android.com/apk/res-auto" ns1470:scale_top="600" xmlns:ns1471="http://schemas.android.com/apk/res-auto" ns1471:scale_width="2095">
                                <TextView android:textColor="@color/black" android:gravity="center_vertical" android:id="@+id/test_result_sheet_adult_lay_g2q4_txt" android:layout_width="wrap_content" android:layout_height="wrap_content" android:text="의식 유무 확인" xmlns:ns1472="http://schemas.android.com/apk/res-auto" ns1472:scale_height="150" xmlns:ns1473="http://schemas.android.com/apk/res-auto" ns1473:scale_left="30" xmlns:ns1474="http://schemas.android.com/apk/res-auto" ns1474:scale_textsize="40" xmlns:ns1475="http://schemas.android.com/apk/res-auto" ns1475:scale_top="0" xmlns:ns1476="http://schemas.android.com/apk/res-auto" ns1476:scale_width="1230"/>
                                <TextView android:textColor="@color/black" android:gravity="center_vertical" android:id="@+id/test_result_sheet_adult_lay_g2q4_average_volume_txt" android:visibility="visible" android:layout_width="wrap_content" android:layout_height="wrap_content" android:text="평균 깊이: 5.0cm" xmlns:ns1477="http://schemas.android.com/apk/res-auto" ns1477:scale_height="75" xmlns:ns1478="http://schemas.android.com/apk/res-auto" ns1478:scale_left="1280" xmlns:ns1479="http://schemas.android.com/apk/res-auto" ns1479:scale_textsize="40" xmlns:ns1480="http://schemas.android.com/apk/res-auto" ns1480:scale_top="0" xmlns:ns1481="http://schemas.android.com/apk/res-auto" ns1481:scale_width="400"/>
                                <TextView android:textColor="@color/black" android:gravity="center_vertical" android:id="@+id/test_result_sheet_adult_lay_g2q4_average_rate_txt" android:visibility="visible" android:layout_width="wrap_content" android:layout_height="wrap_content" android:text="평균 속도: 100/분" xmlns:ns1482="http://schemas.android.com/apk/res-auto" ns1482:scale_height="75" xmlns:ns1483="http://schemas.android.com/apk/res-auto" ns1483:scale_left="1280" xmlns:ns1484="http://schemas.android.com/apk/res-auto" ns1484:scale_textsize="40" xmlns:ns1485="http://schemas.android.com/apk/res-auto" ns1485:scale_top="75" xmlns:ns1486="http://schemas.android.com/apk/res-auto" ns1486:scale_width="400"/>
                                <TextView android:textColor="@color/black" android:gravity="center" android:id="@+id/test_result_sheet_adult_lay_g2q4_timer_value_txt" android:background="@drawable/img_testsheet_hot" android:visibility="visible" android:layout_width="wrap_content" android:layout_height="wrap_content" android:text="0.0" xmlns:ns1487="http://schemas.android.com/apk/res-auto" ns1487:scale_height="100" xmlns:ns1488="http://schemas.android.com/apk/res-auto" ns1488:scale_left="1680" xmlns:ns1489="http://schemas.android.com/apk/res-auto" ns1489:scale_textsize="40" xmlns:ns1490="http://schemas.android.com/apk/res-auto" ns1490:scale_top="25" xmlns:ns1491="http://schemas.android.com/apk/res-auto" ns1491:scale_width="200"/>
                                <ImageView android:id="@+id/test_result_sheet_adult_lay_g2q4_click_btn" android:layout_width="wrap_content" android:layout_height="wrap_content" xmlns:ns1492="http://schemas.android.com/apk/res-auto" ns1492:scale_height="150" xmlns:ns1493="http://schemas.android.com/apk/res-auto" ns1493:scale_left="1895" xmlns:ns1494="http://schemas.android.com/apk/res-auto" ns1494:scale_top="0" xmlns:ns1495="http://schemas.android.com/apk/res-auto" ns1495:scale_width="200"/>
                                <ImageView android:id="@+id/test_result_sheet_adult_lay_g2q4_btn" android:layout_width="wrap_content" android:layout_height="wrap_content" android:src="@drawable/img_test_uncheck" xmlns:ns1496="http://schemas.android.com/apk/res-auto" ns1496:scale_height="120" xmlns:ns1497="http://schemas.android.com/apk/res-auto" ns1497:scale_left="1960" xmlns:ns1498="http://schemas.android.com/apk/res-auto" ns1498:scale_top="15" xmlns:ns1499="http://schemas.android.com/apk/res-auto" ns1499:scale_width="120"/>
                            </com.ssomai.android.scalablelayout.ScalableLayout>
                            <com.ssomai.android.scalablelayout.ScalableLayout android:id="@+id/test_result_sheet_adult_lay_g2q5_sc" android:background="@drawable/bg_test_unselected" android:layout_width="wrap_content" android:layout_height="wrap_content" xmlns:ns1500="http://schemas.android.com/apk/res-auto" ns1500:scale_base_height="150" xmlns:ns1501="http://schemas.android.com/apk/res-auto" ns1501:scale_base_width="2095" xmlns:ns1502="http://schemas.android.com/apk/res-auto" ns1502:scale_height="150" xmlns:ns1503="http://schemas.android.com/apk/res-auto" ns1503:scale_left="0" xmlns:ns1504="http://schemas.android.com/apk/res-auto" ns1504:scale_top="750" xmlns:ns1505="http://schemas.android.com/apk/res-auto" ns1505:scale_width="2095">
                                <TextView android:textColor="@color/black" android:gravity="center_vertical" android:id="@+id/test_result_sheet_adult_lay_g2q5_txt" android:layout_width="wrap_content" android:layout_height="wrap_content" android:text="의식 유무 확인" xmlns:ns1506="http://schemas.android.com/apk/res-auto" ns1506:scale_height="150" xmlns:ns1507="http://schemas.android.com/apk/res-auto" ns1507:scale_left="30" xmlns:ns1508="http://schemas.android.com/apk/res-auto" ns1508:scale_textsize="40" xmlns:ns1509="http://schemas.android.com/apk/res-auto" ns1509:scale_top="0" xmlns:ns1510="http://schemas.android.com/apk/res-auto" ns1510:scale_width="1230"/>
                                <TextView android:textColor="@color/black" android:gravity="center_vertical" android:id="@+id/test_result_sheet_adult_lay_g2q5_average_depth_txt" android:visibility="visible" android:layout_width="wrap_content" android:layout_height="wrap_content" android:text="평균 깊이: 5.0cm" xmlns:ns1511="http://schemas.android.com/apk/res-auto" ns1511:scale_height="75" xmlns:ns1512="http://schemas.android.com/apk/res-auto" ns1512:scale_left="1280" xmlns:ns1513="http://schemas.android.com/apk/res-auto" ns1513:scale_textsize="40" xmlns:ns1514="http://schemas.android.com/apk/res-auto" ns1514:scale_top="0" xmlns:ns1515="http://schemas.android.com/apk/res-auto" ns1515:scale_width="400"/>
                                <TextView android:textColor="@color/black" android:gravity="center_vertical" android:id="@+id/test_result_sheet_adult_lay_g2q5_average_rate_txt" android:visibility="visible" android:layout_width="wrap_content" android:layout_height="wrap_content" android:text="평균 속도: 100/분" xmlns:ns1516="http://schemas.android.com/apk/res-auto" ns1516:scale_height="75" xmlns:ns1517="http://schemas.android.com/apk/res-auto" ns1517:scale_left="1280" xmlns:ns1518="http://schemas.android.com/apk/res-auto" ns1518:scale_textsize="40" xmlns:ns1519="http://schemas.android.com/apk/res-auto" ns1519:scale_top="75" xmlns:ns1520="http://schemas.android.com/apk/res-auto" ns1520:scale_width="400"/>
                                <TextView android:textColor="@color/black" android:gravity="center" android:id="@+id/test_result_sheet_adult_lay_g2q5_timer_value_txt" android:visibility="visible" android:layout_width="wrap_content" android:layout_height="wrap_content" android:text="0.0" xmlns:ns1521="http://schemas.android.com/apk/res-auto" ns1521:scale_height="150" xmlns:ns1522="http://schemas.android.com/apk/res-auto" ns1522:scale_left="1680" xmlns:ns1523="http://schemas.android.com/apk/res-auto" ns1523:scale_textsize="40" xmlns:ns1524="http://schemas.android.com/apk/res-auto" ns1524:scale_top="0" xmlns:ns1525="http://schemas.android.com/apk/res-auto" ns1525:scale_width="200"/>
                                <ImageView android:id="@+id/test_result_sheet_adult_lay_g2q5_click_btn" android:layout_width="wrap_content" android:layout_height="wrap_content" xmlns:ns1526="http://schemas.android.com/apk/res-auto" ns1526:scale_height="150" xmlns:ns1527="http://schemas.android.com/apk/res-auto" ns1527:scale_left="1895" xmlns:ns1528="http://schemas.android.com/apk/res-auto" ns1528:scale_top="0" xmlns:ns1529="http://schemas.android.com/apk/res-auto" ns1529:scale_width="200"/>
                                <ImageView android:id="@+id/test_result_sheet_adult_lay_g2q5_btn" android:layout_width="wrap_content" android:layout_height="wrap_content" android:src="@drawable/img_test_uncheck" xmlns:ns1530="http://schemas.android.com/apk/res-auto" ns1530:scale_height="120" xmlns:ns1531="http://schemas.android.com/apk/res-auto" ns1531:scale_left="1960" xmlns:ns1532="http://schemas.android.com/apk/res-auto" ns1532:scale_top="15" xmlns:ns1533="http://schemas.android.com/apk/res-auto" ns1533:scale_width="120"/>
                            </com.ssomai.android.scalablelayout.ScalableLayout>
                            <com.ssomai.android.scalablelayout.ScalableLayout android:id="@+id/test_result_sheet_adult_lay_g2q6_sc" android:background="@drawable/bg_test_unselected" android:layout_width="wrap_content" android:layout_height="wrap_content" xmlns:ns1534="http://schemas.android.com/apk/res-auto" ns1534:scale_base_height="150" xmlns:ns1535="http://schemas.android.com/apk/res-auto" ns1535:scale_base_width="2095" xmlns:ns1536="http://schemas.android.com/apk/res-auto" ns1536:scale_height="150" xmlns:ns1537="http://schemas.android.com/apk/res-auto" ns1537:scale_left="0" xmlns:ns1538="http://schemas.android.com/apk/res-auto" ns1538:scale_top="900" xmlns:ns1539="http://schemas.android.com/apk/res-auto" ns1539:scale_width="2095">
                                <TextView android:textColor="@color/black" android:gravity="center_vertical" android:id="@+id/test_result_sheet_adult_lay_g2q6_txt" android:layout_width="wrap_content" android:layout_height="wrap_content" android:text="의식 유무 확인" xmlns:ns1540="http://schemas.android.com/apk/res-auto" ns1540:scale_height="150" xmlns:ns1541="http://schemas.android.com/apk/res-auto" ns1541:scale_left="30" xmlns:ns1542="http://schemas.android.com/apk/res-auto" ns1542:scale_textsize="40" xmlns:ns1543="http://schemas.android.com/apk/res-auto" ns1543:scale_top="0" xmlns:ns1544="http://schemas.android.com/apk/res-auto" ns1544:scale_width="1230"/>
                                <TextView android:textColor="@color/black" android:gravity="center_vertical" android:id="@+id/test_result_sheet_adult_lay_g2q6_average_volume_txt" android:visibility="visible" android:layout_width="wrap_content" android:layout_height="wrap_content" android:text="평균 깊이: 5.0cm" xmlns:ns1545="http://schemas.android.com/apk/res-auto" ns1545:scale_height="75" xmlns:ns1546="http://schemas.android.com/apk/res-auto" ns1546:scale_left="1280" xmlns:ns1547="http://schemas.android.com/apk/res-auto" ns1547:scale_textsize="40" xmlns:ns1548="http://schemas.android.com/apk/res-auto" ns1548:scale_top="0" xmlns:ns1549="http://schemas.android.com/apk/res-auto" ns1549:scale_width="400"/>
                                <TextView android:textColor="@color/black" android:gravity="center_vertical" android:id="@+id/test_result_sheet_adult_lay_g2q6_average_rate_txt" android:visibility="visible" android:layout_width="wrap_content" android:layout_height="wrap_content" android:text="평균 속도: 100/분" xmlns:ns1550="http://schemas.android.com/apk/res-auto" ns1550:scale_height="75" xmlns:ns1551="http://schemas.android.com/apk/res-auto" ns1551:scale_left="1280" xmlns:ns1552="http://schemas.android.com/apk/res-auto" ns1552:scale_textsize="40" xmlns:ns1553="http://schemas.android.com/apk/res-auto" ns1553:scale_top="75" xmlns:ns1554="http://schemas.android.com/apk/res-auto" ns1554:scale_width="400"/>
                                <TextView android:textColor="@color/black" android:gravity="center" android:id="@+id/test_result_sheet_adult_lay_g2q6_timer_value_txt" android:background="@drawable/img_testsheet_hot" android:visibility="visible" android:layout_width="wrap_content" android:layout_height="wrap_content" android:text="0.0" xmlns:ns1555="http://schemas.android.com/apk/res-auto" ns1555:scale_height="100" xmlns:ns1556="http://schemas.android.com/apk/res-auto" ns1556:scale_left="1680" xmlns:ns1557="http://schemas.android.com/apk/res-auto" ns1557:scale_textsize="40" xmlns:ns1558="http://schemas.android.com/apk/res-auto" ns1558:scale_top="25" xmlns:ns1559="http://schemas.android.com/apk/res-auto" ns1559:scale_width="200"/>
                                <ImageView android:id="@+id/test_result_sheet_adult_lay_g2q6_click_btn" android:layout_width="wrap_content" android:layout_height="wrap_content" xmlns:ns1560="http://schemas.android.com/apk/res-auto" ns1560:scale_height="150" xmlns:ns1561="http://schemas.android.com/apk/res-auto" ns1561:scale_left="1895" xmlns:ns1562="http://schemas.android.com/apk/res-auto" ns1562:scale_top="0" xmlns:ns1563="http://schemas.android.com/apk/res-auto" ns1563:scale_width="200"/>
                                <ImageView android:id="@+id/test_result_sheet_adult_lay_g2q6_btn" android:layout_width="wrap_content" android:layout_height="wrap_content" android:src="@drawable/img_test_uncheck" xmlns:ns1564="http://schemas.android.com/apk/res-auto" ns1564:scale_height="120" xmlns:ns1565="http://schemas.android.com/apk/res-auto" ns1565:scale_left="1960" xmlns:ns1566="http://schemas.android.com/apk/res-auto" ns1566:scale_top="15" xmlns:ns1567="http://schemas.android.com/apk/res-auto" ns1567:scale_width="120"/>
                            </com.ssomai.android.scalablelayout.ScalableLayout>
                            <com.ssomai.android.scalablelayout.ScalableLayout android:id="@+id/test_result_sheet_adult_lay_mibi_sc" android:background="@drawable/bg_test_mibi" android:layout_width="wrap_content" android:layout_height="wrap_content" xmlns:ns1568="http://schemas.android.com/apk/res-auto" ns1568:scale_base_height="150" xmlns:ns1569="http://schemas.android.com/apk/res-auto" ns1569:scale_base_width="2095" xmlns:ns1570="http://schemas.android.com/apk/res-auto" ns1570:scale_height="150" xmlns:ns1571="http://schemas.android.com/apk/res-auto" ns1571:scale_left="0" xmlns:ns1572="http://schemas.android.com/apk/res-auto" ns1572:scale_top="1050" xmlns:ns1573="http://schemas.android.com/apk/res-auto" ns1573:scale_width="2095">
                                <TextView android:textColor="@color/black" android:gravity="center_vertical" android:id="@+id/test_result_sheet_adult_lay_mibi_txt" android:layout_width="wrap_content" android:layout_height="wrap_content" android:text="미비항목 체크" xmlns:ns1574="http://schemas.android.com/apk/res-auto" ns1574:scale_height="150" xmlns:ns1575="http://schemas.android.com/apk/res-auto" ns1575:scale_left="30" xmlns:ns1576="http://schemas.android.com/apk/res-auto" ns1576:scale_textsize="40" xmlns:ns1577="http://schemas.android.com/apk/res-auto" ns1577:scale_top="0" xmlns:ns1578="http://schemas.android.com/apk/res-auto" ns1578:scale_width="600"/>
                                <TextView android:textColor="@color/black" android:gravity="right|center_vertical|center_horizontal|center" android:id="@+id/test_result_sheet_adult_lay_mibi1_txt" android:visibility="visible" android:layout_width="wrap_content" android:layout_height="wrap_content" android:text="호흡장비 밀착 미비" xmlns:ns1579="http://schemas.android.com/apk/res-auto" ns1579:scale_height="150" xmlns:ns1580="http://schemas.android.com/apk/res-auto" ns1580:scale_left="950" xmlns:ns1581="http://schemas.android.com/apk/res-auto" ns1581:scale_textsize="40" xmlns:ns1582="http://schemas.android.com/apk/res-auto" ns1582:scale_top="0" xmlns:ns1583="http://schemas.android.com/apk/res-auto" ns1583:scale_width="400"/>
                                <ImageView android:id="@+id/test_result_sheet_adult_lay_mibi1_btn" android:layout_width="wrap_content" android:layout_height="wrap_content" android:src="@drawable/img_test_mibi_uncheck" xmlns:ns1584="http://schemas.android.com/apk/res-auto" ns1584:scale_height="150" xmlns:ns1585="http://schemas.android.com/apk/res-auto" ns1585:scale_left="1350" xmlns:ns1586="http://schemas.android.com/apk/res-auto" ns1586:scale_top="0" xmlns:ns1587="http://schemas.android.com/apk/res-auto" ns1587:scale_width="125"/>
                                <TextView android:textColor="@color/black" android:gravity="right|center_vertical|center_horizontal|center" android:id="@+id/test_result_sheet_adult_lay_mibi2_txt" android:visibility="visible" android:layout_width="wrap_content" android:layout_height="wrap_content" android:text="기도유지 미비" xmlns:ns1588="http://schemas.android.com/apk/res-auto" ns1588:scale_height="150" xmlns:ns1589="http://schemas.android.com/apk/res-auto" ns1589:scale_left="1550" xmlns:ns1590="http://schemas.android.com/apk/res-auto" ns1590:scale_textsize="40" xmlns:ns1591="http://schemas.android.com/apk/res-auto" ns1591:scale_top="0" xmlns:ns1592="http://schemas.android.com/apk/res-auto" ns1592:scale_width="400"/>
                                <ImageView android:id="@+id/test_result_sheet_adult_lay_mibi2_btn" android:layout_width="wrap_content" android:layout_height="wrap_content" android:src="@drawable/img_test_mibi_uncheck" xmlns:ns1593="http://schemas.android.com/apk/res-auto" ns1593:scale_height="150" xmlns:ns1594="http://schemas.android.com/apk/res-auto" ns1594:scale_left="1950" xmlns:ns1595="http://schemas.android.com/apk/res-auto" ns1595:scale_top="0" xmlns:ns1596="http://schemas.android.com/apk/res-auto" ns1596:scale_width="125"/>
                            </com.ssomai.android.scalablelayout.ScalableLayout>
                        </com.ssomai.android.scalablelayout.ScalableLayout>
                        <com.ssomai.android.scalablelayout.ScalableLayout android:id="@+id/test_result_sheet_adult_lay_part3_sc" android:layout_width="wrap_content" android:layout_height="wrap_content" xmlns:ns1597="http://schemas.android.com/apk/res-auto" ns1597:scale_base_height="1050" xmlns:ns1598="http://schemas.android.com/apk/res-auto" ns1598:scale_base_width="2095" xmlns:ns1599="http://schemas.android.com/apk/res-auto" ns1599:scale_height="1050" xmlns:ns1600="http://schemas.android.com/apk/res-auto" ns1600:scale_left="100" xmlns:ns1601="http://schemas.android.com/apk/res-auto" ns1601:scale_top="1800" xmlns:ns1602="http://schemas.android.com/apk/res-auto" ns1602:scale_width="2095">
                            <TextView android:textColor="@color/black" android:gravity="center_vertical" android:id="@+id/test_result_sheet_adult_lay_g3_txt" android:layout_width="wrap_content" android:layout_height="wrap_content" android:text="CPR" xmlns:ns1603="http://schemas.android.com/apk/res-auto" ns1603:scale_height="150" xmlns:ns1604="http://schemas.android.com/apk/res-auto" ns1604:scale_left="5" xmlns:ns1605="http://schemas.android.com/apk/res-auto" ns1605:scale_textsize="45" xmlns:ns1606="http://schemas.android.com/apk/res-auto" ns1606:scale_top="0" xmlns:ns1607="http://schemas.android.com/apk/res-auto" ns1607:scale_width="2090"/>
                            <com.ssomai.android.scalablelayout.ScalableLayout android:id="@+id/test_result_sheet_adult_lay_g3q1_sc" android:background="@drawable/bg_test_unselected" android:layout_width="wrap_content" android:layout_height="wrap_content" xmlns:ns1608="http://schemas.android.com/apk/res-auto" ns1608:scale_base_height="150" xmlns:ns1609="http://schemas.android.com/apk/res-auto" ns1609:scale_base_width="2095" xmlns:ns1610="http://schemas.android.com/apk/res-auto" ns1610:scale_height="150" xmlns:ns1611="http://schemas.android.com/apk/res-auto" ns1611:scale_left="0" xmlns:ns1612="http://schemas.android.com/apk/res-auto" ns1612:scale_top="150" xmlns:ns1613="http://schemas.android.com/apk/res-auto" ns1613:scale_width="2095">
                                <TextView android:textColor="@color/black" android:gravity="center_vertical" android:id="@+id/test_result_sheet_adult_lay_g3q1_txt" android:layout_width="wrap_content" android:layout_height="wrap_content" android:text="의식 유무 확인" xmlns:ns1614="http://schemas.android.com/apk/res-auto" ns1614:scale_height="150" xmlns:ns1615="http://schemas.android.com/apk/res-auto" ns1615:scale_left="30" xmlns:ns1616="http://schemas.android.com/apk/res-auto" ns1616:scale_textsize="40" xmlns:ns1617="http://schemas.android.com/apk/res-auto" ns1617:scale_top="0" xmlns:ns1618="http://schemas.android.com/apk/res-auto" ns1618:scale_width="1650"/>
                                <ImageView android:id="@+id/test_result_sheet_adult_lay_g3q1_click_btn" android:layout_width="wrap_content" android:layout_height="wrap_content" xmlns:ns1619="http://schemas.android.com/apk/res-auto" ns1619:scale_height="150" xmlns:ns1620="http://schemas.android.com/apk/res-auto" ns1620:scale_left="1895" xmlns:ns1621="http://schemas.android.com/apk/res-auto" ns1621:scale_top="0" xmlns:ns1622="http://schemas.android.com/apk/res-auto" ns1622:scale_width="200"/>
                                <ImageView android:id="@+id/test_result_sheet_adult_lay_g3q1_btn" android:layout_width="wrap_content" android:layout_height="wrap_content" android:src="@drawable/img_test_uncheck" xmlns:ns1623="http://schemas.android.com/apk/res-auto" ns1623:scale_height="120" xmlns:ns1624="http://schemas.android.com/apk/res-auto" ns1624:scale_left="1960" xmlns:ns1625="http://schemas.android.com/apk/res-auto" ns1625:scale_top="15" xmlns:ns1626="http://schemas.android.com/apk/res-auto" ns1626:scale_width="120"/>
                            </com.ssomai.android.scalablelayout.ScalableLayout>
                            <com.ssomai.android.scalablelayout.ScalableLayout android:id="@+id/test_result_sheet_adult_lay_g3q2_sc" android:background="@drawable/bg_test_unselected" android:layout_width="wrap_content" android:layout_height="wrap_content" xmlns:ns1627="http://schemas.android.com/apk/res-auto" ns1627:scale_base_height="150" xmlns:ns1628="http://schemas.android.com/apk/res-auto" ns1628:scale_base_width="2095" xmlns:ns1629="http://schemas.android.com/apk/res-auto" ns1629:scale_height="150" xmlns:ns1630="http://schemas.android.com/apk/res-auto" ns1630:scale_left="0" xmlns:ns1631="http://schemas.android.com/apk/res-auto" ns1631:scale_top="300" xmlns:ns1632="http://schemas.android.com/apk/res-auto" ns1632:scale_width="2095">
                                <TextView android:textColor="@color/black" android:gravity="center_vertical" android:id="@+id/test_result_sheet_adult_lay_g3q2_txt" android:layout_width="wrap_content" android:layout_height="wrap_content" android:text="의식 유무 확인" xmlns:ns1633="http://schemas.android.com/apk/res-auto" ns1633:scale_height="150" xmlns:ns1634="http://schemas.android.com/apk/res-auto" ns1634:scale_left="30" xmlns:ns1635="http://schemas.android.com/apk/res-auto" ns1635:scale_textsize="40" xmlns:ns1636="http://schemas.android.com/apk/res-auto" ns1636:scale_top="0" xmlns:ns1637="http://schemas.android.com/apk/res-auto" ns1637:scale_width="1650"/>
                                <ImageView android:id="@+id/test_result_sheet_adult_lay_g3q2_click_btn" android:layout_width="wrap_content" android:layout_height="wrap_content" xmlns:ns1638="http://schemas.android.com/apk/res-auto" ns1638:scale_height="150" xmlns:ns1639="http://schemas.android.com/apk/res-auto" ns1639:scale_left="1895" xmlns:ns1640="http://schemas.android.com/apk/res-auto" ns1640:scale_top="0" xmlns:ns1641="http://schemas.android.com/apk/res-auto" ns1641:scale_width="200"/>
                                <ImageView android:id="@+id/test_result_sheet_adult_lay_g3q2_btn" android:layout_width="wrap_content" android:layout_height="wrap_content" android:src="@drawable/img_test_uncheck" xmlns:ns1642="http://schemas.android.com/apk/res-auto" ns1642:scale_height="120" xmlns:ns1643="http://schemas.android.com/apk/res-auto" ns1643:scale_left="1960" xmlns:ns1644="http://schemas.android.com/apk/res-auto" ns1644:scale_top="15" xmlns:ns1645="http://schemas.android.com/apk/res-auto" ns1645:scale_width="120"/>
                            </com.ssomai.android.scalablelayout.ScalableLayout>
                            <com.ssomai.android.scalablelayout.ScalableLayout android:id="@+id/test_result_sheet_adult_lay_g3q3_sc" android:background="@drawable/bg_test_unselected" android:layout_width="wrap_content" android:layout_height="wrap_content" xmlns:ns1646="http://schemas.android.com/apk/res-auto" ns1646:scale_base_height="150" xmlns:ns1647="http://schemas.android.com/apk/res-auto" ns1647:scale_base_width="2095" xmlns:ns1648="http://schemas.android.com/apk/res-auto" ns1648:scale_height="150" xmlns:ns1649="http://schemas.android.com/apk/res-auto" ns1649:scale_left="0" xmlns:ns1650="http://schemas.android.com/apk/res-auto" ns1650:scale_top="450" xmlns:ns1651="http://schemas.android.com/apk/res-auto" ns1651:scale_width="2095">
                                <TextView android:textColor="@color/black" android:gravity="center_vertical" android:id="@+id/test_result_sheet_adult_lay_g3q3_txt" android:layout_width="wrap_content" android:layout_height="wrap_content" android:text="의식 유무 확인" xmlns:ns1652="http://schemas.android.com/apk/res-auto" ns1652:scale_height="150" xmlns:ns1653="http://schemas.android.com/apk/res-auto" ns1653:scale_left="30" xmlns:ns1654="http://schemas.android.com/apk/res-auto" ns1654:scale_textsize="40" xmlns:ns1655="http://schemas.android.com/apk/res-auto" ns1655:scale_top="0" xmlns:ns1656="http://schemas.android.com/apk/res-auto" ns1656:scale_width="1650"/>
                                <ImageView android:id="@+id/test_result_sheet_adult_lay_g3q3_click_btn" android:layout_width="wrap_content" android:layout_height="wrap_content" xmlns:ns1657="http://schemas.android.com/apk/res-auto" ns1657:scale_height="150" xmlns:ns1658="http://schemas.android.com/apk/res-auto" ns1658:scale_left="1895" xmlns:ns1659="http://schemas.android.com/apk/res-auto" ns1659:scale_top="0" xmlns:ns1660="http://schemas.android.com/apk/res-auto" ns1660:scale_width="200"/>
                                <ImageView android:id="@+id/test_result_sheet_adult_lay_g3q3_btn" android:layout_width="wrap_content" android:layout_height="wrap_content" android:src="@drawable/img_test_uncheck" xmlns:ns1661="http://schemas.android.com/apk/res-auto" ns1661:scale_height="120" xmlns:ns1662="http://schemas.android.com/apk/res-auto" ns1662:scale_left="1960" xmlns:ns1663="http://schemas.android.com/apk/res-auto" ns1663:scale_top="15" xmlns:ns1664="http://schemas.android.com/apk/res-auto" ns1664:scale_width="120"/>
                            </com.ssomai.android.scalablelayout.ScalableLayout>
                            <com.ssomai.android.scalablelayout.ScalableLayout android:id="@+id/test_result_sheet_adult_lay_g3q4_sc" android:background="@drawable/bg_test_unselected" android:layout_width="wrap_content" android:layout_height="wrap_content" xmlns:ns1665="http://schemas.android.com/apk/res-auto" ns1665:scale_base_height="150" xmlns:ns1666="http://schemas.android.com/apk/res-auto" ns1666:scale_base_width="2095" xmlns:ns1667="http://schemas.android.com/apk/res-auto" ns1667:scale_height="150" xmlns:ns1668="http://schemas.android.com/apk/res-auto" ns1668:scale_left="0" xmlns:ns1669="http://schemas.android.com/apk/res-auto" ns1669:scale_top="600" xmlns:ns1670="http://schemas.android.com/apk/res-auto" ns1670:scale_width="2095">
                                <TextView android:textColor="@color/black" android:gravity="center_vertical" android:id="@+id/test_result_sheet_adult_lay_g3q4_txt" android:layout_width="wrap_content" android:layout_height="wrap_content" android:text="의식 유무 확인" xmlns:ns1671="http://schemas.android.com/apk/res-auto" ns1671:scale_height="150" xmlns:ns1672="http://schemas.android.com/apk/res-auto" ns1672:scale_left="30" xmlns:ns1673="http://schemas.android.com/apk/res-auto" ns1673:scale_textsize="40" xmlns:ns1674="http://schemas.android.com/apk/res-auto" ns1674:scale_top="0" xmlns:ns1675="http://schemas.android.com/apk/res-auto" ns1675:scale_width="1650"/>
                                <ImageView android:id="@+id/test_result_sheet_adult_lay_g3q4_click_btn" android:layout_width="wrap_content" android:layout_height="wrap_content" xmlns:ns1676="http://schemas.android.com/apk/res-auto" ns1676:scale_height="150" xmlns:ns1677="http://schemas.android.com/apk/res-auto" ns1677:scale_left="1895" xmlns:ns1678="http://schemas.android.com/apk/res-auto" ns1678:scale_top="0" xmlns:ns1679="http://schemas.android.com/apk/res-auto" ns1679:scale_width="200"/>
                                <ImageView android:id="@+id/test_result_sheet_adult_lay_g3q4_btn" android:layout_width="wrap_content" android:layout_height="wrap_content" android:src="@drawable/img_test_uncheck" xmlns:ns1680="http://schemas.android.com/apk/res-auto" ns1680:scale_height="120" xmlns:ns1681="http://schemas.android.com/apk/res-auto" ns1681:scale_left="1960" xmlns:ns1682="http://schemas.android.com/apk/res-auto" ns1682:scale_top="15" xmlns:ns1683="http://schemas.android.com/apk/res-auto" ns1683:scale_width="120"/>
                            </com.ssomai.android.scalablelayout.ScalableLayout>
                            <com.ssomai.android.scalablelayout.ScalableLayout android:id="@+id/test_result_sheet_adult_lay_g3q5_sc" android:background="@drawable/bg_test_unselected" android:layout_width="wrap_content" android:layout_height="wrap_content" xmlns:ns1684="http://schemas.android.com/apk/res-auto" ns1684:scale_base_height="150" xmlns:ns1685="http://schemas.android.com/apk/res-auto" ns1685:scale_base_width="2095" xmlns:ns1686="http://schemas.android.com/apk/res-auto" ns1686:scale_height="150" xmlns:ns1687="http://schemas.android.com/apk/res-auto" ns1687:scale_left="0" xmlns:ns1688="http://schemas.android.com/apk/res-auto" ns1688:scale_top="750" xmlns:ns1689="http://schemas.android.com/apk/res-auto" ns1689:scale_width="2095">
                                <TextView android:textColor="@color/black" android:gravity="center_vertical" android:id="@+id/test_result_sheet_adult_lay_g3q5_txt" android:layout_width="wrap_content" android:layout_height="wrap_content" android:text="의식 유무 확인" xmlns:ns1690="http://schemas.android.com/apk/res-auto" ns1690:scale_height="150" xmlns:ns1691="http://schemas.android.com/apk/res-auto" ns1691:scale_left="30" xmlns:ns1692="http://schemas.android.com/apk/res-auto" ns1692:scale_textsize="40" xmlns:ns1693="http://schemas.android.com/apk/res-auto" ns1693:scale_top="0" xmlns:ns1694="http://schemas.android.com/apk/res-auto" ns1694:scale_width="1650"/>
                                <ImageView android:id="@+id/test_result_sheet_adult_lay_g3q5_click_btn" android:layout_width="wrap_content" android:layout_height="wrap_content" xmlns:ns1695="http://schemas.android.com/apk/res-auto" ns1695:scale_height="150" xmlns:ns1696="http://schemas.android.com/apk/res-auto" ns1696:scale_left="1895" xmlns:ns1697="http://schemas.android.com/apk/res-auto" ns1697:scale_top="0" xmlns:ns1698="http://schemas.android.com/apk/res-auto" ns1698:scale_width="200"/>
                                <ImageView android:id="@+id/test_result_sheet_adult_lay_g3q5_btn" android:layout_width="wrap_content" android:layout_height="wrap_content" android:src="@drawable/img_test_uncheck" xmlns:ns1699="http://schemas.android.com/apk/res-auto" ns1699:scale_height="120" xmlns:ns1700="http://schemas.android.com/apk/res-auto" ns1700:scale_left="1960" xmlns:ns1701="http://schemas.android.com/apk/res-auto" ns1701:scale_top="15" xmlns:ns1702="http://schemas.android.com/apk/res-auto" ns1702:scale_width="120"/>
                            </com.ssomai.android.scalablelayout.ScalableLayout>
                            <com.ssomai.android.scalablelayout.ScalableLayout android:id="@+id/test_result_sheet_adult_lay_g3q6_sc" android:background="@drawable/bg_test_unselected" android:layout_width="wrap_content" android:layout_height="wrap_content" xmlns:ns1703="http://schemas.android.com/apk/res-auto" ns1703:scale_base_height="150" xmlns:ns1704="http://schemas.android.com/apk/res-auto" ns1704:scale_base_width="2095" xmlns:ns1705="http://schemas.android.com/apk/res-auto" ns1705:scale_height="150" xmlns:ns1706="http://schemas.android.com/apk/res-auto" ns1706:scale_left="0" xmlns:ns1707="http://schemas.android.com/apk/res-auto" ns1707:scale_top="900" xmlns:ns1708="http://schemas.android.com/apk/res-auto" ns1708:scale_width="2095">
                                <TextView android:textColor="@color/black" android:gravity="center_vertical" android:id="@+id/test_result_sheet_adult_lay_g3q6_txt" android:layout_width="wrap_content" android:layout_height="wrap_content" android:text="의식 유무 확인" xmlns:ns1709="http://schemas.android.com/apk/res-auto" ns1709:scale_height="150" xmlns:ns1710="http://schemas.android.com/apk/res-auto" ns1710:scale_left="30" xmlns:ns1711="http://schemas.android.com/apk/res-auto" ns1711:scale_textsize="40" xmlns:ns1712="http://schemas.android.com/apk/res-auto" ns1712:scale_top="0" xmlns:ns1713="http://schemas.android.com/apk/res-auto" ns1713:scale_width="1650"/>
                                <ImageView android:id="@+id/test_result_sheet_adult_lay_g3q6_click_btn" android:layout_width="wrap_content" android:layout_height="wrap_content" xmlns:ns1714="http://schemas.android.com/apk/res-auto" ns1714:scale_height="150" xmlns:ns1715="http://schemas.android.com/apk/res-auto" ns1715:scale_left="1895" xmlns:ns1716="http://schemas.android.com/apk/res-auto" ns1716:scale_top="0" xmlns:ns1717="http://schemas.android.com/apk/res-auto" ns1717:scale_width="200"/>
                                <ImageView android:id="@+id/test_result_sheet_adult_lay_g3q6_btn" android:layout_width="wrap_content" android:layout_height="wrap_content" android:src="@drawable/img_test_uncheck" xmlns:ns1718="http://schemas.android.com/apk/res-auto" ns1718:scale_height="120" xmlns:ns1719="http://schemas.android.com/apk/res-auto" ns1719:scale_left="1960" xmlns:ns1720="http://schemas.android.com/apk/res-auto" ns1720:scale_top="15" xmlns:ns1721="http://schemas.android.com/apk/res-auto" ns1721:scale_width="120"/>
                            </com.ssomai.android.scalablelayout.ScalableLayout>
                        </com.ssomai.android.scalablelayout.ScalableLayout>
                        <com.ssomai.android.scalablelayout.ScalableLayout android:id="@+id/test_result_sheet_adult_lay_part4_sc" android:layout_width="wrap_content" android:layout_height="wrap_content" xmlns:ns1722="http://schemas.android.com/apk/res-auto" ns1722:scale_base_height="300" xmlns:ns1723="http://schemas.android.com/apk/res-auto" ns1723:scale_base_width="2095" xmlns:ns1724="http://schemas.android.com/apk/res-auto" ns1724:scale_height="300" xmlns:ns1725="http://schemas.android.com/apk/res-auto" ns1725:scale_left="100" xmlns:ns1726="http://schemas.android.com/apk/res-auto" ns1726:scale_top="2900" xmlns:ns1727="http://schemas.android.com/apk/res-auto" ns1727:scale_width="2095">
                            <TextView android:textColor="@color/black" android:gravity="center_vertical" android:id="@+id/test_result_sheet_adult_lay_g4_txt" android:layout_width="wrap_content" android:layout_height="wrap_content" android:text="CPR" xmlns:ns1728="http://schemas.android.com/apk/res-auto" ns1728:scale_height="150" xmlns:ns1729="http://schemas.android.com/apk/res-auto" ns1729:scale_left="5" xmlns:ns1730="http://schemas.android.com/apk/res-auto" ns1730:scale_textsize="45" xmlns:ns1731="http://schemas.android.com/apk/res-auto" ns1731:scale_top="0" xmlns:ns1732="http://schemas.android.com/apk/res-auto" ns1732:scale_width="2090"/>
                            <com.ssomai.android.scalablelayout.ScalableLayout android:id="@+id/test_result_sheet_adult_lay_g4q1_sc" android:background="@drawable/bg_test_unselected" android:layout_width="wrap_content" android:layout_height="wrap_content" xmlns:ns1733="http://schemas.android.com/apk/res-auto" ns1733:scale_base_height="150" xmlns:ns1734="http://schemas.android.com/apk/res-auto" ns1734:scale_base_width="2095" xmlns:ns1735="http://schemas.android.com/apk/res-auto" ns1735:scale_height="150" xmlns:ns1736="http://schemas.android.com/apk/res-auto" ns1736:scale_left="0" xmlns:ns1737="http://schemas.android.com/apk/res-auto" ns1737:scale_top="150" xmlns:ns1738="http://schemas.android.com/apk/res-auto" ns1738:scale_width="2095">
                                <TextView android:textColor="@color/black" android:gravity="center_vertical" android:id="@+id/test_result_sheet_adult_lay_g4q1_txt" android:layout_width="wrap_content" android:layout_height="wrap_content" android:text="의식 유무 확인" xmlns:ns1739="http://schemas.android.com/apk/res-auto" ns1739:scale_height="150" xmlns:ns1740="http://schemas.android.com/apk/res-auto" ns1740:scale_left="30" xmlns:ns1741="http://schemas.android.com/apk/res-auto" ns1741:scale_textsize="40" xmlns:ns1742="http://schemas.android.com/apk/res-auto" ns1742:scale_top="0" xmlns:ns1743="http://schemas.android.com/apk/res-auto" ns1743:scale_width="1650"/>
                                <ImageView android:id="@+id/test_result_sheet_adult_lay_g4q1_click_btn" android:layout_width="wrap_content" android:layout_height="wrap_content" xmlns:ns1744="http://schemas.android.com/apk/res-auto" ns1744:scale_height="150" xmlns:ns1745="http://schemas.android.com/apk/res-auto" ns1745:scale_left="1895" xmlns:ns1746="http://schemas.android.com/apk/res-auto" ns1746:scale_top="0" xmlns:ns1747="http://schemas.android.com/apk/res-auto" ns1747:scale_width="200"/>
                                <ImageView android:id="@+id/test_result_sheet_adult_lay_g4q1_btn" android:layout_width="wrap_content" android:layout_height="wrap_content" android:src="@drawable/img_test_uncheck" xmlns:ns1748="http://schemas.android.com/apk/res-auto" ns1748:scale_height="120" xmlns:ns1749="http://schemas.android.com/apk/res-auto" ns1749:scale_left="1960" xmlns:ns1750="http://schemas.android.com/apk/res-auto" ns1750:scale_top="15" xmlns:ns1751="http://schemas.android.com/apk/res-auto" ns1751:scale_width="120"/>
                            </com.ssomai.android.scalablelayout.ScalableLayout>
                        </com.ssomai.android.scalablelayout.ScalableLayout>
                        <com.ssomai.android.scalablelayout.ScalableLayout android:id="@+id/test_result_sheet_adult_lay_part5_sc" android:layout_width="wrap_content" android:layout_height="wrap_content" xmlns:ns1752="http://schemas.android.com/apk/res-auto" ns1752:scale_base_height="200" xmlns:ns1753="http://schemas.android.com/apk/res-auto" ns1753:scale_base_width="2095" xmlns:ns1754="http://schemas.android.com/apk/res-auto" ns1754:scale_height="200" xmlns:ns1755="http://schemas.android.com/apk/res-auto" ns1755:scale_left="0" xmlns:ns1756="http://schemas.android.com/apk/res-auto" ns1756:scale_top="3200" xmlns:ns1757="http://schemas.android.com/apk/res-auto" ns1757:scale_width="2095"/>
                        <TextView android:textColor="@color/black" android:gravity="center" android:id="@+id/test_result_sheet_adult_lay_g1q3_timer_value_txt" android:visibility="visible" android:layout_width="wrap_content" android:layout_height="wrap_content" android:text="0.0" xmlns:ns1758="http://schemas.android.com/apk/res-auto" ns1758:scale_height="150" xmlns:ns1759="http://schemas.android.com/apk/res-auto" ns1759:scale_left="1780" xmlns:ns1760="http://schemas.android.com/apk/res-auto" ns1760:scale_textsize="40" xmlns:ns1761="http://schemas.android.com/apk/res-auto" ns1761:scale_top="500" xmlns:ns1762="http://schemas.android.com/apk/res-auto" ns1762:scale_width="200"/>
                    </com.ssomai.android.scalablelayout.ScalableLayout>
                    <com.ssomai.android.scalablelayout.ScalableLayout android:id="@+id/test_result_sheet_infant_bls_sc" android:visibility="invisible" android:layout_width="wrap_content" android:layout_height="wrap_content" xmlns:ns1763="http://schemas.android.com/apk/res-auto" ns1763:scale_base_height="2450" xmlns:ns1764="http://schemas.android.com/apk/res-auto" ns1764:scale_base_width="2295" xmlns:ns1765="http://schemas.android.com/apk/res-auto" ns1765:scale_height="2450" xmlns:ns1766="http://schemas.android.com/apk/res-auto" ns1766:scale_left="0" xmlns:ns1767="http://schemas.android.com/apk/res-auto" ns1767:scale_top="100" xmlns:ns1768="http://schemas.android.com/apk/res-auto" ns1768:scale_width="2295">
                        <com.ssomai.android.scalablelayout.ScalableLayout android:id="@+id/test_result_sheet_infant_bls_part1_sc" android:visibility="visible" android:layout_width="wrap_content" android:layout_height="wrap_content" xmlns:ns1769="http://schemas.android.com/apk/res-auto" ns1769:scale_base_height="750" xmlns:ns1770="http://schemas.android.com/apk/res-auto" ns1770:scale_base_width="2095" xmlns:ns1771="http://schemas.android.com/apk/res-auto" ns1771:scale_height="750" xmlns:ns1772="http://schemas.android.com/apk/res-auto" ns1772:scale_left="100" xmlns:ns1773="http://schemas.android.com/apk/res-auto" ns1773:scale_top="50" xmlns:ns1774="http://schemas.android.com/apk/res-auto" ns1774:scale_width="2095">
                            <TextView android:textColor="@color/black" android:gravity="center_vertical" android:id="@+id/test_result_sheet_infant_bls_g1_txt" android:layout_width="wrap_content" android:layout_height="wrap_content" android:text="평가 및 가동 " xmlns:ns1775="http://schemas.android.com/apk/res-auto" ns1775:scale_height="150" xmlns:ns1776="http://schemas.android.com/apk/res-auto" ns1776:scale_left="5" xmlns:ns1777="http://schemas.android.com/apk/res-auto" ns1777:scale_textsize="45" xmlns:ns1778="http://schemas.android.com/apk/res-auto" ns1778:scale_top="0" xmlns:ns1779="http://schemas.android.com/apk/res-auto" ns1779:scale_width="2090"/>
                            <com.ssomai.android.scalablelayout.ScalableLayout android:id="@+id/test_result_sheet_infant_bls_g1q1_sc" android:background="@drawable/bg_test_unselected" android:layout_width="wrap_content" android:layout_height="wrap_content" xmlns:ns1780="http://schemas.android.com/apk/res-auto" ns1780:scale_base_height="150" xmlns:ns1781="http://schemas.android.com/apk/res-auto" ns1781:scale_base_width="2095" xmlns:ns1782="http://schemas.android.com/apk/res-auto" ns1782:scale_height="150" xmlns:ns1783="http://schemas.android.com/apk/res-auto" ns1783:scale_left="0" xmlns:ns1784="http://schemas.android.com/apk/res-auto" ns1784:scale_top="150" xmlns:ns1785="http://schemas.android.com/apk/res-auto" ns1785:scale_width="2095">
                                <TextView android:textColor="@color/black" android:gravity="center_vertical" android:id="@+id/test_result_sheet_infant_bls_g1q1_txt" android:layout_width="wrap_content" android:layout_height="wrap_content" android:text="의식 유무 확인" xmlns:ns1786="http://schemas.android.com/apk/res-auto" ns1786:scale_height="150" xmlns:ns1787="http://schemas.android.com/apk/res-auto" ns1787:scale_left="30" xmlns:ns1788="http://schemas.android.com/apk/res-auto" ns1788:scale_textsize="40" xmlns:ns1789="http://schemas.android.com/apk/res-auto" ns1789:scale_top="0" xmlns:ns1790="http://schemas.android.com/apk/res-auto" ns1790:scale_width="1650"/>
                                <ImageView android:id="@+id/test_result_sheet_infant_bls_g1q1_click_btn" android:layout_width="wrap_content" android:layout_height="wrap_content" xmlns:ns1791="http://schemas.android.com/apk/res-auto" ns1791:scale_height="150" xmlns:ns1792="http://schemas.android.com/apk/res-auto" ns1792:scale_left="1895" xmlns:ns1793="http://schemas.android.com/apk/res-auto" ns1793:scale_top="0" xmlns:ns1794="http://schemas.android.com/apk/res-auto" ns1794:scale_width="200"/>
                                <ImageView android:id="@+id/test_result_sheet_infant_bls_g1q1_btn" android:layout_width="wrap_content" android:layout_height="wrap_content" android:src="@drawable/img_test_uncheck" xmlns:ns1795="http://schemas.android.com/apk/res-auto" ns1795:scale_height="120" xmlns:ns1796="http://schemas.android.com/apk/res-auto" ns1796:scale_left="1960" xmlns:ns1797="http://schemas.android.com/apk/res-auto" ns1797:scale_top="15" xmlns:ns1798="http://schemas.android.com/apk/res-auto" ns1798:scale_width="120"/>
                            </com.ssomai.android.scalablelayout.ScalableLayout>
                            <com.ssomai.android.scalablelayout.ScalableLayout android:id="@+id/test_result_sheet_infant_bls_g1q2_sc" android:background="@drawable/bg_test_unselected" android:layout_width="wrap_content" android:layout_height="wrap_content" xmlns:ns1799="http://schemas.android.com/apk/res-auto" ns1799:scale_base_height="150" xmlns:ns1800="http://schemas.android.com/apk/res-auto" ns1800:scale_base_width="2095" xmlns:ns1801="http://schemas.android.com/apk/res-auto" ns1801:scale_height="150" xmlns:ns1802="http://schemas.android.com/apk/res-auto" ns1802:scale_left="0" xmlns:ns1803="http://schemas.android.com/apk/res-auto" ns1803:scale_top="300" xmlns:ns1804="http://schemas.android.com/apk/res-auto" ns1804:scale_width="2095">
                                <TextView android:textColor="@color/black" android:gravity="center_vertical" android:id="@+id/test_result_sheet_infant_bls_g1q2_txt" android:layout_width="wrap_content" android:layout_height="wrap_content" android:text="의식 유무 확인" xmlns:ns1805="http://schemas.android.com/apk/res-auto" ns1805:scale_height="150" xmlns:ns1806="http://schemas.android.com/apk/res-auto" ns1806:scale_left="30" xmlns:ns1807="http://schemas.android.com/apk/res-auto" ns1807:scale_textsize="40" xmlns:ns1808="http://schemas.android.com/apk/res-auto" ns1808:scale_top="0" xmlns:ns1809="http://schemas.android.com/apk/res-auto" ns1809:scale_width="1650"/>
                                <ImageView android:id="@+id/test_result_sheet_infant_bls_g1q2_click_btn" android:layout_width="wrap_content" android:layout_height="wrap_content" xmlns:ns1810="http://schemas.android.com/apk/res-auto" ns1810:scale_height="150" xmlns:ns1811="http://schemas.android.com/apk/res-auto" ns1811:scale_left="1895" xmlns:ns1812="http://schemas.android.com/apk/res-auto" ns1812:scale_top="0" xmlns:ns1813="http://schemas.android.com/apk/res-auto" ns1813:scale_width="200"/>
                                <ImageView android:id="@+id/test_result_sheet_infant_bls_g1q2_btn" android:layout_width="wrap_content" android:layout_height="wrap_content" android:src="@drawable/img_test_uncheck" xmlns:ns1814="http://schemas.android.com/apk/res-auto" ns1814:scale_height="120" xmlns:ns1815="http://schemas.android.com/apk/res-auto" ns1815:scale_left="1960" xmlns:ns1816="http://schemas.android.com/apk/res-auto" ns1816:scale_top="15" xmlns:ns1817="http://schemas.android.com/apk/res-auto" ns1817:scale_width="120"/>
                            </com.ssomai.android.scalablelayout.ScalableLayout>
                            <com.ssomai.android.scalablelayout.ScalableLayout android:id="@+id/test_result_sheet_infant_bls_g1q3_sc" android:background="@drawable/bg_test_unselected" android:layout_width="wrap_content" android:layout_height="wrap_content" xmlns:ns1818="http://schemas.android.com/apk/res-auto" ns1818:scale_base_height="150" xmlns:ns1819="http://schemas.android.com/apk/res-auto" ns1819:scale_base_width="2095" xmlns:ns1820="http://schemas.android.com/apk/res-auto" ns1820:scale_height="150" xmlns:ns1821="http://schemas.android.com/apk/res-auto" ns1821:scale_left="0" xmlns:ns1822="http://schemas.android.com/apk/res-auto" ns1822:scale_top="450" xmlns:ns1823="http://schemas.android.com/apk/res-auto" ns1823:scale_width="2095">
                                <TextView android:textColor="@color/black" android:gravity="center_vertical" android:id="@+id/test_result_sheet_infant_bls_g1q3_txt" android:layout_width="wrap_content" android:layout_height="wrap_content" android:text="의식 유무 확인" xmlns:ns1824="http://schemas.android.com/apk/res-auto" ns1824:scale_height="150" xmlns:ns1825="http://schemas.android.com/apk/res-auto" ns1825:scale_left="30" xmlns:ns1826="http://schemas.android.com/apk/res-auto" ns1826:scale_textsize="40" xmlns:ns1827="http://schemas.android.com/apk/res-auto" ns1827:scale_top="0" xmlns:ns1828="http://schemas.android.com/apk/res-auto" ns1828:scale_width="1650"/>
                                <ImageView android:id="@+id/test_result_sheet_infant_bls_g1q3_click_btn" android:layout_width="wrap_content" android:layout_height="wrap_content" xmlns:ns1829="http://schemas.android.com/apk/res-auto" ns1829:scale_height="150" xmlns:ns1830="http://schemas.android.com/apk/res-auto" ns1830:scale_left="1895" xmlns:ns1831="http://schemas.android.com/apk/res-auto" ns1831:scale_top="0" xmlns:ns1832="http://schemas.android.com/apk/res-auto" ns1832:scale_width="200"/>
                                <ImageView android:id="@+id/test_result_sheet_infant_bls_g1q3_btn" android:layout_width="wrap_content" android:layout_height="wrap_content" android:src="@drawable/img_test_uncheck" xmlns:ns1833="http://schemas.android.com/apk/res-auto" ns1833:scale_height="120" xmlns:ns1834="http://schemas.android.com/apk/res-auto" ns1834:scale_left="1960" xmlns:ns1835="http://schemas.android.com/apk/res-auto" ns1835:scale_top="15" xmlns:ns1836="http://schemas.android.com/apk/res-auto" ns1836:scale_width="120"/>
                            </com.ssomai.android.scalablelayout.ScalableLayout>
                            <com.ssomai.android.scalablelayout.ScalableLayout android:id="@+id/test_result_sheet_infant_bls_g1q4_sc" android:background="@drawable/bg_test_unselected" android:layout_width="wrap_content" android:layout_height="wrap_content" xmlns:ns1837="http://schemas.android.com/apk/res-auto" ns1837:scale_base_height="150" xmlns:ns1838="http://schemas.android.com/apk/res-auto" ns1838:scale_base_width="2095" xmlns:ns1839="http://schemas.android.com/apk/res-auto" ns1839:scale_height="150" xmlns:ns1840="http://schemas.android.com/apk/res-auto" ns1840:scale_left="0" xmlns:ns1841="http://schemas.android.com/apk/res-auto" ns1841:scale_top="600" xmlns:ns1842="http://schemas.android.com/apk/res-auto" ns1842:scale_width="2095">
                                <TextView android:textColor="@color/black" android:gravity="center_vertical" android:id="@+id/test_result_sheet_infant_bls_g1q4_txt" android:layout_width="wrap_content" android:layout_height="wrap_content" android:text="의식 유무 확인" xmlns:ns1843="http://schemas.android.com/apk/res-auto" ns1843:scale_height="150" xmlns:ns1844="http://schemas.android.com/apk/res-auto" ns1844:scale_left="30" xmlns:ns1845="http://schemas.android.com/apk/res-auto" ns1845:scale_textsize="40" xmlns:ns1846="http://schemas.android.com/apk/res-auto" ns1846:scale_top="0" xmlns:ns1847="http://schemas.android.com/apk/res-auto" ns1847:scale_width="1650"/>
                                <ImageView android:id="@+id/test_result_sheet_infant_bls_g1q4_click_btn" android:layout_width="wrap_content" android:layout_height="wrap_content" xmlns:ns1848="http://schemas.android.com/apk/res-auto" ns1848:scale_height="150" xmlns:ns1849="http://schemas.android.com/apk/res-auto" ns1849:scale_left="1895" xmlns:ns1850="http://schemas.android.com/apk/res-auto" ns1850:scale_top="0" xmlns:ns1851="http://schemas.android.com/apk/res-auto" ns1851:scale_width="200"/>
                                <ImageView android:id="@+id/test_result_sheet_infant_bls_g1q4_btn" android:layout_width="wrap_content" android:layout_height="wrap_content" android:src="@drawable/img_test_uncheck" xmlns:ns1852="http://schemas.android.com/apk/res-auto" ns1852:scale_height="120" xmlns:ns1853="http://schemas.android.com/apk/res-auto" ns1853:scale_left="1960" xmlns:ns1854="http://schemas.android.com/apk/res-auto" ns1854:scale_top="15" xmlns:ns1855="http://schemas.android.com/apk/res-auto" ns1855:scale_width="120"/>
                            </com.ssomai.android.scalablelayout.ScalableLayout>
                            <com.ssomai.android.scalablelayout.ScalableLayout android:id="@+id/test_result_sheet_infant_bls_g1q5_sc" android:background="@drawable/bg_test_unselected" android:layout_width="wrap_content" android:layout_height="wrap_content" xmlns:ns1856="http://schemas.android.com/apk/res-auto" ns1856:scale_base_height="150" xmlns:ns1857="http://schemas.android.com/apk/res-auto" ns1857:scale_base_width="2095" xmlns:ns1858="http://schemas.android.com/apk/res-auto" ns1858:scale_height="150" xmlns:ns1859="http://schemas.android.com/apk/res-auto" ns1859:scale_left="0" xmlns:ns1860="http://schemas.android.com/apk/res-auto" ns1860:scale_top="750" xmlns:ns1861="http://schemas.android.com/apk/res-auto" ns1861:scale_width="2095">
                                <TextView android:textColor="@color/black" android:gravity="center_vertical" android:id="@+id/test_result_sheet_infant_bls_g1q5_txt" android:layout_width="wrap_content" android:layout_height="wrap_content" android:text="의식 유무 확인" xmlns:ns1862="http://schemas.android.com/apk/res-auto" ns1862:scale_height="150" xmlns:ns1863="http://schemas.android.com/apk/res-auto" ns1863:scale_left="30" xmlns:ns1864="http://schemas.android.com/apk/res-auto" ns1864:scale_textsize="40" xmlns:ns1865="http://schemas.android.com/apk/res-auto" ns1865:scale_top="0" xmlns:ns1866="http://schemas.android.com/apk/res-auto" ns1866:scale_width="1650"/>
                                <ImageView android:id="@+id/test_result_sheet_infant_bls_g1q5_click_btn" android:layout_width="wrap_content" android:layout_height="wrap_content" xmlns:ns1867="http://schemas.android.com/apk/res-auto" ns1867:scale_height="150" xmlns:ns1868="http://schemas.android.com/apk/res-auto" ns1868:scale_left="1895" xmlns:ns1869="http://schemas.android.com/apk/res-auto" ns1869:scale_top="0" xmlns:ns1870="http://schemas.android.com/apk/res-auto" ns1870:scale_width="200"/>
                                <ImageView android:id="@+id/test_result_sheet_infant_bls_g1q5_btn" android:layout_width="wrap_content" android:layout_height="wrap_content" android:src="@drawable/img_test_uncheck" xmlns:ns1871="http://schemas.android.com/apk/res-auto" ns1871:scale_height="120" xmlns:ns1872="http://schemas.android.com/apk/res-auto" ns1872:scale_left="1960" xmlns:ns1873="http://schemas.android.com/apk/res-auto" ns1873:scale_top="15" xmlns:ns1874="http://schemas.android.com/apk/res-auto" ns1874:scale_width="120"/>
                            </com.ssomai.android.scalablelayout.ScalableLayout>
                        </com.ssomai.android.scalablelayout.ScalableLayout>
                        <com.ssomai.android.scalablelayout.ScalableLayout android:id="@+id/test_result_sheet_infant_bls_part2_sc" android:layout_width="wrap_content" android:layout_height="wrap_content" xmlns:ns1875="http://schemas.android.com/apk/res-auto" ns1875:scale_base_height="1050" xmlns:ns1876="http://schemas.android.com/apk/res-auto" ns1876:scale_base_width="2095" xmlns:ns1877="http://schemas.android.com/apk/res-auto" ns1877:scale_height="1050" xmlns:ns1878="http://schemas.android.com/apk/res-auto" ns1878:scale_left="100" xmlns:ns1879="http://schemas.android.com/apk/res-auto" ns1879:scale_top="850" xmlns:ns1880="http://schemas.android.com/apk/res-auto" ns1880:scale_width="2095">
                            <TextView android:textColor="@color/black" android:gravity="center_vertical" android:id="@+id/test_result_sheet_infant_bls_g2_txt" android:layout_width="wrap_content" android:layout_height="wrap_content" android:text="CPR" xmlns:ns1881="http://schemas.android.com/apk/res-auto" ns1881:scale_height="150" xmlns:ns1882="http://schemas.android.com/apk/res-auto" ns1882:scale_left="5" xmlns:ns1883="http://schemas.android.com/apk/res-auto" ns1883:scale_textsize="45" xmlns:ns1884="http://schemas.android.com/apk/res-auto" ns1884:scale_top="0" xmlns:ns1885="http://schemas.android.com/apk/res-auto" ns1885:scale_width="2090"/>
                            <com.ssomai.android.scalablelayout.ScalableLayout android:id="@+id/test_result_sheet_infant_bls_g2q1_sc" android:background="@drawable/bg_test_unselected" android:layout_width="wrap_content" android:layout_height="wrap_content" xmlns:ns1886="http://schemas.android.com/apk/res-auto" ns1886:scale_base_height="150" xmlns:ns1887="http://schemas.android.com/apk/res-auto" ns1887:scale_base_width="2095" xmlns:ns1888="http://schemas.android.com/apk/res-auto" ns1888:scale_height="150" xmlns:ns1889="http://schemas.android.com/apk/res-auto" ns1889:scale_left="0" xmlns:ns1890="http://schemas.android.com/apk/res-auto" ns1890:scale_top="150" xmlns:ns1891="http://schemas.android.com/apk/res-auto" ns1891:scale_width="2095">
                                <TextView android:textColor="@color/black" android:gravity="center_vertical" android:id="@+id/test_result_sheet_infant_bls_g2q1_txt" android:layout_width="wrap_content" android:layout_height="wrap_content" android:text="의식 유무 확인" xmlns:ns1892="http://schemas.android.com/apk/res-auto" ns1892:scale_height="150" xmlns:ns1893="http://schemas.android.com/apk/res-auto" ns1893:scale_left="30" xmlns:ns1894="http://schemas.android.com/apk/res-auto" ns1894:scale_textsize="40" xmlns:ns1895="http://schemas.android.com/apk/res-auto" ns1895:scale_top="0" xmlns:ns1896="http://schemas.android.com/apk/res-auto" ns1896:scale_width="1500"/>
                                <TextView android:textColor="@color/black" android:gravity="center" android:id="@+id/test_result_sheet_infant_bls_g2q1_timer_value_txt" android:visibility="visible" android:layout_width="wrap_content" android:layout_height="wrap_content" android:text="0.0" xmlns:ns1897="http://schemas.android.com/apk/res-auto" ns1897:scale_height="150" xmlns:ns1898="http://schemas.android.com/apk/res-auto" ns1898:scale_left="1680" xmlns:ns1899="http://schemas.android.com/apk/res-auto" ns1899:scale_textsize="40" xmlns:ns1900="http://schemas.android.com/apk/res-auto" ns1900:scale_top="0" xmlns:ns1901="http://schemas.android.com/apk/res-auto" ns1901:scale_width="200"/>
                                <ImageView android:id="@+id/test_result_sheet_infant_bls_g2q1_click_btn" android:layout_width="wrap_content" android:layout_height="wrap_content" xmlns:ns1902="http://schemas.android.com/apk/res-auto" ns1902:scale_height="150" xmlns:ns1903="http://schemas.android.com/apk/res-auto" ns1903:scale_left="1895" xmlns:ns1904="http://schemas.android.com/apk/res-auto" ns1904:scale_top="0" xmlns:ns1905="http://schemas.android.com/apk/res-auto" ns1905:scale_width="200"/>
                                <ImageView android:id="@+id/test_result_sheet_infant_bls_g2q1_btn" android:layout_width="wrap_content" android:layout_height="wrap_content" android:src="@drawable/img_test_uncheck" xmlns:ns1906="http://schemas.android.com/apk/res-auto" ns1906:scale_height="120" xmlns:ns1907="http://schemas.android.com/apk/res-auto" ns1907:scale_left="1960" xmlns:ns1908="http://schemas.android.com/apk/res-auto" ns1908:scale_top="15" xmlns:ns1909="http://schemas.android.com/apk/res-auto" ns1909:scale_width="120"/>
                            </com.ssomai.android.scalablelayout.ScalableLayout>
                            <com.ssomai.android.scalablelayout.ScalableLayout android:id="@+id/test_result_sheet_infant_bls_g2q2_sc" android:background="@drawable/bg_test_unselected" android:layout_width="wrap_content" android:layout_height="wrap_content" xmlns:ns1910="http://schemas.android.com/apk/res-auto" ns1910:scale_base_height="150" xmlns:ns1911="http://schemas.android.com/apk/res-auto" ns1911:scale_base_width="2095" xmlns:ns1912="http://schemas.android.com/apk/res-auto" ns1912:scale_height="150" xmlns:ns1913="http://schemas.android.com/apk/res-auto" ns1913:scale_left="0" xmlns:ns1914="http://schemas.android.com/apk/res-auto" ns1914:scale_top="300" xmlns:ns1915="http://schemas.android.com/apk/res-auto" ns1915:scale_width="2095">
                                <TextView android:textColor="@color/black" android:gravity="center_vertical" android:id="@+id/test_result_sheet_infant_bls_g2q2_txt" android:layout_width="wrap_content" android:layout_height="wrap_content" android:text="의식 유무 확인" xmlns:ns1916="http://schemas.android.com/apk/res-auto" ns1916:scale_height="150" xmlns:ns1917="http://schemas.android.com/apk/res-auto" ns1917:scale_left="30" xmlns:ns1918="http://schemas.android.com/apk/res-auto" ns1918:scale_textsize="40" xmlns:ns1919="http://schemas.android.com/apk/res-auto" ns1919:scale_top="0" xmlns:ns1920="http://schemas.android.com/apk/res-auto" ns1920:scale_width="1500"/>
                                <TextView android:textColor="@color/black" android:gravity="center" android:id="@+id/test_result_sheet_infant_bls_g2q2_timer_value_txt" android:visibility="visible" android:layout_width="wrap_content" android:layout_height="wrap_content" android:text="0.0" xmlns:ns1921="http://schemas.android.com/apk/res-auto" ns1921:scale_height="150" xmlns:ns1922="http://schemas.android.com/apk/res-auto" ns1922:scale_left="1680" xmlns:ns1923="http://schemas.android.com/apk/res-auto" ns1923:scale_textsize="40" xmlns:ns1924="http://schemas.android.com/apk/res-auto" ns1924:scale_top="0" xmlns:ns1925="http://schemas.android.com/apk/res-auto" ns1925:scale_width="200"/>
                                <ImageView android:id="@+id/test_result_sheet_infant_bls_g2q2_click_btn" android:layout_width="wrap_content" android:layout_height="wrap_content" xmlns:ns1926="http://schemas.android.com/apk/res-auto" ns1926:scale_height="150" xmlns:ns1927="http://schemas.android.com/apk/res-auto" ns1927:scale_left="1895" xmlns:ns1928="http://schemas.android.com/apk/res-auto" ns1928:scale_top="0" xmlns:ns1929="http://schemas.android.com/apk/res-auto" ns1929:scale_width="200"/>
                                <ImageView android:id="@+id/test_result_sheet_infant_bls_g2q2_btn" android:layout_width="wrap_content" android:layout_height="wrap_content" android:src="@drawable/img_test_uncheck" xmlns:ns1930="http://schemas.android.com/apk/res-auto" ns1930:scale_height="120" xmlns:ns1931="http://schemas.android.com/apk/res-auto" ns1931:scale_left="1960" xmlns:ns1932="http://schemas.android.com/apk/res-auto" ns1932:scale_top="15" xmlns:ns1933="http://schemas.android.com/apk/res-auto" ns1933:scale_width="120"/>
                            </com.ssomai.android.scalablelayout.ScalableLayout>
                            <com.ssomai.android.scalablelayout.ScalableLayout android:id="@+id/test_result_sheet_infant_bls_g2q3_sc" android:background="@drawable/bg_test_unselected" android:layout_width="wrap_content" android:layout_height="wrap_content" xmlns:ns1934="http://schemas.android.com/apk/res-auto" ns1934:scale_base_height="150" xmlns:ns1935="http://schemas.android.com/apk/res-auto" ns1935:scale_base_width="2095" xmlns:ns1936="http://schemas.android.com/apk/res-auto" ns1936:scale_height="150" xmlns:ns1937="http://schemas.android.com/apk/res-auto" ns1937:scale_left="0" xmlns:ns1938="http://schemas.android.com/apk/res-auto" ns1938:scale_top="450" xmlns:ns1939="http://schemas.android.com/apk/res-auto" ns1939:scale_width="2095">
                                <TextView android:textColor="@color/black" android:gravity="center_vertical" android:id="@+id/test_result_sheet_infant_bls_g2q3_txt" android:layout_width="wrap_content" android:layout_height="wrap_content" android:text="의식 유무 확인" xmlns:ns1940="http://schemas.android.com/apk/res-auto" ns1940:scale_height="150" xmlns:ns1941="http://schemas.android.com/apk/res-auto" ns1941:scale_left="30" xmlns:ns1942="http://schemas.android.com/apk/res-auto" ns1942:scale_textsize="40" xmlns:ns1943="http://schemas.android.com/apk/res-auto" ns1943:scale_top="0" xmlns:ns1944="http://schemas.android.com/apk/res-auto" ns1944:scale_width="1500"/>
                                <TextView android:textColor="@color/black" android:gravity="center" android:id="@+id/test_result_sheet_infant_bls_g2q3_timer_value_txt" android:visibility="visible" android:layout_width="wrap_content" android:layout_height="wrap_content" android:text="0.0" xmlns:ns1945="http://schemas.android.com/apk/res-auto" ns1945:scale_height="150" xmlns:ns1946="http://schemas.android.com/apk/res-auto" ns1946:scale_left="1680" xmlns:ns1947="http://schemas.android.com/apk/res-auto" ns1947:scale_textsize="40" xmlns:ns1948="http://schemas.android.com/apk/res-auto" ns1948:scale_top="0" xmlns:ns1949="http://schemas.android.com/apk/res-auto" ns1949:scale_width="200"/>
                                <ImageView android:id="@+id/test_result_sheet_infant_bls_g2q3_click_btn" android:layout_width="wrap_content" android:layout_height="wrap_content" xmlns:ns1950="http://schemas.android.com/apk/res-auto" ns1950:scale_height="150" xmlns:ns1951="http://schemas.android.com/apk/res-auto" ns1951:scale_left="1895" xmlns:ns1952="http://schemas.android.com/apk/res-auto" ns1952:scale_top="0" xmlns:ns1953="http://schemas.android.com/apk/res-auto" ns1953:scale_width="200"/>
                                <ImageView android:id="@+id/test_result_sheet_infant_bls_g2q3_btn" android:layout_width="wrap_content" android:layout_height="wrap_content" android:src="@drawable/img_test_uncheck" xmlns:ns1954="http://schemas.android.com/apk/res-auto" ns1954:scale_height="120" xmlns:ns1955="http://schemas.android.com/apk/res-auto" ns1955:scale_left="1960" xmlns:ns1956="http://schemas.android.com/apk/res-auto" ns1956:scale_top="15" xmlns:ns1957="http://schemas.android.com/apk/res-auto" ns1957:scale_width="120"/>
                            </com.ssomai.android.scalablelayout.ScalableLayout>
                            <com.ssomai.android.scalablelayout.ScalableLayout android:id="@+id/test_result_sheet_infant_bls_g2q4_sc" android:background="@drawable/bg_test_unselected" android:layout_width="wrap_content" android:layout_height="wrap_content" xmlns:ns1958="http://schemas.android.com/apk/res-auto" ns1958:scale_base_height="150" xmlns:ns1959="http://schemas.android.com/apk/res-auto" ns1959:scale_base_width="2095" xmlns:ns1960="http://schemas.android.com/apk/res-auto" ns1960:scale_height="150" xmlns:ns1961="http://schemas.android.com/apk/res-auto" ns1961:scale_left="0" xmlns:ns1962="http://schemas.android.com/apk/res-auto" ns1962:scale_top="600" xmlns:ns1963="http://schemas.android.com/apk/res-auto" ns1963:scale_width="2095">
                                <TextView android:textColor="@color/black" android:gravity="center_vertical" android:id="@+id/test_result_sheet_infant_bls_g2q4_txt" android:layout_width="wrap_content" android:layout_height="wrap_content" android:text="의식 유무 확인" xmlns:ns1964="http://schemas.android.com/apk/res-auto" ns1964:scale_height="150" xmlns:ns1965="http://schemas.android.com/apk/res-auto" ns1965:scale_left="30" xmlns:ns1966="http://schemas.android.com/apk/res-auto" ns1966:scale_textsize="40" xmlns:ns1967="http://schemas.android.com/apk/res-auto" ns1967:scale_top="0" xmlns:ns1968="http://schemas.android.com/apk/res-auto" ns1968:scale_width="1500"/>
                                <TextView android:textColor="@color/black" android:gravity="center" android:id="@+id/test_result_sheet_infant_bls_g2q4_timer_value_txt" android:visibility="visible" android:layout_width="wrap_content" android:layout_height="wrap_content" android:text="0.0" xmlns:ns1969="http://schemas.android.com/apk/res-auto" ns1969:scale_height="150" xmlns:ns1970="http://schemas.android.com/apk/res-auto" ns1970:scale_left="1680" xmlns:ns1971="http://schemas.android.com/apk/res-auto" ns1971:scale_textsize="40" xmlns:ns1972="http://schemas.android.com/apk/res-auto" ns1972:scale_top="0" xmlns:ns1973="http://schemas.android.com/apk/res-auto" ns1973:scale_width="200"/>
                                <ImageView android:id="@+id/test_result_sheet_infant_bls_g2q4_click_btn" android:layout_width="wrap_content" android:layout_height="wrap_content" xmlns:ns1974="http://schemas.android.com/apk/res-auto" ns1974:scale_height="150" xmlns:ns1975="http://schemas.android.com/apk/res-auto" ns1975:scale_left="1895" xmlns:ns1976="http://schemas.android.com/apk/res-auto" ns1976:scale_top="0" xmlns:ns1977="http://schemas.android.com/apk/res-auto" ns1977:scale_width="200"/>
                                <ImageView android:id="@+id/test_result_sheet_infant_bls_g2q4_btn" android:layout_width="wrap_content" android:layout_height="wrap_content" android:src="@drawable/img_test_uncheck" xmlns:ns1978="http://schemas.android.com/apk/res-auto" ns1978:scale_height="120" xmlns:ns1979="http://schemas.android.com/apk/res-auto" ns1979:scale_left="1960" xmlns:ns1980="http://schemas.android.com/apk/res-auto" ns1980:scale_top="15" xmlns:ns1981="http://schemas.android.com/apk/res-auto" ns1981:scale_width="120"/>
                            </com.ssomai.android.scalablelayout.ScalableLayout>
                            <com.ssomai.android.scalablelayout.ScalableLayout android:id="@+id/test_result_sheet_infant_bls_g2q5_sc" android:background="@drawable/bg_test_unselected" android:layout_width="wrap_content" android:layout_height="wrap_content" xmlns:ns1982="http://schemas.android.com/apk/res-auto" ns1982:scale_base_height="150" xmlns:ns1983="http://schemas.android.com/apk/res-auto" ns1983:scale_base_width="2095" xmlns:ns1984="http://schemas.android.com/apk/res-auto" ns1984:scale_height="150" xmlns:ns1985="http://schemas.android.com/apk/res-auto" ns1985:scale_left="0" xmlns:ns1986="http://schemas.android.com/apk/res-auto" ns1986:scale_top="750" xmlns:ns1987="http://schemas.android.com/apk/res-auto" ns1987:scale_width="2095">
                                <TextView android:textColor="@color/black" android:gravity="center_vertical" android:id="@+id/test_result_sheet_infant_bls_g2q5_txt" android:layout_width="wrap_content" android:layout_height="wrap_content" android:text="의식 유무 확인" xmlns:ns1988="http://schemas.android.com/apk/res-auto" ns1988:scale_height="150" xmlns:ns1989="http://schemas.android.com/apk/res-auto" ns1989:scale_left="30" xmlns:ns1990="http://schemas.android.com/apk/res-auto" ns1990:scale_textsize="40" xmlns:ns1991="http://schemas.android.com/apk/res-auto" ns1991:scale_top="0" xmlns:ns1992="http://schemas.android.com/apk/res-auto" ns1992:scale_width="1650"/>
                                <ImageView android:id="@+id/test_result_sheet_infant_bls_g2q5_click_btn" android:layout_width="wrap_content" android:layout_height="wrap_content" xmlns:ns1993="http://schemas.android.com/apk/res-auto" ns1993:scale_height="150" xmlns:ns1994="http://schemas.android.com/apk/res-auto" ns1994:scale_left="1895" xmlns:ns1995="http://schemas.android.com/apk/res-auto" ns1995:scale_top="0" xmlns:ns1996="http://schemas.android.com/apk/res-auto" ns1996:scale_width="200"/>
                                <ImageView android:id="@+id/test_result_sheet_infant_bls_g2q5_btn" android:layout_width="wrap_content" android:layout_height="wrap_content" android:src="@drawable/img_test_uncheck" xmlns:ns1997="http://schemas.android.com/apk/res-auto" ns1997:scale_height="120" xmlns:ns1998="http://schemas.android.com/apk/res-auto" ns1998:scale_left="1960" xmlns:ns1999="http://schemas.android.com/apk/res-auto" ns1999:scale_top="15" xmlns:ns2000="http://schemas.android.com/apk/res-auto" ns2000:scale_width="120"/>
                            </com.ssomai.android.scalablelayout.ScalableLayout>
                            <com.ssomai.android.scalablelayout.ScalableLayout android:id="@+id/test_result_sheet_infant_bls_mibi_sc" android:background="@drawable/bg_test_mibi" android:layout_width="wrap_content" android:layout_height="wrap_content" xmlns:ns2001="http://schemas.android.com/apk/res-auto" ns2001:scale_base_height="150" xmlns:ns2002="http://schemas.android.com/apk/res-auto" ns2002:scale_base_width="2095" xmlns:ns2003="http://schemas.android.com/apk/res-auto" ns2003:scale_height="150" xmlns:ns2004="http://schemas.android.com/apk/res-auto" ns2004:scale_left="0" xmlns:ns2005="http://schemas.android.com/apk/res-auto" ns2005:scale_top="900" xmlns:ns2006="http://schemas.android.com/apk/res-auto" ns2006:scale_width="2095">
                                <TextView android:textColor="@color/black" android:gravity="center_vertical" android:id="@+id/test_result_sheet_infant_bls_mibi_txt" android:layout_width="wrap_content" android:layout_height="wrap_content" android:text="미비항목 체크" xmlns:ns2007="http://schemas.android.com/apk/res-auto" ns2007:scale_height="150" xmlns:ns2008="http://schemas.android.com/apk/res-auto" ns2008:scale_left="30" xmlns:ns2009="http://schemas.android.com/apk/res-auto" ns2009:scale_textsize="40" xmlns:ns2010="http://schemas.android.com/apk/res-auto" ns2010:scale_top="0" xmlns:ns2011="http://schemas.android.com/apk/res-auto" ns2011:scale_width="600"/>
                                <TextView android:textColor="@color/black" android:gravity="right|center_vertical|center_horizontal|center" android:id="@+id/test_result_sheet_infant_bls_mibi1_txt" android:visibility="visible" android:layout_width="wrap_content" android:layout_height="wrap_content" android:text="호흡장비 밀착 미비" xmlns:ns2012="http://schemas.android.com/apk/res-auto" ns2012:scale_height="150" xmlns:ns2013="http://schemas.android.com/apk/res-auto" ns2013:scale_left="950" xmlns:ns2014="http://schemas.android.com/apk/res-auto" ns2014:scale_textsize="40" xmlns:ns2015="http://schemas.android.com/apk/res-auto" ns2015:scale_top="0" xmlns:ns2016="http://schemas.android.com/apk/res-auto" ns2016:scale_width="400"/>
                                <ImageView android:id="@+id/test_result_sheet_infant_bls_mibi1_btn" android:layout_width="wrap_content" android:layout_height="wrap_content" android:src="@drawable/img_test_mibi_uncheck" xmlns:ns2017="http://schemas.android.com/apk/res-auto" ns2017:scale_height="150" xmlns:ns2018="http://schemas.android.com/apk/res-auto" ns2018:scale_left="1350" xmlns:ns2019="http://schemas.android.com/apk/res-auto" ns2019:scale_top="0" xmlns:ns2020="http://schemas.android.com/apk/res-auto" ns2020:scale_width="125"/>
                                <TextView android:textColor="@color/black" android:gravity="right|center_vertical|center_horizontal|center" android:id="@+id/test_result_sheet_infant_bls_mibi2_txt" android:visibility="visible" android:layout_width="wrap_content" android:layout_height="wrap_content" android:text="기도유지 미비" xmlns:ns2021="http://schemas.android.com/apk/res-auto" ns2021:scale_height="150" xmlns:ns2022="http://schemas.android.com/apk/res-auto" ns2022:scale_left="1550" xmlns:ns2023="http://schemas.android.com/apk/res-auto" ns2023:scale_textsize="40" xmlns:ns2024="http://schemas.android.com/apk/res-auto" ns2024:scale_top="0" xmlns:ns2025="http://schemas.android.com/apk/res-auto" ns2025:scale_width="400"/>
                                <ImageView android:id="@+id/test_result_sheet_infant_bls_mibi2_btn" android:layout_width="wrap_content" android:layout_height="wrap_content" android:src="@drawable/img_test_mibi_uncheck" xmlns:ns2026="http://schemas.android.com/apk/res-auto" ns2026:scale_height="150" xmlns:ns2027="http://schemas.android.com/apk/res-auto" ns2027:scale_left="1950" xmlns:ns2028="http://schemas.android.com/apk/res-auto" ns2028:scale_top="0" xmlns:ns2029="http://schemas.android.com/apk/res-auto" ns2029:scale_width="125"/>
                            </com.ssomai.android.scalablelayout.ScalableLayout>
                        </com.ssomai.android.scalablelayout.ScalableLayout>
                        <com.ssomai.android.scalablelayout.ScalableLayout android:id="@+id/test_result_sheet_infant_bls_part3_sc" android:layout_width="wrap_content" android:layout_height="wrap_content" xmlns:ns2030="http://schemas.android.com/apk/res-auto" ns2030:scale_base_height="450" xmlns:ns2031="http://schemas.android.com/apk/res-auto" ns2031:scale_base_width="2095" xmlns:ns2032="http://schemas.android.com/apk/res-auto" ns2032:scale_height="450" xmlns:ns2033="http://schemas.android.com/apk/res-auto" ns2033:scale_left="100" xmlns:ns2034="http://schemas.android.com/apk/res-auto" ns2034:scale_top="1800" xmlns:ns2035="http://schemas.android.com/apk/res-auto" ns2035:scale_width="2095">
                            <TextView android:textColor="@color/black" android:gravity="center_vertical" android:id="@+id/test_result_sheet_infant_bls_g3_txt" android:layout_width="wrap_content" android:layout_height="wrap_content" android:text="CPR" xmlns:ns2036="http://schemas.android.com/apk/res-auto" ns2036:scale_height="150" xmlns:ns2037="http://schemas.android.com/apk/res-auto" ns2037:scale_left="5" xmlns:ns2038="http://schemas.android.com/apk/res-auto" ns2038:scale_textsize="45" xmlns:ns2039="http://schemas.android.com/apk/res-auto" ns2039:scale_top="0" xmlns:ns2040="http://schemas.android.com/apk/res-auto" ns2040:scale_width="2090"/>
                            <com.ssomai.android.scalablelayout.ScalableLayout android:id="@+id/test_result_sheet_infant_bls_g3q1_sc" android:background="@drawable/bg_test_unselected" android:layout_width="wrap_content" android:layout_height="wrap_content" xmlns:ns2041="http://schemas.android.com/apk/res-auto" ns2041:scale_base_height="150" xmlns:ns2042="http://schemas.android.com/apk/res-auto" ns2042:scale_base_width="2095" xmlns:ns2043="http://schemas.android.com/apk/res-auto" ns2043:scale_height="150" xmlns:ns2044="http://schemas.android.com/apk/res-auto" ns2044:scale_left="0" xmlns:ns2045="http://schemas.android.com/apk/res-auto" ns2045:scale_top="150" xmlns:ns2046="http://schemas.android.com/apk/res-auto" ns2046:scale_width="2095">
                                <TextView android:textColor="@color/black" android:gravity="center_vertical" android:id="@+id/test_result_sheet_infant_bls_g3q1_txt" android:layout_width="wrap_content" android:layout_height="wrap_content" android:text="의식 유무 확인" xmlns:ns2047="http://schemas.android.com/apk/res-auto" ns2047:scale_height="150" xmlns:ns2048="http://schemas.android.com/apk/res-auto" ns2048:scale_left="30" xmlns:ns2049="http://schemas.android.com/apk/res-auto" ns2049:scale_textsize="40" xmlns:ns2050="http://schemas.android.com/apk/res-auto" ns2050:scale_top="0" xmlns:ns2051="http://schemas.android.com/apk/res-auto" ns2051:scale_width="1500"/>
                                <TextView android:textColor="@color/black" android:gravity="center" android:id="@+id/test_result_sheet_infant_bls_g3q1_timer_value_txt" android:visibility="visible" android:layout_width="wrap_content" android:layout_height="wrap_content" android:text="0.0" xmlns:ns2052="http://schemas.android.com/apk/res-auto" ns2052:scale_height="150" xmlns:ns2053="http://schemas.android.com/apk/res-auto" ns2053:scale_left="1680" xmlns:ns2054="http://schemas.android.com/apk/res-auto" ns2054:scale_textsize="40" xmlns:ns2055="http://schemas.android.com/apk/res-auto" ns2055:scale_top="0" xmlns:ns2056="http://schemas.android.com/apk/res-auto" ns2056:scale_width="200"/>
                                <ImageView android:id="@+id/test_result_sheet_infant_bls_g3q1_click_btn" android:layout_width="wrap_content" android:layout_height="wrap_content" xmlns:ns2057="http://schemas.android.com/apk/res-auto" ns2057:scale_height="150" xmlns:ns2058="http://schemas.android.com/apk/res-auto" ns2058:scale_left="1895" xmlns:ns2059="http://schemas.android.com/apk/res-auto" ns2059:scale_top="0" xmlns:ns2060="http://schemas.android.com/apk/res-auto" ns2060:scale_width="200"/>
                                <ImageView android:id="@+id/test_result_sheet_infant_bls_g3q1_btn" android:layout_width="wrap_content" android:layout_height="wrap_content" android:src="@drawable/img_test_uncheck" xmlns:ns2061="http://schemas.android.com/apk/res-auto" ns2061:scale_height="120" xmlns:ns2062="http://schemas.android.com/apk/res-auto" ns2062:scale_left="1960" xmlns:ns2063="http://schemas.android.com/apk/res-auto" ns2063:scale_top="15" xmlns:ns2064="http://schemas.android.com/apk/res-auto" ns2064:scale_width="120"/>
                            </com.ssomai.android.scalablelayout.ScalableLayout>
                            <com.ssomai.android.scalablelayout.ScalableLayout android:id="@+id/test_result_sheet_infant_bls_g3q2_sc" android:background="@drawable/bg_test_unselected" android:layout_width="wrap_content" android:layout_height="wrap_content" xmlns:ns2065="http://schemas.android.com/apk/res-auto" ns2065:scale_base_height="150" xmlns:ns2066="http://schemas.android.com/apk/res-auto" ns2066:scale_base_width="2095" xmlns:ns2067="http://schemas.android.com/apk/res-auto" ns2067:scale_height="150" xmlns:ns2068="http://schemas.android.com/apk/res-auto" ns2068:scale_left="0" xmlns:ns2069="http://schemas.android.com/apk/res-auto" ns2069:scale_top="300" xmlns:ns2070="http://schemas.android.com/apk/res-auto" ns2070:scale_width="2095">
                                <TextView android:textColor="@color/black" android:gravity="center_vertical" android:id="@+id/test_result_sheet_infant_bls_g3q2_txt" android:layout_width="wrap_content" android:layout_height="wrap_content" android:text="의식 유무 확인" xmlns:ns2071="http://schemas.android.com/apk/res-auto" ns2071:scale_height="150" xmlns:ns2072="http://schemas.android.com/apk/res-auto" ns2072:scale_left="30" xmlns:ns2073="http://schemas.android.com/apk/res-auto" ns2073:scale_textsize="40" xmlns:ns2074="http://schemas.android.com/apk/res-auto" ns2074:scale_top="0" xmlns:ns2075="http://schemas.android.com/apk/res-auto" ns2075:scale_width="1500"/>
                                <ImageView android:id="@+id/test_result_sheet_infant_bls_g3q2_click_btn" android:layout_width="wrap_content" android:layout_height="wrap_content" xmlns:ns2076="http://schemas.android.com/apk/res-auto" ns2076:scale_height="150" xmlns:ns2077="http://schemas.android.com/apk/res-auto" ns2077:scale_left="1895" xmlns:ns2078="http://schemas.android.com/apk/res-auto" ns2078:scale_top="0" xmlns:ns2079="http://schemas.android.com/apk/res-auto" ns2079:scale_width="200"/>
                                <ImageView android:id="@+id/test_result_sheet_infant_bls_g3q2_btn" android:layout_width="wrap_content" android:layout_height="wrap_content" android:src="@drawable/img_test_uncheck" xmlns:ns2080="http://schemas.android.com/apk/res-auto" ns2080:scale_height="120" xmlns:ns2081="http://schemas.android.com/apk/res-auto" ns2081:scale_left="1960" xmlns:ns2082="http://schemas.android.com/apk/res-auto" ns2082:scale_top="15" xmlns:ns2083="http://schemas.android.com/apk/res-auto" ns2083:scale_width="120"/>
                            </com.ssomai.android.scalablelayout.ScalableLayout>
                        </com.ssomai.android.scalablelayout.ScalableLayout>
                        <com.ssomai.android.scalablelayout.ScalableLayout android:id="@+id/test_result_sheet_infant_bls_part4_sc" android:layout_width="wrap_content" android:layout_height="wrap_content" xmlns:ns2084="http://schemas.android.com/apk/res-auto" ns2084:scale_base_height="200" xmlns:ns2085="http://schemas.android.com/apk/res-auto" ns2085:scale_base_width="2095" xmlns:ns2086="http://schemas.android.com/apk/res-auto" ns2086:scale_height="200" xmlns:ns2087="http://schemas.android.com/apk/res-auto" ns2087:scale_left="0" xmlns:ns2088="http://schemas.android.com/apk/res-auto" ns2088:scale_top="2250" xmlns:ns2089="http://schemas.android.com/apk/res-auto" ns2089:scale_width="2095"/>
                        <TextView android:textColor="@color/black" android:gravity="center" android:id="@+id/test_result_sheet_infant_bls_g1q4_timer_value_txt" android:visibility="visible" android:layout_width="wrap_content" android:layout_height="wrap_content" android:text="0.0" xmlns:ns2090="http://schemas.android.com/apk/res-auto" ns2090:scale_height="150" xmlns:ns2091="http://schemas.android.com/apk/res-auto" ns2091:scale_left="1780" xmlns:ns2092="http://schemas.android.com/apk/res-auto" ns2092:scale_textsize="40" xmlns:ns2093="http://schemas.android.com/apk/res-auto" ns2093:scale_top="650" xmlns:ns2094="http://schemas.android.com/apk/res-auto" ns2094:scale_width="200"/>
                    </com.ssomai.android.scalablelayout.ScalableLayout>
                    <com.ssomai.android.scalablelayout.ScalableLayout android:id="@+id/test_result_sheet_infant_lay_sc" android:visibility="invisible" android:layout_width="wrap_content" android:layout_height="wrap_content" xmlns:ns2095="http://schemas.android.com/apk/res-auto" ns2095:scale_base_height="1950" xmlns:ns2096="http://schemas.android.com/apk/res-auto" ns2096:scale_base_width="2295" xmlns:ns2097="http://schemas.android.com/apk/res-auto" ns2097:scale_height="1950" xmlns:ns2098="http://schemas.android.com/apk/res-auto" ns2098:scale_left="0" xmlns:ns2099="http://schemas.android.com/apk/res-auto" ns2099:scale_top="100" xmlns:ns2100="http://schemas.android.com/apk/res-auto" ns2100:scale_width="2295">
                        <com.ssomai.android.scalablelayout.ScalableLayout android:id="@+id/test_result_sheet_infant_lay_part1_sc" android:visibility="visible" android:layout_width="wrap_content" android:layout_height="wrap_content" xmlns:ns2101="http://schemas.android.com/apk/res-auto" ns2101:scale_base_height="600" xmlns:ns2102="http://schemas.android.com/apk/res-auto" ns2102:scale_base_width="2095" xmlns:ns2103="http://schemas.android.com/apk/res-auto" ns2103:scale_height="600" xmlns:ns2104="http://schemas.android.com/apk/res-auto" ns2104:scale_left="100" xmlns:ns2105="http://schemas.android.com/apk/res-auto" ns2105:scale_top="50" xmlns:ns2106="http://schemas.android.com/apk/res-auto" ns2106:scale_width="2095">
                            <TextView android:textColor="@color/black" android:gravity="center_vertical" android:id="@+id/test_result_sheet_infant_lay_g1_txt" android:layout_width="wrap_content" android:layout_height="wrap_content" android:text="평가 및 가동 " xmlns:ns2107="http://schemas.android.com/apk/res-auto" ns2107:scale_height="150" xmlns:ns2108="http://schemas.android.com/apk/res-auto" ns2108:scale_left="5" xmlns:ns2109="http://schemas.android.com/apk/res-auto" ns2109:scale_textsize="45" xmlns:ns2110="http://schemas.android.com/apk/res-auto" ns2110:scale_top="0" xmlns:ns2111="http://schemas.android.com/apk/res-auto" ns2111:scale_width="2090"/>
                            <com.ssomai.android.scalablelayout.ScalableLayout android:id="@+id/test_result_sheet_infant_lay_g1q1_sc" android:background="@drawable/bg_test_unselected" android:layout_width="wrap_content" android:layout_height="wrap_content" xmlns:ns2112="http://schemas.android.com/apk/res-auto" ns2112:scale_base_height="150" xmlns:ns2113="http://schemas.android.com/apk/res-auto" ns2113:scale_base_width="2095" xmlns:ns2114="http://schemas.android.com/apk/res-auto" ns2114:scale_height="150" xmlns:ns2115="http://schemas.android.com/apk/res-auto" ns2115:scale_left="0" xmlns:ns2116="http://schemas.android.com/apk/res-auto" ns2116:scale_top="150" xmlns:ns2117="http://schemas.android.com/apk/res-auto" ns2117:scale_width="2095">
                                <TextView android:textColor="@color/black" android:gravity="center_vertical" android:id="@+id/test_result_sheet_infant_lay_g1q1_txt" android:layout_width="wrap_content" android:layout_height="wrap_content" android:text="의식 유무 확인" xmlns:ns2118="http://schemas.android.com/apk/res-auto" ns2118:scale_height="150" xmlns:ns2119="http://schemas.android.com/apk/res-auto" ns2119:scale_left="30" xmlns:ns2120="http://schemas.android.com/apk/res-auto" ns2120:scale_textsize="40" xmlns:ns2121="http://schemas.android.com/apk/res-auto" ns2121:scale_top="0" xmlns:ns2122="http://schemas.android.com/apk/res-auto" ns2122:scale_width="1650"/>
                                <ImageView android:id="@+id/test_result_sheet_infant_lay_g1q1_click_btn" android:layout_width="wrap_content" android:layout_height="wrap_content" xmlns:ns2123="http://schemas.android.com/apk/res-auto" ns2123:scale_height="150" xmlns:ns2124="http://schemas.android.com/apk/res-auto" ns2124:scale_left="1895" xmlns:ns2125="http://schemas.android.com/apk/res-auto" ns2125:scale_top="0" xmlns:ns2126="http://schemas.android.com/apk/res-auto" ns2126:scale_width="200"/>
                                <ImageView android:id="@+id/test_result_sheet_infant_lay_g1q1_btn" android:layout_width="wrap_content" android:layout_height="wrap_content" android:src="@drawable/img_test_uncheck" xmlns:ns2127="http://schemas.android.com/apk/res-auto" ns2127:scale_height="120" xmlns:ns2128="http://schemas.android.com/apk/res-auto" ns2128:scale_left="1960" xmlns:ns2129="http://schemas.android.com/apk/res-auto" ns2129:scale_top="15" xmlns:ns2130="http://schemas.android.com/apk/res-auto" ns2130:scale_width="120"/>
                            </com.ssomai.android.scalablelayout.ScalableLayout>
                            <com.ssomai.android.scalablelayout.ScalableLayout android:id="@+id/test_result_sheet_infant_lay_g1q2_sc" android:background="@drawable/bg_test_unselected" android:layout_width="wrap_content" android:layout_height="wrap_content" xmlns:ns2131="http://schemas.android.com/apk/res-auto" ns2131:scale_base_height="150" xmlns:ns2132="http://schemas.android.com/apk/res-auto" ns2132:scale_base_width="2095" xmlns:ns2133="http://schemas.android.com/apk/res-auto" ns2133:scale_height="150" xmlns:ns2134="http://schemas.android.com/apk/res-auto" ns2134:scale_left="0" xmlns:ns2135="http://schemas.android.com/apk/res-auto" ns2135:scale_top="300" xmlns:ns2136="http://schemas.android.com/apk/res-auto" ns2136:scale_width="2095">
                                <TextView android:textColor="@color/black" android:gravity="center_vertical" android:id="@+id/test_result_sheet_infant_lay_g1q2_txt" android:layout_width="wrap_content" android:layout_height="wrap_content" android:text="의식 유무 확인" xmlns:ns2137="http://schemas.android.com/apk/res-auto" ns2137:scale_height="150" xmlns:ns2138="http://schemas.android.com/apk/res-auto" ns2138:scale_left="30" xmlns:ns2139="http://schemas.android.com/apk/res-auto" ns2139:scale_textsize="40" xmlns:ns2140="http://schemas.android.com/apk/res-auto" ns2140:scale_top="0" xmlns:ns2141="http://schemas.android.com/apk/res-auto" ns2141:scale_width="1650"/>
                                <ImageView android:id="@+id/test_result_sheet_infant_lay_g1q2_click_btn" android:layout_width="wrap_content" android:layout_height="wrap_content" xmlns:ns2142="http://schemas.android.com/apk/res-auto" ns2142:scale_height="150" xmlns:ns2143="http://schemas.android.com/apk/res-auto" ns2143:scale_left="1895" xmlns:ns2144="http://schemas.android.com/apk/res-auto" ns2144:scale_top="0" xmlns:ns2145="http://schemas.android.com/apk/res-auto" ns2145:scale_width="200"/>
                                <ImageView android:id="@+id/test_result_sheet_infant_lay_g1q2_btn" android:layout_width="wrap_content" android:layout_height="wrap_content" android:src="@drawable/img_test_uncheck" xmlns:ns2146="http://schemas.android.com/apk/res-auto" ns2146:scale_height="120" xmlns:ns2147="http://schemas.android.com/apk/res-auto" ns2147:scale_left="1960" xmlns:ns2148="http://schemas.android.com/apk/res-auto" ns2148:scale_top="15" xmlns:ns2149="http://schemas.android.com/apk/res-auto" ns2149:scale_width="120"/>
                            </com.ssomai.android.scalablelayout.ScalableLayout>
                            <com.ssomai.android.scalablelayout.ScalableLayout android:id="@+id/test_result_sheet_infant_lay_g1q3_sc" android:background="@drawable/bg_test_unselected" android:layout_width="wrap_content" android:layout_height="wrap_content" xmlns:ns2150="http://schemas.android.com/apk/res-auto" ns2150:scale_base_height="150" xmlns:ns2151="http://schemas.android.com/apk/res-auto" ns2151:scale_base_width="2095" xmlns:ns2152="http://schemas.android.com/apk/res-auto" ns2152:scale_height="150" xmlns:ns2153="http://schemas.android.com/apk/res-auto" ns2153:scale_left="0" xmlns:ns2154="http://schemas.android.com/apk/res-auto" ns2154:scale_top="450" xmlns:ns2155="http://schemas.android.com/apk/res-auto" ns2155:scale_width="2095">
                                <TextView android:textColor="@color/black" android:gravity="center_vertical" android:id="@+id/test_result_sheet_infant_lay_g1q3_txt" android:layout_width="wrap_content" android:layout_height="wrap_content" android:text="의식 유무 확인" xmlns:ns2156="http://schemas.android.com/apk/res-auto" ns2156:scale_height="150" xmlns:ns2157="http://schemas.android.com/apk/res-auto" ns2157:scale_left="30" xmlns:ns2158="http://schemas.android.com/apk/res-auto" ns2158:scale_textsize="40" xmlns:ns2159="http://schemas.android.com/apk/res-auto" ns2159:scale_top="0" xmlns:ns2160="http://schemas.android.com/apk/res-auto" ns2160:scale_width="1650"/>
                                <ImageView android:id="@+id/test_result_sheet_infant_lay_g1q3_click_btn" android:layout_width="wrap_content" android:layout_height="wrap_content" xmlns:ns2161="http://schemas.android.com/apk/res-auto" ns2161:scale_height="150" xmlns:ns2162="http://schemas.android.com/apk/res-auto" ns2162:scale_left="1895" xmlns:ns2163="http://schemas.android.com/apk/res-auto" ns2163:scale_top="0" xmlns:ns2164="http://schemas.android.com/apk/res-auto" ns2164:scale_width="200"/>
                                <ImageView android:id="@+id/test_result_sheet_infant_lay_g1q3_btn" android:layout_width="wrap_content" android:layout_height="wrap_content" android:src="@drawable/img_test_uncheck" xmlns:ns2165="http://schemas.android.com/apk/res-auto" ns2165:scale_height="120" xmlns:ns2166="http://schemas.android.com/apk/res-auto" ns2166:scale_left="1960" xmlns:ns2167="http://schemas.android.com/apk/res-auto" ns2167:scale_top="15" xmlns:ns2168="http://schemas.android.com/apk/res-auto" ns2168:scale_width="120"/>
                            </com.ssomai.android.scalablelayout.ScalableLayout>
                            <com.ssomai.android.scalablelayout.ScalableLayout android:id="@+id/test_result_sheet_infant_lay_g1q4_sc" android:background="@drawable/bg_test_unselected" android:layout_width="wrap_content" android:layout_height="wrap_content" xmlns:ns2169="http://schemas.android.com/apk/res-auto" ns2169:scale_base_height="150" xmlns:ns2170="http://schemas.android.com/apk/res-auto" ns2170:scale_base_width="2095" xmlns:ns2171="http://schemas.android.com/apk/res-auto" ns2171:scale_height="150" xmlns:ns2172="http://schemas.android.com/apk/res-auto" ns2172:scale_left="0" xmlns:ns2173="http://schemas.android.com/apk/res-auto" ns2173:scale_top="600" xmlns:ns2174="http://schemas.android.com/apk/res-auto" ns2174:scale_width="2095">
                                <TextView android:textColor="@color/black" android:gravity="center_vertical" android:id="@+id/test_result_sheet_infant_lay_g1q4_txt" android:layout_width="wrap_content" android:layout_height="wrap_content" android:text="의식 유무 확인" xmlns:ns2175="http://schemas.android.com/apk/res-auto" ns2175:scale_height="150" xmlns:ns2176="http://schemas.android.com/apk/res-auto" ns2176:scale_left="30" xmlns:ns2177="http://schemas.android.com/apk/res-auto" ns2177:scale_textsize="40" xmlns:ns2178="http://schemas.android.com/apk/res-auto" ns2178:scale_top="0" xmlns:ns2179="http://schemas.android.com/apk/res-auto" ns2179:scale_width="1650"/>
                                <ImageView android:id="@+id/test_result_sheet_infant_lay_g1q4_click_btn" android:layout_width="wrap_content" android:layout_height="wrap_content" xmlns:ns2180="http://schemas.android.com/apk/res-auto" ns2180:scale_height="150" xmlns:ns2181="http://schemas.android.com/apk/res-auto" ns2181:scale_left="1895" xmlns:ns2182="http://schemas.android.com/apk/res-auto" ns2182:scale_top="0" xmlns:ns2183="http://schemas.android.com/apk/res-auto" ns2183:scale_width="200"/>
                                <ImageView android:id="@+id/test_result_sheet_infant_lay_g1q4_btn" android:layout_width="wrap_content" android:layout_height="wrap_content" android:src="@drawable/img_test_uncheck" xmlns:ns2184="http://schemas.android.com/apk/res-auto" ns2184:scale_height="120" xmlns:ns2185="http://schemas.android.com/apk/res-auto" ns2185:scale_left="1960" xmlns:ns2186="http://schemas.android.com/apk/res-auto" ns2186:scale_top="15" xmlns:ns2187="http://schemas.android.com/apk/res-auto" ns2187:scale_width="120"/>
                            </com.ssomai.android.scalablelayout.ScalableLayout>
                            <com.ssomai.android.scalablelayout.ScalableLayout android:id="@+id/test_result_sheet_infant_lay_g1q5_sc" android:background="@drawable/bg_test_unselected" android:layout_width="wrap_content" android:layout_height="wrap_content" xmlns:ns2188="http://schemas.android.com/apk/res-auto" ns2188:scale_base_height="150" xmlns:ns2189="http://schemas.android.com/apk/res-auto" ns2189:scale_base_width="2095" xmlns:ns2190="http://schemas.android.com/apk/res-auto" ns2190:scale_height="150" xmlns:ns2191="http://schemas.android.com/apk/res-auto" ns2191:scale_left="0" xmlns:ns2192="http://schemas.android.com/apk/res-auto" ns2192:scale_top="750" xmlns:ns2193="http://schemas.android.com/apk/res-auto" ns2193:scale_width="2095">
                                <TextView android:textColor="@color/black" android:gravity="center_vertical" android:id="@+id/test_result_sheet_infant_lay_g1q5_txt" android:layout_width="wrap_content" android:layout_height="wrap_content" android:text="의식 유무 확인" xmlns:ns2194="http://schemas.android.com/apk/res-auto" ns2194:scale_height="150" xmlns:ns2195="http://schemas.android.com/apk/res-auto" ns2195:scale_left="30" xmlns:ns2196="http://schemas.android.com/apk/res-auto" ns2196:scale_textsize="40" xmlns:ns2197="http://schemas.android.com/apk/res-auto" ns2197:scale_top="0" xmlns:ns2198="http://schemas.android.com/apk/res-auto" ns2198:scale_width="1650"/>
                                <ImageView android:id="@+id/test_result_sheet_infant_lay_g1q5_click_btn" android:layout_width="wrap_content" android:layout_height="wrap_content" xmlns:ns2199="http://schemas.android.com/apk/res-auto" ns2199:scale_height="150" xmlns:ns2200="http://schemas.android.com/apk/res-auto" ns2200:scale_left="1895" xmlns:ns2201="http://schemas.android.com/apk/res-auto" ns2201:scale_top="0" xmlns:ns2202="http://schemas.android.com/apk/res-auto" ns2202:scale_width="200"/>
                                <ImageView android:id="@+id/test_result_sheet_infant_lay_g1q5_btn" android:layout_width="wrap_content" android:layout_height="wrap_content" android:src="@drawable/img_test_uncheck" xmlns:ns2203="http://schemas.android.com/apk/res-auto" ns2203:scale_height="120" xmlns:ns2204="http://schemas.android.com/apk/res-auto" ns2204:scale_left="1960" xmlns:ns2205="http://schemas.android.com/apk/res-auto" ns2205:scale_top="15" xmlns:ns2206="http://schemas.android.com/apk/res-auto" ns2206:scale_width="120"/>
                            </com.ssomai.android.scalablelayout.ScalableLayout>
                        </com.ssomai.android.scalablelayout.ScalableLayout>
                        <com.ssomai.android.scalablelayout.ScalableLayout android:id="@+id/test_result_sheet_infant_lay_part2_sc" android:layout_width="wrap_content" android:layout_height="wrap_content" xmlns:ns2207="http://schemas.android.com/apk/res-auto" ns2207:scale_base_height="1200" xmlns:ns2208="http://schemas.android.com/apk/res-auto" ns2208:scale_base_width="2095" xmlns:ns2209="http://schemas.android.com/apk/res-auto" ns2209:scale_height="1200" xmlns:ns2210="http://schemas.android.com/apk/res-auto" ns2210:scale_left="100" xmlns:ns2211="http://schemas.android.com/apk/res-auto" ns2211:scale_top="700" xmlns:ns2212="http://schemas.android.com/apk/res-auto" ns2212:scale_width="2095">
                            <TextView android:textColor="@color/black" android:gravity="center_vertical" android:id="@+id/test_result_sheet_infant_lay_g2_txt" android:layout_width="wrap_content" android:layout_height="wrap_content" android:text="CPR" xmlns:ns2213="http://schemas.android.com/apk/res-auto" ns2213:scale_height="150" xmlns:ns2214="http://schemas.android.com/apk/res-auto" ns2214:scale_left="5" xmlns:ns2215="http://schemas.android.com/apk/res-auto" ns2215:scale_textsize="45" xmlns:ns2216="http://schemas.android.com/apk/res-auto" ns2216:scale_top="0" xmlns:ns2217="http://schemas.android.com/apk/res-auto" ns2217:scale_width="2090"/>
                            <com.ssomai.android.scalablelayout.ScalableLayout android:id="@+id/test_result_sheet_infant_lay_g2q1_sc" android:background="@drawable/bg_test_unselected" android:layout_width="wrap_content" android:layout_height="wrap_content" xmlns:ns2218="http://schemas.android.com/apk/res-auto" ns2218:scale_base_height="150" xmlns:ns2219="http://schemas.android.com/apk/res-auto" ns2219:scale_base_width="2095" xmlns:ns2220="http://schemas.android.com/apk/res-auto" ns2220:scale_height="150" xmlns:ns2221="http://schemas.android.com/apk/res-auto" ns2221:scale_left="0" xmlns:ns2222="http://schemas.android.com/apk/res-auto" ns2222:scale_top="150" xmlns:ns2223="http://schemas.android.com/apk/res-auto" ns2223:scale_width="2095">
                                <TextView android:textColor="@color/black" android:gravity="center_vertical" android:id="@+id/test_result_sheet_infant_lay_g2q1_txt" android:layout_width="wrap_content" android:layout_height="wrap_content" android:text="의식 유무 확인" xmlns:ns2224="http://schemas.android.com/apk/res-auto" ns2224:scale_height="150" xmlns:ns2225="http://schemas.android.com/apk/res-auto" ns2225:scale_left="30" xmlns:ns2226="http://schemas.android.com/apk/res-auto" ns2226:scale_textsize="40" xmlns:ns2227="http://schemas.android.com/apk/res-auto" ns2227:scale_top="0" xmlns:ns2228="http://schemas.android.com/apk/res-auto" ns2228:scale_width="1500"/>
                                <TextView android:textColor="@color/black" android:gravity="center" android:id="@+id/test_result_sheet_infant_lay_g2q1_timer_value_txt" android:visibility="visible" android:layout_width="wrap_content" android:layout_height="wrap_content" android:text="0.0" xmlns:ns2229="http://schemas.android.com/apk/res-auto" ns2229:scale_height="150" xmlns:ns2230="http://schemas.android.com/apk/res-auto" ns2230:scale_left="1680" xmlns:ns2231="http://schemas.android.com/apk/res-auto" ns2231:scale_textsize="40" xmlns:ns2232="http://schemas.android.com/apk/res-auto" ns2232:scale_top="0" xmlns:ns2233="http://schemas.android.com/apk/res-auto" ns2233:scale_width="200"/>
                                <ImageView android:id="@+id/test_result_sheet_infant_lay_g2q1_click_btn" android:layout_width="wrap_content" android:layout_height="wrap_content" xmlns:ns2234="http://schemas.android.com/apk/res-auto" ns2234:scale_height="150" xmlns:ns2235="http://schemas.android.com/apk/res-auto" ns2235:scale_left="1895" xmlns:ns2236="http://schemas.android.com/apk/res-auto" ns2236:scale_top="0" xmlns:ns2237="http://schemas.android.com/apk/res-auto" ns2237:scale_width="200"/>
                                <ImageView android:id="@+id/test_result_sheet_infant_lay_g2q1_btn" android:layout_width="wrap_content" android:layout_height="wrap_content" android:src="@drawable/img_test_uncheck" xmlns:ns2238="http://schemas.android.com/apk/res-auto" ns2238:scale_height="120" xmlns:ns2239="http://schemas.android.com/apk/res-auto" ns2239:scale_left="1960" xmlns:ns2240="http://schemas.android.com/apk/res-auto" ns2240:scale_top="15" xmlns:ns2241="http://schemas.android.com/apk/res-auto" ns2241:scale_width="120"/>
                            </com.ssomai.android.scalablelayout.ScalableLayout>
                            <com.ssomai.android.scalablelayout.ScalableLayout android:id="@+id/test_result_sheet_infant_lay_g2q2_sc" android:background="@drawable/bg_test_unselected" android:layout_width="wrap_content" android:layout_height="wrap_content" xmlns:ns2242="http://schemas.android.com/apk/res-auto" ns2242:scale_base_height="150" xmlns:ns2243="http://schemas.android.com/apk/res-auto" ns2243:scale_base_width="2095" xmlns:ns2244="http://schemas.android.com/apk/res-auto" ns2244:scale_height="150" xmlns:ns2245="http://schemas.android.com/apk/res-auto" ns2245:scale_left="0" xmlns:ns2246="http://schemas.android.com/apk/res-auto" ns2246:scale_top="300" xmlns:ns2247="http://schemas.android.com/apk/res-auto" ns2247:scale_width="2095">
                                <TextView android:textColor="@color/black" android:gravity="center_vertical" android:id="@+id/test_result_sheet_infant_lay_g2q2_txt" android:layout_width="wrap_content" android:layout_height="wrap_content" android:text="의식 유무 확인" xmlns:ns2248="http://schemas.android.com/apk/res-auto" ns2248:scale_height="150" xmlns:ns2249="http://schemas.android.com/apk/res-auto" ns2249:scale_left="30" xmlns:ns2250="http://schemas.android.com/apk/res-auto" ns2250:scale_textsize="40" xmlns:ns2251="http://schemas.android.com/apk/res-auto" ns2251:scale_top="0" xmlns:ns2252="http://schemas.android.com/apk/res-auto" ns2252:scale_width="1500"/>
                                <TextView android:textColor="@color/black" android:gravity="center" android:id="@+id/test_result_sheet_infant_lay_g2q2_timer_value_txt" android:visibility="visible" android:layout_width="wrap_content" android:layout_height="wrap_content" android:text="0.0" xmlns:ns2253="http://schemas.android.com/apk/res-auto" ns2253:scale_height="150" xmlns:ns2254="http://schemas.android.com/apk/res-auto" ns2254:scale_left="1680" xmlns:ns2255="http://schemas.android.com/apk/res-auto" ns2255:scale_textsize="40" xmlns:ns2256="http://schemas.android.com/apk/res-auto" ns2256:scale_top="0" xmlns:ns2257="http://schemas.android.com/apk/res-auto" ns2257:scale_width="200"/>
                                <ImageView android:id="@+id/test_result_sheet_infant_lay_g2q2_click_btn" android:layout_width="wrap_content" android:layout_height="wrap_content" xmlns:ns2258="http://schemas.android.com/apk/res-auto" ns2258:scale_height="150" xmlns:ns2259="http://schemas.android.com/apk/res-auto" ns2259:scale_left="1895" xmlns:ns2260="http://schemas.android.com/apk/res-auto" ns2260:scale_top="0" xmlns:ns2261="http://schemas.android.com/apk/res-auto" ns2261:scale_width="200"/>
                                <ImageView android:id="@+id/test_result_sheet_infant_lay_g2q2_btn" android:layout_width="wrap_content" android:layout_height="wrap_content" android:src="@drawable/img_test_uncheck" xmlns:ns2262="http://schemas.android.com/apk/res-auto" ns2262:scale_height="120" xmlns:ns2263="http://schemas.android.com/apk/res-auto" ns2263:scale_left="1960" xmlns:ns2264="http://schemas.android.com/apk/res-auto" ns2264:scale_top="15" xmlns:ns2265="http://schemas.android.com/apk/res-auto" ns2265:scale_width="120"/>
                            </com.ssomai.android.scalablelayout.ScalableLayout>
                            <com.ssomai.android.scalablelayout.ScalableLayout android:id="@+id/test_result_sheet_infant_lay_g2q3_sc" android:background="@drawable/bg_test_unselected" android:layout_width="wrap_content" android:layout_height="wrap_content" xmlns:ns2266="http://schemas.android.com/apk/res-auto" ns2266:scale_base_height="150" xmlns:ns2267="http://schemas.android.com/apk/res-auto" ns2267:scale_base_width="2095" xmlns:ns2268="http://schemas.android.com/apk/res-auto" ns2268:scale_height="150" xmlns:ns2269="http://schemas.android.com/apk/res-auto" ns2269:scale_left="0" xmlns:ns2270="http://schemas.android.com/apk/res-auto" ns2270:scale_top="450" xmlns:ns2271="http://schemas.android.com/apk/res-auto" ns2271:scale_width="2095">
                                <TextView android:textColor="@color/black" android:gravity="center_vertical" android:id="@+id/test_result_sheet_infant_lay_g2q3_txt" android:layout_width="wrap_content" android:layout_height="wrap_content" android:text="의식 유무 확인" xmlns:ns2272="http://schemas.android.com/apk/res-auto" ns2272:scale_height="150" xmlns:ns2273="http://schemas.android.com/apk/res-auto" ns2273:scale_left="30" xmlns:ns2274="http://schemas.android.com/apk/res-auto" ns2274:scale_textsize="40" xmlns:ns2275="http://schemas.android.com/apk/res-auto" ns2275:scale_top="0" xmlns:ns2276="http://schemas.android.com/apk/res-auto" ns2276:scale_width="1500"/>
                                <TextView android:textColor="@color/black" android:gravity="center" android:id="@+id/test_result_sheet_infant_lay_g2q3_timer_value_txt" android:visibility="visible" android:layout_width="wrap_content" android:layout_height="wrap_content" android:text="0.0" xmlns:ns2277="http://schemas.android.com/apk/res-auto" ns2277:scale_height="150" xmlns:ns2278="http://schemas.android.com/apk/res-auto" ns2278:scale_left="1680" xmlns:ns2279="http://schemas.android.com/apk/res-auto" ns2279:scale_textsize="40" xmlns:ns2280="http://schemas.android.com/apk/res-auto" ns2280:scale_top="0" xmlns:ns2281="http://schemas.android.com/apk/res-auto" ns2281:scale_width="200"/>
                                <ImageView android:id="@+id/test_result_sheet_infant_lay_g2q3_click_btn" android:layout_width="wrap_content" android:layout_height="wrap_content" xmlns:ns2282="http://schemas.android.com/apk/res-auto" ns2282:scale_height="150" xmlns:ns2283="http://schemas.android.com/apk/res-auto" ns2283:scale_left="1895" xmlns:ns2284="http://schemas.android.com/apk/res-auto" ns2284:scale_top="0" xmlns:ns2285="http://schemas.android.com/apk/res-auto" ns2285:scale_width="200"/>
                                <ImageView android:id="@+id/test_result_sheet_infant_lay_g2q3_btn" android:layout_width="wrap_content" android:layout_height="wrap_content" android:src="@drawable/img_test_uncheck" xmlns:ns2286="http://schemas.android.com/apk/res-auto" ns2286:scale_height="120" xmlns:ns2287="http://schemas.android.com/apk/res-auto" ns2287:scale_left="1960" xmlns:ns2288="http://schemas.android.com/apk/res-auto" ns2288:scale_top="15" xmlns:ns2289="http://schemas.android.com/apk/res-auto" ns2289:scale_width="120"/>
                            </com.ssomai.android.scalablelayout.ScalableLayout>
                            <com.ssomai.android.scalablelayout.ScalableLayout android:id="@+id/test_result_sheet_infant_lay_g2q4_sc" android:background="@drawable/bg_test_unselected" android:layout_width="wrap_content" android:layout_height="wrap_content" xmlns:ns2290="http://schemas.android.com/apk/res-auto" ns2290:scale_base_height="150" xmlns:ns2291="http://schemas.android.com/apk/res-auto" ns2291:scale_base_width="2095" xmlns:ns2292="http://schemas.android.com/apk/res-auto" ns2292:scale_height="150" xmlns:ns2293="http://schemas.android.com/apk/res-auto" ns2293:scale_left="0" xmlns:ns2294="http://schemas.android.com/apk/res-auto" ns2294:scale_top="600" xmlns:ns2295="http://schemas.android.com/apk/res-auto" ns2295:scale_width="2095">
                                <TextView android:textColor="@color/black" android:gravity="center_vertical" android:id="@+id/test_result_sheet_infant_lay_g2q4_txt" android:layout_width="wrap_content" android:layout_height="wrap_content" android:text="의식 유무 확인" xmlns:ns2296="http://schemas.android.com/apk/res-auto" ns2296:scale_height="150" xmlns:ns2297="http://schemas.android.com/apk/res-auto" ns2297:scale_left="30" xmlns:ns2298="http://schemas.android.com/apk/res-auto" ns2298:scale_textsize="40" xmlns:ns2299="http://schemas.android.com/apk/res-auto" ns2299:scale_top="0" xmlns:ns2300="http://schemas.android.com/apk/res-auto" ns2300:scale_width="1500"/>
                                <TextView android:textColor="@color/black" android:gravity="center" android:id="@+id/test_result_sheet_infant_lay_g2q4_timer_value_txt" android:visibility="visible" android:layout_width="wrap_content" android:layout_height="wrap_content" android:text="0.0" xmlns:ns2301="http://schemas.android.com/apk/res-auto" ns2301:scale_height="150" xmlns:ns2302="http://schemas.android.com/apk/res-auto" ns2302:scale_left="1680" xmlns:ns2303="http://schemas.android.com/apk/res-auto" ns2303:scale_textsize="40" xmlns:ns2304="http://schemas.android.com/apk/res-auto" ns2304:scale_top="0" xmlns:ns2305="http://schemas.android.com/apk/res-auto" ns2305:scale_width="200"/>
                                <ImageView android:id="@+id/test_result_sheet_infant_lay_g2q4_click_btn" android:layout_width="wrap_content" android:layout_height="wrap_content" xmlns:ns2306="http://schemas.android.com/apk/res-auto" ns2306:scale_height="150" xmlns:ns2307="http://schemas.android.com/apk/res-auto" ns2307:scale_left="1895" xmlns:ns2308="http://schemas.android.com/apk/res-auto" ns2308:scale_top="0" xmlns:ns2309="http://schemas.android.com/apk/res-auto" ns2309:scale_width="200"/>
                                <ImageView android:id="@+id/test_result_sheet_infant_lay_g2q4_btn" android:layout_width="wrap_content" android:layout_height="wrap_content" android:src="@drawable/img_test_uncheck" xmlns:ns2310="http://schemas.android.com/apk/res-auto" ns2310:scale_height="120" xmlns:ns2311="http://schemas.android.com/apk/res-auto" ns2311:scale_left="1960" xmlns:ns2312="http://schemas.android.com/apk/res-auto" ns2312:scale_top="15" xmlns:ns2313="http://schemas.android.com/apk/res-auto" ns2313:scale_width="120"/>
                            </com.ssomai.android.scalablelayout.ScalableLayout>
                            <com.ssomai.android.scalablelayout.ScalableLayout android:id="@+id/test_result_sheet_infant_lay_g2q5_sc" android:background="@drawable/bg_test_unselected" android:layout_width="wrap_content" android:layout_height="wrap_content" xmlns:ns2314="http://schemas.android.com/apk/res-auto" ns2314:scale_base_height="150" xmlns:ns2315="http://schemas.android.com/apk/res-auto" ns2315:scale_base_width="2095" xmlns:ns2316="http://schemas.android.com/apk/res-auto" ns2316:scale_height="150" xmlns:ns2317="http://schemas.android.com/apk/res-auto" ns2317:scale_left="0" xmlns:ns2318="http://schemas.android.com/apk/res-auto" ns2318:scale_top="750" xmlns:ns2319="http://schemas.android.com/apk/res-auto" ns2319:scale_width="2095">
                                <TextView android:textColor="@color/black" android:gravity="center_vertical" android:id="@+id/test_result_sheet_infant_lay_g2q5_txt" android:layout_width="wrap_content" android:layout_height="wrap_content" android:text="의식 유무 확인" xmlns:ns2320="http://schemas.android.com/apk/res-auto" ns2320:scale_height="150" xmlns:ns2321="http://schemas.android.com/apk/res-auto" ns2321:scale_left="30" xmlns:ns2322="http://schemas.android.com/apk/res-auto" ns2322:scale_textsize="40" xmlns:ns2323="http://schemas.android.com/apk/res-auto" ns2323:scale_top="0" xmlns:ns2324="http://schemas.android.com/apk/res-auto" ns2324:scale_width="1500"/>
                                <TextView android:textColor="@color/black" android:gravity="center" android:id="@+id/test_result_sheet_infant_lay_g2q5_timer_value_txt" android:visibility="visible" android:layout_width="wrap_content" android:layout_height="wrap_content" android:text="0.0" xmlns:ns2325="http://schemas.android.com/apk/res-auto" ns2325:scale_height="150" xmlns:ns2326="http://schemas.android.com/apk/res-auto" ns2326:scale_left="1680" xmlns:ns2327="http://schemas.android.com/apk/res-auto" ns2327:scale_textsize="40" xmlns:ns2328="http://schemas.android.com/apk/res-auto" ns2328:scale_top="0" xmlns:ns2329="http://schemas.android.com/apk/res-auto" ns2329:scale_width="200"/>
                                <ImageView android:id="@+id/test_result_sheet_infant_lay_g2q5_click_btn" android:layout_width="wrap_content" android:layout_height="wrap_content" xmlns:ns2330="http://schemas.android.com/apk/res-auto" ns2330:scale_height="150" xmlns:ns2331="http://schemas.android.com/apk/res-auto" ns2331:scale_left="1895" xmlns:ns2332="http://schemas.android.com/apk/res-auto" ns2332:scale_top="0" xmlns:ns2333="http://schemas.android.com/apk/res-auto" ns2333:scale_width="200"/>
                                <ImageView android:id="@+id/test_result_sheet_infant_lay_g2q5_btn" android:layout_width="wrap_content" android:layout_height="wrap_content" android:src="@drawable/img_test_uncheck" xmlns:ns2334="http://schemas.android.com/apk/res-auto" ns2334:scale_height="120" xmlns:ns2335="http://schemas.android.com/apk/res-auto" ns2335:scale_left="1960" xmlns:ns2336="http://schemas.android.com/apk/res-auto" ns2336:scale_top="15" xmlns:ns2337="http://schemas.android.com/apk/res-auto" ns2337:scale_width="120"/>
                            </com.ssomai.android.scalablelayout.ScalableLayout>
                            <com.ssomai.android.scalablelayout.ScalableLayout android:id="@+id/test_result_sheet_infant_lay_g2q6_sc" android:background="@drawable/bg_test_unselected" android:layout_width="wrap_content" android:layout_height="wrap_content" xmlns:ns2338="http://schemas.android.com/apk/res-auto" ns2338:scale_base_height="150" xmlns:ns2339="http://schemas.android.com/apk/res-auto" ns2339:scale_base_width="2095" xmlns:ns2340="http://schemas.android.com/apk/res-auto" ns2340:scale_height="150" xmlns:ns2341="http://schemas.android.com/apk/res-auto" ns2341:scale_left="0" xmlns:ns2342="http://schemas.android.com/apk/res-auto" ns2342:scale_top="900" xmlns:ns2343="http://schemas.android.com/apk/res-auto" ns2343:scale_width="2095">
                                <TextView android:textColor="@color/black" android:gravity="center_vertical" android:id="@+id/test_result_sheet_infant_lay_g2q6_txt" android:layout_width="wrap_content" android:layout_height="wrap_content" android:text="의식 유무 확인" xmlns:ns2344="http://schemas.android.com/apk/res-auto" ns2344:scale_height="150" xmlns:ns2345="http://schemas.android.com/apk/res-auto" ns2345:scale_left="30" xmlns:ns2346="http://schemas.android.com/apk/res-auto" ns2346:scale_textsize="40" xmlns:ns2347="http://schemas.android.com/apk/res-auto" ns2347:scale_top="0" xmlns:ns2348="http://schemas.android.com/apk/res-auto" ns2348:scale_width="1500"/>
                                <TextView android:textColor="@color/black" android:gravity="center" android:id="@+id/test_result_sheet_infant_lay_g2q6_timer_value_txt" android:visibility="visible" android:layout_width="wrap_content" android:layout_height="wrap_content" android:text="0.0" xmlns:ns2349="http://schemas.android.com/apk/res-auto" ns2349:scale_height="150" xmlns:ns2350="http://schemas.android.com/apk/res-auto" ns2350:scale_left="1680" xmlns:ns2351="http://schemas.android.com/apk/res-auto" ns2351:scale_textsize="40" xmlns:ns2352="http://schemas.android.com/apk/res-auto" ns2352:scale_top="0" xmlns:ns2353="http://schemas.android.com/apk/res-auto" ns2353:scale_width="200"/>
                                <ImageView android:id="@+id/test_result_sheet_infant_lay_g2q6_click_btn" android:layout_width="wrap_content" android:layout_height="wrap_content" xmlns:ns2354="http://schemas.android.com/apk/res-auto" ns2354:scale_height="150" xmlns:ns2355="http://schemas.android.com/apk/res-auto" ns2355:scale_left="1895" xmlns:ns2356="http://schemas.android.com/apk/res-auto" ns2356:scale_top="0" xmlns:ns2357="http://schemas.android.com/apk/res-auto" ns2357:scale_width="200"/>
                                <ImageView android:id="@+id/test_result_sheet_infant_lay_g2q6_btn" android:layout_width="wrap_content" android:layout_height="wrap_content" android:src="@drawable/img_test_uncheck" xmlns:ns2358="http://schemas.android.com/apk/res-auto" ns2358:scale_height="120" xmlns:ns2359="http://schemas.android.com/apk/res-auto" ns2359:scale_left="1960" xmlns:ns2360="http://schemas.android.com/apk/res-auto" ns2360:scale_top="15" xmlns:ns2361="http://schemas.android.com/apk/res-auto" ns2361:scale_width="120"/>
                            </com.ssomai.android.scalablelayout.ScalableLayout>
                            <com.ssomai.android.scalablelayout.ScalableLayout android:id="@+id/test_result_sheet_infant_lay_mibi_sc" android:background="@drawable/bg_test_mibi" android:layout_width="wrap_content" android:layout_height="wrap_content" xmlns:ns2362="http://schemas.android.com/apk/res-auto" ns2362:scale_base_height="150" xmlns:ns2363="http://schemas.android.com/apk/res-auto" ns2363:scale_base_width="2095" xmlns:ns2364="http://schemas.android.com/apk/res-auto" ns2364:scale_height="150" xmlns:ns2365="http://schemas.android.com/apk/res-auto" ns2365:scale_left="0" xmlns:ns2366="http://schemas.android.com/apk/res-auto" ns2366:scale_top="1050" xmlns:ns2367="http://schemas.android.com/apk/res-auto" ns2367:scale_width="2095">
                                <TextView android:textColor="@color/black" android:gravity="center_vertical" android:id="@+id/test_result_sheet_infant_lay_mibi_txt" android:layout_width="wrap_content" android:layout_height="wrap_content" android:text="미비항목 체크" xmlns:ns2368="http://schemas.android.com/apk/res-auto" ns2368:scale_height="150" xmlns:ns2369="http://schemas.android.com/apk/res-auto" ns2369:scale_left="30" xmlns:ns2370="http://schemas.android.com/apk/res-auto" ns2370:scale_textsize="40" xmlns:ns2371="http://schemas.android.com/apk/res-auto" ns2371:scale_top="0" xmlns:ns2372="http://schemas.android.com/apk/res-auto" ns2372:scale_width="600"/>
                                <TextView android:textColor="@color/black" android:gravity="right|center_vertical|center_horizontal|center" android:id="@+id/test_result_sheet_infant_lay_mibi1_txt" android:visibility="visible" android:layout_width="wrap_content" android:layout_height="wrap_content" android:text="호흡장비 밀착 미비" xmlns:ns2373="http://schemas.android.com/apk/res-auto" ns2373:scale_height="150" xmlns:ns2374="http://schemas.android.com/apk/res-auto" ns2374:scale_left="950" xmlns:ns2375="http://schemas.android.com/apk/res-auto" ns2375:scale_textsize="40" xmlns:ns2376="http://schemas.android.com/apk/res-auto" ns2376:scale_top="0" xmlns:ns2377="http://schemas.android.com/apk/res-auto" ns2377:scale_width="400"/>
                                <ImageView android:id="@+id/test_result_sheet_infant_lay_mibi1_btn" android:layout_width="wrap_content" android:layout_height="wrap_content" android:src="@drawable/img_test_mibi_uncheck" xmlns:ns2378="http://schemas.android.com/apk/res-auto" ns2378:scale_height="150" xmlns:ns2379="http://schemas.android.com/apk/res-auto" ns2379:scale_left="1350" xmlns:ns2380="http://schemas.android.com/apk/res-auto" ns2380:scale_top="0" xmlns:ns2381="http://schemas.android.com/apk/res-auto" ns2381:scale_width="125"/>
                                <TextView android:textColor="@color/black" android:gravity="right|center_vertical|center_horizontal|center" android:id="@+id/test_result_sheet_infant_lay_mibi2_txt" android:visibility="visible" android:layout_width="wrap_content" android:layout_height="wrap_content" android:text="기도유지 미비" xmlns:ns2382="http://schemas.android.com/apk/res-auto" ns2382:scale_height="150" xmlns:ns2383="http://schemas.android.com/apk/res-auto" ns2383:scale_left="1550" xmlns:ns2384="http://schemas.android.com/apk/res-auto" ns2384:scale_textsize="40" xmlns:ns2385="http://schemas.android.com/apk/res-auto" ns2385:scale_top="0" xmlns:ns2386="http://schemas.android.com/apk/res-auto" ns2386:scale_width="400"/>
                                <ImageView android:id="@+id/test_result_sheet_infant_lay_mibi2_btn" android:layout_width="wrap_content" android:layout_height="wrap_content" android:src="@drawable/img_test_mibi_uncheck" xmlns:ns2387="http://schemas.android.com/apk/res-auto" ns2387:scale_height="150" xmlns:ns2388="http://schemas.android.com/apk/res-auto" ns2388:scale_left="1950" xmlns:ns2389="http://schemas.android.com/apk/res-auto" ns2389:scale_top="0" xmlns:ns2390="http://schemas.android.com/apk/res-auto" ns2390:scale_width="125"/>
                            </com.ssomai.android.scalablelayout.ScalableLayout>
                        </com.ssomai.android.scalablelayout.ScalableLayout>
                        <com.ssomai.android.scalablelayout.ScalableLayout android:id="@+id/test_result_sheet_infant_lay_part3_sc" android:layout_width="wrap_content" android:layout_height="wrap_content" xmlns:ns2391="http://schemas.android.com/apk/res-auto" ns2391:scale_base_height="200" xmlns:ns2392="http://schemas.android.com/apk/res-auto" ns2392:scale_base_width="2095" xmlns:ns2393="http://schemas.android.com/apk/res-auto" ns2393:scale_height="200" xmlns:ns2394="http://schemas.android.com/apk/res-auto" ns2394:scale_left="0" xmlns:ns2395="http://schemas.android.com/apk/res-auto" ns2395:scale_top="1750" xmlns:ns2396="http://schemas.android.com/apk/res-auto" ns2396:scale_width="2095"/>
                        <TextView android:textColor="@color/black" android:gravity="center" android:id="@+id/test_result_sheet_infant_lay_g1q3_timer_value_txt" android:visibility="visible" android:layout_width="wrap_content" android:layout_height="wrap_content" android:text="0.0" xmlns:ns2397="http://schemas.android.com/apk/res-auto" ns2397:scale_height="150" xmlns:ns2398="http://schemas.android.com/apk/res-auto" ns2398:scale_left="1780" xmlns:ns2399="http://schemas.android.com/apk/res-auto" ns2399:scale_textsize="40" xmlns:ns2400="http://schemas.android.com/apk/res-auto" ns2400:scale_top="500" xmlns:ns2401="http://schemas.android.com/apk/res-auto" ns2401:scale_width="200"/>
                    </com.ssomai.android.scalablelayout.ScalableLayout>
                </com.ssomai.android.scalablelayout.ScalableLayout>
            </ScrollView>
        </com.ssomai.android.scalablelayout.ScalableLayout>
        <TextView android:textColor="@color/green" android:gravity="center" android:id="@+id/test_result_pass_btn" android:background="@drawable/btn_test_pass" android:layout_width="wrap_content" android:layout_height="wrap_content" android:text="통과" xmlns:ns2402="http://schemas.android.com/apk/res-auto" ns2402:scale_height="100" xmlns:ns2403="http://schemas.android.com/apk/res-auto" ns2403:scale_left="1325" xmlns:ns2404="http://schemas.android.com/apk/res-auto" ns2404:scale_textsize="60" xmlns:ns2405="http://schemas.android.com/apk/res-auto" ns2405:scale_top="1335" xmlns:ns2406="http://schemas.android.com/apk/res-auto" ns2406:scale_width="500"/>
        <TextView android:textColor="@color/red" android:gravity="center" android:id="@+id/test_result_nr_btn" android:background="@drawable/btn_test_nr" android:layout_width="wrap_content" android:layout_height="wrap_content" android:text="재교육" xmlns:ns2407="http://schemas.android.com/apk/res-auto" ns2407:scale_height="100" xmlns:ns2408="http://schemas.android.com/apk/res-auto" ns2408:scale_left="1865" xmlns:ns2409="http://schemas.android.com/apk/res-auto" ns2409:scale_textsize="60" xmlns:ns2410="http://schemas.android.com/apk/res-auto" ns2410:scale_top="1335" xmlns:ns2411="http://schemas.android.com/apk/res-auto" ns2411:scale_width="500"/>
    </com.ssomai.android.scalablelayout.ScalableLayout>
    <com.ssomai.android.scalablelayout.ScalableLayout android:id="@+id/test_result_saving_sc" android:visibility="invisible" android:layout_width="match_parent" android:layout_height="match_parent" xmlns:ns2412="http://schemas.android.com/apk/res-auto" ns2412:scale_base_height="1475" xmlns:ns2413="http://schemas.android.com/apk/res-auto" ns2413:scale_base_width="2435">
        <ImageView android:background="@color/black_bg" android:layout_width="wrap_content" android:layout_height="wrap_content" android:alpha="0.7" xmlns:ns2414="http://schemas.android.com/apk/res-auto" ns2414:scale_height="1475" xmlns:ns2415="http://schemas.android.com/apk/res-auto" ns2415:scale_left="0" xmlns:ns2416="http://schemas.android.com/apk/res-auto" ns2416:scale_top="0" xmlns:ns2417="http://schemas.android.com/apk/res-auto" ns2417:scale_width="2435"/>
        <ImageView android:id="@+id/test_result_saving_img1" android:layout_width="wrap_content" android:layout_height="wrap_content" xmlns:ns2418="http://schemas.android.com/apk/res-auto" ns2418:scale_height="600" xmlns:ns2419="http://schemas.android.com/apk/res-auto" ns2419:scale_left="755" xmlns:ns2420="http://schemas.android.com/apk/res-auto" ns2420:scale_top="437.5" xmlns:ns2421="http://schemas.android.com/apk/res-auto" ns2421:scale_width="925"/>
        <TextView android:textColor="@color/black" android:gravity="center" android:id="@+id/test_result_saving_txt" android:layout_width="wrap_content" android:layout_height="wrap_content" android:text="데이터를 저장중입니다.\10잠시만 기다려주세요." xmlns:ns2422="http://schemas.android.com/apk/res-auto" ns2422:scale_height="250" xmlns:ns2423="http://schemas.android.com/apk/res-auto" ns2423:scale_left="755" xmlns:ns2424="http://schemas.android.com/apk/res-auto" ns2424:scale_textsize="40" xmlns:ns2425="http://schemas.android.com/apk/res-auto" ns2425:scale_top="787.5" xmlns:ns2426="http://schemas.android.com/apk/res-auto" ns2426:scale_width="925"/>
    </com.ssomai.android.scalablelayout.ScalableLayout>
</RelativeLayout>
